<?xml version="1.0" encoding="UTF-8"?>
<testsuite xmlns:xsi="http://www.w3.org/2001/XMLSchema-instance" xsi:noNamespaceSchemaLocation="https://maven.apache.org/surefire/maven-surefire-plugin/xsd/surefire-test-report-3.0.xsd" version="3.0" name="com.crudsystem.fuzz.ProductFuzzTest" time="0.064" tests="8" errors="0" skipped="0" failures="0">
  <properties>
[...]
</properties>
  <testcase name="fuzzTestVeryLongStrings" classname="com.crudsystem.fuzz.ProductFuzzTest" time="0.001">
    <system-err><![CDATA[[main] INFO com.crudsystem.dao.InMemoryProductDAO - Todos os produtos foram removidos
[main] INFO com.crudsystem.service.ProductService - ProductService inicializado
[main] INFO com.crudsystem.dao.InMemoryProductDAO - Produto criado com sucesso: ID=1
[main] INFO com.crudsystem.service.ProductService - Produto criado com sucesso: ID=1
]]></system-err>
  </testcase>
  <testcase name="fuzzTestRandomQuantityValues" classname="com.crudsystem.fuzz.ProductFuzzTest" time="0.002">
    <system-err><![CDATA[[main] INFO com.crudsystem.dao.InMemoryProductDAO - Todos os produtos foram removidos
[main] INFO com.crudsystem.service.ProductService - ProductService inicializado
[main] INFO com.crudsystem.dao.InMemoryProductDAO - Produto criado com sucesso: ID=1
[main] INFO com.crudsystem.service.ProductService - Produto criado com sucesso: ID=1
[main] INFO com.crudsystem.dao.InMemoryProductDAO - Produto criado com sucesso: ID=2
[main] INFO com.crudsystem.service.ProductService - Produto criado com sucesso: ID=2
[main] INFO com.crudsystem.dao.InMemoryProductDAO - Produto criado com sucesso: ID=3
[main] INFO com.crudsystem.service.ProductService - Produto criado com sucesso: ID=3
[main] INFO com.crudsystem.dao.InMemoryProductDAO - Produto criado com sucesso: ID=4
[main] INFO com.crudsystem.service.ProductService - Produto criado com sucesso: ID=4
[main] INFO com.crudsystem.dao.InMemoryProductDAO - Produto criado com sucesso: ID=5
[main] INFO com.crudsystem.service.ProductService - Produto criado com sucesso: ID=5
[main] INFO com.crudsystem.dao.InMemoryProductDAO - Produto criado com sucesso: ID=6
[main] INFO com.crudsystem.service.ProductService - Produto criado com sucesso: ID=6
[main] INFO com.crudsystem.dao.InMemoryProductDAO - Produto criado com sucesso: ID=7
[main] INFO com.crudsystem.service.ProductService - Produto criado com sucesso: ID=7
[main] INFO com.crudsystem.dao.InMemoryProductDAO - Produto criado com sucesso: ID=8
[main] INFO com.crudsystem.service.ProductService - Produto criado com sucesso: ID=8
[main] INFO com.crudsystem.dao.InMemoryProductDAO - Produto criado com sucesso: ID=9
[main] INFO com.crudsystem.service.ProductService - Produto criado com sucesso: ID=9
[main] INFO com.crudsystem.dao.InMemoryProductDAO - Produto criado com sucesso: ID=10
[main] INFO com.crudsystem.service.ProductService - Produto criado com sucesso: ID=10
[main] INFO com.crudsystem.dao.InMemoryProductDAO - Produto criado com sucesso: ID=11
[main] INFO com.crudsystem.service.ProductService - Produto criado com sucesso: ID=11
[main] INFO com.crudsystem.dao.InMemoryProductDAO - Produto criado com sucesso: ID=12
[main] INFO com.crudsystem.service.ProductService - Produto criado com sucesso: ID=12
[main] INFO com.crudsystem.dao.InMemoryProductDAO - Produto criado com sucesso: ID=13
[main] INFO com.crudsystem.service.ProductService - Produto criado com sucesso: ID=13
[main] INFO com.crudsystem.dao.InMemoryProductDAO - Produto criado com sucesso: ID=14
[main] INFO com.crudsystem.service.ProductService - Produto criado com sucesso: ID=14
[main] INFO com.crudsystem.dao.InMemoryProductDAO - Produto criado com sucesso: ID=15
[main] INFO com.crudsystem.service.ProductService - Produto criado com sucesso: ID=15
[main] INFO com.crudsystem.dao.InMemoryProductDAO - Produto criado com sucesso: ID=16
[main] INFO com.crudsystem.service.ProductService - Produto criado com sucesso: ID=16
[main] INFO com.crudsystem.dao.InMemoryProductDAO - Produto criado com sucesso: ID=17
[main] INFO com.crudsystem.service.ProductService - Produto criado com sucesso: ID=17
[main] INFO com.crudsystem.dao.InMemoryProductDAO - Produto criado com sucesso: ID=18
[main] INFO com.crudsystem.service.ProductService - Produto criado com sucesso: ID=18
[main] INFO com.crudsystem.dao.InMemoryProductDAO - Produto criado com sucesso: ID=19
[main] INFO com.crudsystem.service.ProductService - Produto criado com sucesso: ID=19
[main] INFO com.crudsystem.dao.InMemoryProductDAO - Produto criado com sucesso: ID=20
[main] INFO com.crudsystem.service.ProductService - Produto criado com sucesso: ID=20
[main] INFO com.crudsystem.dao.InMemoryProductDAO - Produto criado com sucesso: ID=21
[main] INFO com.crudsystem.service.ProductService - Produto criado com sucesso: ID=21
[main] INFO com.crudsystem.dao.InMemoryProductDAO - Produto criado com sucesso: ID=22
[main] INFO com.crudsystem.service.ProductService - Produto criado com sucesso: ID=22
[main] INFO com.crudsystem.dao.InMemoryProductDAO - Produto criado com sucesso: ID=23
[main] INFO com.crudsystem.service.ProductService - Produto criado com sucesso: ID=23
[main] INFO com.crudsystem.dao.InMemoryProductDAO - Produto criado com sucesso: ID=24
[main] INFO com.crudsystem.service.ProductService - Produto criado com sucesso: ID=24
[main] INFO com.crudsystem.dao.InMemoryProductDAO - Produto criado com sucesso: ID=25
[main] INFO com.crudsystem.service.ProductService - Produto criado com sucesso: ID=25
[main] INFO com.crudsystem.dao.InMemoryProductDAO - Produto criado com sucesso: ID=26
[main] INFO com.crudsystem.service.ProductService - Produto criado com sucesso: ID=26
[main] INFO com.crudsystem.dao.InMemoryProductDAO - Produto criado com sucesso: ID=27
[main] INFO com.crudsystem.service.ProductService - Produto criado com sucesso: ID=27
[main] INFO com.crudsystem.dao.InMemoryProductDAO - Produto criado com sucesso: ID=28
[main] INFO com.crudsystem.service.ProductService - Produto criado com sucesso: ID=28
[main] INFO com.crudsystem.dao.InMemoryProductDAO - Produto criado com sucesso: ID=29
[main] INFO com.crudsystem.service.ProductService - Produto criado com sucesso: ID=29
[main] INFO com.crudsystem.dao.InMemoryProductDAO - Produto criado com sucesso: ID=30
[main] INFO com.crudsystem.service.ProductService - Produto criado com sucesso: ID=30
[main] INFO com.crudsystem.dao.InMemoryProductDAO - Produto criado com sucesso: ID=31
[main] INFO com.crudsystem.service.ProductService - Produto criado com sucesso: ID=31
[main] INFO com.crudsystem.dao.InMemoryProductDAO - Produto criado com sucesso: ID=32
[main] INFO com.crudsystem.service.ProductService - Produto criado com sucesso: ID=32
[main] INFO com.crudsystem.dao.InMemoryProductDAO - Produto criado com sucesso: ID=33
[main] INFO com.crudsystem.service.ProductService - Produto criado com sucesso: ID=33
[main] INFO com.crudsystem.dao.InMemoryProductDAO - Produto criado com sucesso: ID=34
[main] INFO com.crudsystem.service.ProductService - Produto criado com sucesso: ID=34
[main] INFO com.crudsystem.dao.InMemoryProductDAO - Produto criado com sucesso: ID=35
[main] INFO com.crudsystem.service.ProductService - Produto criado com sucesso: ID=35
[main] INFO com.crudsystem.dao.InMemoryProductDAO - Produto criado com sucesso: ID=36
[main] INFO com.crudsystem.service.ProductService - Produto criado com sucesso: ID=36
[main] INFO com.crudsystem.dao.InMemoryProductDAO - Produto criado com sucesso: ID=37
[main] INFO com.crudsystem.service.ProductService - Produto criado com sucesso: ID=37
[main] INFO com.crudsystem.dao.InMemoryProductDAO - Produto criado com sucesso: ID=38
[main] INFO com.crudsystem.service.ProductService - Produto criado com sucesso: ID=38
[main] INFO com.crudsystem.dao.InMemoryProductDAO - Produto criado com sucesso: ID=39
[main] INFO com.crudsystem.service.ProductService - Produto criado com sucesso: ID=39
[main] INFO com.crudsystem.dao.InMemoryProductDAO - Produto criado com sucesso: ID=40
[main] INFO com.crudsystem.service.ProductService - Produto criado com sucesso: ID=40
[main] INFO com.crudsystem.dao.InMemoryProductDAO - Produto criado com sucesso: ID=41
[main] INFO com.crudsystem.service.ProductService - Produto criado com sucesso: ID=41
[main] INFO com.crudsystem.dao.InMemoryProductDAO - Produto criado com sucesso: ID=42
[main] INFO com.crudsystem.service.ProductService - Produto criado com sucesso: ID=42
[main] INFO com.crudsystem.dao.InMemoryProductDAO - Produto criado com sucesso: ID=43
[main] INFO com.crudsystem.service.ProductService - Produto criado com sucesso: ID=43
[main] INFO com.crudsystem.dao.InMemoryProductDAO - Produto criado com sucesso: ID=44
[main] INFO com.crudsystem.service.ProductService - Produto criado com sucesso: ID=44
[main] INFO com.crudsystem.dao.InMemoryProductDAO - Produto criado com sucesso: ID=45
[main] INFO com.crudsystem.service.ProductService - Produto criado com sucesso: ID=45
[main] INFO com.crudsystem.dao.InMemoryProductDAO - Produto criado com sucesso: ID=46
[main] INFO com.crudsystem.service.ProductService - Produto criado com sucesso: ID=46
[main] INFO com.crudsystem.dao.InMemoryProductDAO - Produto criado com sucesso: ID=47
[main] INFO com.crudsystem.service.ProductService - Produto criado com sucesso: ID=47
[main] INFO com.crudsystem.dao.InMemoryProductDAO - Produto criado com sucesso: ID=48
[main] INFO com.crudsystem.service.ProductService - Produto criado com sucesso: ID=48
[main] INFO com.crudsystem.dao.InMemoryProductDAO - Produto criado com sucesso: ID=49
[main] INFO com.crudsystem.service.ProductService - Produto criado com sucesso: ID=49
[main] INFO com.crudsystem.dao.InMemoryProductDAO - Produto criado com sucesso: ID=50
[main] INFO com.crudsystem.service.ProductService - Produto criado com sucesso: ID=50
[main] INFO com.crudsystem.dao.InMemoryProductDAO - Produto criado com sucesso: ID=51
[main] INFO com.crudsystem.service.ProductService - Produto criado com sucesso: ID=51
[main] INFO com.crudsystem.dao.InMemoryProductDAO - Produto criado com sucesso: ID=52
[main] INFO com.crudsystem.service.ProductService - Produto criado com sucesso: ID=52
[main] INFO com.crudsystem.dao.InMemoryProductDAO - Produto criado com sucesso: ID=53
[main] INFO com.crudsystem.service.ProductService - Produto criado com sucesso: ID=53
[main] INFO com.crudsystem.dao.InMemoryProductDAO - Produto criado com sucesso: ID=54
[main] INFO com.crudsystem.service.ProductService - Produto criado com sucesso: ID=54
[main] INFO com.crudsystem.dao.InMemoryProductDAO - Produto criado com sucesso: ID=55
[main] INFO com.crudsystem.service.ProductService - Produto criado com sucesso: ID=55
[main] INFO com.crudsystem.dao.InMemoryProductDAO - Produto criado com sucesso: ID=56
[main] INFO com.crudsystem.service.ProductService - Produto criado com sucesso: ID=56
[main] INFO com.crudsystem.dao.InMemoryProductDAO - Produto criado com sucesso: ID=57
[main] INFO com.crudsystem.service.ProductService - Produto criado com sucesso: ID=57
[main] INFO com.crudsystem.dao.InMemoryProductDAO - Produto criado com sucesso: ID=58
[main] INFO com.crudsystem.service.ProductService - Produto criado com sucesso: ID=58
[main] INFO com.crudsystem.dao.InMemoryProductDAO - Produto criado com sucesso: ID=59
[main] INFO com.crudsystem.service.ProductService - Produto criado com sucesso: ID=59
[main] INFO com.crudsystem.dao.InMemoryProductDAO - Produto criado com sucesso: ID=60
[main] INFO com.crudsystem.service.ProductService - Produto criado com sucesso: ID=60
[main] INFO com.crudsystem.dao.InMemoryProductDAO - Produto criado com sucesso: ID=61
[main] INFO com.crudsystem.service.ProductService - Produto criado com sucesso: ID=61
]]></system-err>
  </testcase>
  <testcase name="fuzzTestRandomPriceValues" classname="com.crudsystem.fuzz.ProductFuzzTest" time="0.006">
    <system-err><![CDATA[[main] INFO com.crudsystem.dao.InMemoryProductDAO - Todos os produtos foram removidos
[main] INFO com.crudsystem.service.ProductService - ProductService inicializado
[main] INFO com.crudsystem.dao.InMemoryProductDAO - Produto criado com sucesso: ID=1
[main] INFO com.crudsystem.service.ProductService - Produto criado com sucesso: ID=1
[main] INFO com.crudsystem.dao.InMemoryProductDAO - Produto criado com sucesso: ID=2
[main] INFO com.crudsystem.service.ProductService - Produto criado com sucesso: ID=2
[main] INFO com.crudsystem.dao.InMemoryProductDAO - Produto criado com sucesso: ID=3
[main] INFO com.crudsystem.service.ProductService - Produto criado com sucesso: ID=3
[main] INFO com.crudsystem.dao.InMemoryProductDAO - Produto criado com sucesso: ID=4
[main] INFO com.crudsystem.service.ProductService - Produto criado com sucesso: ID=4
[main] INFO com.crudsystem.dao.InMemoryProductDAO - Produto criado com sucesso: ID=5
[main] INFO com.crudsystem.service.ProductService - Produto criado com sucesso: ID=5
[main] INFO com.crudsystem.dao.InMemoryProductDAO - Produto criado com sucesso: ID=6
[main] INFO com.crudsystem.service.ProductService - Produto criado com sucesso: ID=6
[main] INFO com.crudsystem.dao.InMemoryProductDAO - Produto criado com sucesso: ID=7
[main] INFO com.crudsystem.service.ProductService - Produto criado com sucesso: ID=7
[main] INFO com.crudsystem.dao.InMemoryProductDAO - Produto criado com sucesso: ID=8
[main] INFO com.crudsystem.service.ProductService - Produto criado com sucesso: ID=8
[main] ERROR com.crudsystem.service.ProductService - Erro de validação ao criar produto: Preço não pode ter mais de 2 casas decimais
[main] INFO com.crudsystem.dao.InMemoryProductDAO - Produto criado com sucesso: ID=9
[main] INFO com.crudsystem.service.ProductService - Produto criado com sucesso: ID=9
[main] INFO com.crudsystem.dao.InMemoryProductDAO - Produto criado com sucesso: ID=10
[main] INFO com.crudsystem.service.ProductService - Produto criado com sucesso: ID=10
[main] INFO com.crudsystem.dao.InMemoryProductDAO - Produto criado com sucesso: ID=11
[main] INFO com.crudsystem.service.ProductService - Produto criado com sucesso: ID=11
[main] ERROR com.crudsystem.service.ProductService - Erro de validação ao criar produto: Preço não pode ter mais de 2 casas decimais
[main] ERROR com.crudsystem.service.ProductService - Erro de validação ao criar produto: Preço não pode ter mais de 2 casas decimais
[main] INFO com.crudsystem.dao.InMemoryProductDAO - Produto criado com sucesso: ID=12
[main] INFO com.crudsystem.service.ProductService - Produto criado com sucesso: ID=12
[main] INFO com.crudsystem.dao.InMemoryProductDAO - Produto criado com sucesso: ID=13
[main] INFO com.crudsystem.service.ProductService - Produto criado com sucesso: ID=13
[main] INFO com.crudsystem.dao.InMemoryProductDAO - Produto criado com sucesso: ID=14
[main] INFO com.crudsystem.service.ProductService - Produto criado com sucesso: ID=14
[main] INFO com.crudsystem.dao.InMemoryProductDAO - Produto criado com sucesso: ID=15
[main] INFO com.crudsystem.service.ProductService - Produto criado com sucesso: ID=15
[main] INFO com.crudsystem.dao.InMemoryProductDAO - Produto criado com sucesso: ID=16
[main] INFO com.crudsystem.service.ProductService - Produto criado com sucesso: ID=16
[main] INFO com.crudsystem.dao.InMemoryProductDAO - Produto criado com sucesso: ID=17
[main] INFO com.crudsystem.service.ProductService - Produto criado com sucesso: ID=17
[main] INFO com.crudsystem.dao.InMemoryProductDAO - Produto criado com sucesso: ID=18
[main] INFO com.crudsystem.service.ProductService - Produto criado com sucesso: ID=18
[main] INFO com.crudsystem.dao.InMemoryProductDAO - Produto criado com sucesso: ID=19
[main] INFO com.crudsystem.service.ProductService - Produto criado com sucesso: ID=19
[main] INFO com.crudsystem.dao.InMemoryProductDAO - Produto criado com sucesso: ID=20
[main] INFO com.crudsystem.service.ProductService - Produto criado com sucesso: ID=20
[main] INFO com.crudsystem.dao.InMemoryProductDAO - Produto criado com sucesso: ID=21
[main] INFO com.crudsystem.service.ProductService - Produto criado com sucesso: ID=21
[main] INFO com.crudsystem.dao.InMemoryProductDAO - Produto criado com sucesso: ID=22
[main] INFO com.crudsystem.service.ProductService - Produto criado com sucesso: ID=22
[main] INFO com.crudsystem.dao.InMemoryProductDAO - Produto criado com sucesso: ID=23
[main] INFO com.crudsystem.service.ProductService - Produto criado com sucesso: ID=23
[main] ERROR com.crudsystem.service.ProductService - Erro de validação ao criar produto: Preço não pode ter mais de 2 casas decimais
[main] INFO com.crudsystem.dao.InMemoryProductDAO - Produto criado com sucesso: ID=24
[main] INFO com.crudsystem.service.ProductService - Produto criado com sucesso: ID=24
[main] INFO com.crudsystem.dao.InMemoryProductDAO - Produto criado com sucesso: ID=25
[main] INFO com.crudsystem.service.ProductService - Produto criado com sucesso: ID=25
[main] INFO com.crudsystem.dao.InMemoryProductDAO - Produto criado com sucesso: ID=26
[main] INFO com.crudsystem.service.ProductService - Produto criado com sucesso: ID=26
[main] INFO com.crudsystem.dao.InMemoryProductDAO - Produto criado com sucesso: ID=27
[main] INFO com.crudsystem.service.ProductService - Produto criado com sucesso: ID=27
[main] INFO com.crudsystem.dao.InMemoryProductDAO - Produto criado com sucesso: ID=28
[main] INFO com.crudsystem.service.ProductService - Produto criado com sucesso: ID=28
[main] INFO com.crudsystem.dao.InMemoryProductDAO - Produto criado com sucesso: ID=29
[main] INFO com.crudsystem.service.ProductService - Produto criado com sucesso: ID=29
[main] INFO com.crudsystem.dao.InMemoryProductDAO - Produto criado com sucesso: ID=30
[main] INFO com.crudsystem.service.ProductService - Produto criado com sucesso: ID=30
[main] INFO com.crudsystem.dao.InMemoryProductDAO - Produto criado com sucesso: ID=31
[main] INFO com.crudsystem.service.ProductService - Produto criado com sucesso: ID=31
[main] INFO com.crudsystem.dao.InMemoryProductDAO - Produto criado com sucesso: ID=32
[main] INFO com.crudsystem.service.ProductService - Produto criado com sucesso: ID=32
[main] ERROR com.crudsystem.service.ProductService - Erro de validação ao criar produto: Preço não pode ter mais de 2 casas decimais
[main] INFO com.crudsystem.dao.InMemoryProductDAO - Produto criado com sucesso: ID=33
[main] INFO com.crudsystem.service.ProductService - Produto criado com sucesso: ID=33
[main] INFO com.crudsystem.dao.InMemoryProductDAO - Produto criado com sucesso: ID=34
[main] INFO com.crudsystem.service.ProductService - Produto criado com sucesso: ID=34
[main] INFO com.crudsystem.dao.InMemoryProductDAO - Produto criado com sucesso: ID=35
[main] INFO com.crudsystem.service.ProductService - Produto criado com sucesso: ID=35
[main] INFO com.crudsystem.dao.InMemoryProductDAO - Produto criado com sucesso: ID=36
[main] INFO com.crudsystem.service.ProductService - Produto criado com sucesso: ID=36
[main] INFO com.crudsystem.dao.InMemoryProductDAO - Produto criado com sucesso: ID=37
[main] INFO com.crudsystem.service.ProductService - Produto criado com sucesso: ID=37
[main] INFO com.crudsystem.dao.InMemoryProductDAO - Produto criado com sucesso: ID=38
[main] INFO com.crudsystem.service.ProductService - Produto criado com sucesso: ID=38
[main] INFO com.crudsystem.dao.InMemoryProductDAO - Produto criado com sucesso: ID=39
[main] INFO com.crudsystem.service.ProductService - Produto criado com sucesso: ID=39
[main] INFO com.crudsystem.dao.InMemoryProductDAO - Produto criado com sucesso: ID=40
[main] INFO com.crudsystem.service.ProductService - Produto criado com sucesso: ID=40
[main] INFO com.crudsystem.dao.InMemoryProductDAO - Produto criado com sucesso: ID=41
[main] INFO com.crudsystem.service.ProductService - Produto criado com sucesso: ID=41
[main] INFO com.crudsystem.dao.InMemoryProductDAO - Produto criado com sucesso: ID=42
[main] INFO com.crudsystem.service.ProductService - Produto criado com sucesso: ID=42
[main] INFO com.crudsystem.dao.InMemoryProductDAO - Produto criado com sucesso: ID=43
[main] INFO com.crudsystem.service.ProductService - Produto criado com sucesso: ID=43
[main] INFO com.crudsystem.dao.InMemoryProductDAO - Produto criado com sucesso: ID=44
[main] INFO com.crudsystem.service.ProductService - Produto criado com sucesso: ID=44
[main] INFO com.crudsystem.dao.InMemoryProductDAO - Produto criado com sucesso: ID=45
[main] INFO com.crudsystem.service.ProductService - Produto criado com sucesso: ID=45
[main] INFO com.crudsystem.dao.InMemoryProductDAO - Produto criado com sucesso: ID=46
[main] INFO com.crudsystem.service.ProductService - Produto criado com sucesso: ID=46
[main] INFO com.crudsystem.dao.InMemoryProductDAO - Produto criado com sucesso: ID=47
[main] INFO com.crudsystem.service.ProductService - Produto criado com sucesso: ID=47
[main] INFO com.crudsystem.dao.InMemoryProductDAO - Produto criado com sucesso: ID=48
[main] INFO com.crudsystem.service.ProductService - Produto criado com sucesso: ID=48
[main] INFO com.crudsystem.dao.InMemoryProductDAO - Produto criado com sucesso: ID=49
[main] INFO com.crudsystem.service.ProductService - Produto criado com sucesso: ID=49
[main] INFO com.crudsystem.dao.InMemoryProductDAO - Produto criado com sucesso: ID=50
[main] INFO com.crudsystem.service.ProductService - Produto criado com sucesso: ID=50
[main] INFO com.crudsystem.dao.InMemoryProductDAO - Produto criado com sucesso: ID=51
[main] INFO com.crudsystem.service.ProductService - Produto criado com sucesso: ID=51
[main] INFO com.crudsystem.dao.InMemoryProductDAO - Produto criado com sucesso: ID=52
[main] INFO com.crudsystem.service.ProductService - Produto criado com sucesso: ID=52
[main] INFO com.crudsystem.dao.InMemoryProductDAO - Produto criado com sucesso: ID=53
[main] INFO com.crudsystem.service.ProductService - Produto criado com sucesso: ID=53
[main] INFO com.crudsystem.dao.InMemoryProductDAO - Produto criado com sucesso: ID=54
[main] INFO com.crudsystem.service.ProductService - Produto criado com sucesso: ID=54
[main] INFO com.crudsystem.dao.InMemoryProductDAO - Produto criado com sucesso: ID=55
[main] INFO com.crudsystem.service.ProductService - Produto criado com sucesso: ID=55
[main] INFO com.crudsystem.dao.InMemoryProductDAO - Produto criado com sucesso: ID=56
[main] INFO com.crudsystem.service.ProductService - Produto criado com sucesso: ID=56
[main] INFO com.crudsystem.dao.InMemoryProductDAO - Produto criado com sucesso: ID=57
[main] INFO com.crudsystem.service.ProductService - Produto criado com sucesso: ID=57
[main] INFO com.crudsystem.dao.InMemoryProductDAO - Produto criado com sucesso: ID=58
[main] INFO com.crudsystem.service.ProductService - Produto criado com sucesso: ID=58
[main] INFO com.crudsystem.dao.InMemoryProductDAO - Produto criado com sucesso: ID=59
[main] INFO com.crudsystem.service.ProductService - Produto criado com sucesso: ID=59
[main] INFO com.crudsystem.dao.InMemoryProductDAO - Produto criado com sucesso: ID=60
[main] INFO com.crudsystem.service.ProductService - Produto criado com sucesso: ID=60
[main] INFO com.crudsystem.dao.InMemoryProductDAO - Produto criado com sucesso: ID=61
[main] INFO com.crudsystem.service.ProductService - Produto criado com sucesso: ID=61
[main] INFO com.crudsystem.dao.InMemoryProductDAO - Produto criado com sucesso: ID=62
[main] INFO com.crudsystem.service.ProductService - Produto criado com sucesso: ID=62
[main] INFO com.crudsystem.dao.InMemoryProductDAO - Produto criado com sucesso: ID=63
[main] INFO com.crudsystem.service.ProductService - Produto criado com sucesso: ID=63
[main] INFO com.crudsystem.dao.InMemoryProductDAO - Produto criado com sucesso: ID=64
[main] INFO com.crudsystem.service.ProductService - Produto criado com sucesso: ID=64
[main] INFO com.crudsystem.dao.InMemoryProductDAO - Produto criado com sucesso: ID=65
[main] INFO com.crudsystem.service.ProductService - Produto criado com sucesso: ID=65
[main] INFO com.crudsystem.dao.InMemoryProductDAO - Produto criado com sucesso: ID=66
[main] INFO com.crudsystem.service.ProductService - Produto criado com sucesso: ID=66
]]></system-err>
  </testcase>
  <testcase name="fuzzTestRapidRepeatedOperations" classname="com.crudsystem.fuzz.ProductFuzzTest" time="0.025">
    <system-err><![CDATA[[main] INFO com.crudsystem.dao.InMemoryProductDAO - Todos os produtos foram removidos
[main] INFO com.crudsystem.service.ProductService - ProductService inicializado
[main] INFO com.crudsystem.dao.InMemoryProductDAO - Produto criado com sucesso: ID=1
[main] INFO com.crudsystem.service.ProductService - Produto criado com sucesso: ID=1
[main] INFO com.crudsystem.dao.InMemoryProductDAO - Produto criado com sucesso: ID=2
[main] INFO com.crudsystem.service.ProductService - Produto criado com sucesso: ID=2
[main] INFO com.crudsystem.dao.InMemoryProductDAO - Produto criado com sucesso: ID=3
[main] INFO com.crudsystem.service.ProductService - Produto criado com sucesso: ID=3
[main] INFO com.crudsystem.dao.InMemoryProductDAO - Produto criado com sucesso: ID=4
[main] INFO com.crudsystem.service.ProductService - Produto criado com sucesso: ID=4
[main] INFO com.crudsystem.dao.InMemoryProductDAO - Produto criado com sucesso: ID=5
[main] INFO com.crudsystem.service.ProductService - Produto criado com sucesso: ID=5
[main] INFO com.crudsystem.dao.InMemoryProductDAO - Produto criado com sucesso: ID=6
[main] INFO com.crudsystem.service.ProductService - Produto criado com sucesso: ID=6
[main] INFO com.crudsystem.dao.InMemoryProductDAO - Produto criado com sucesso: ID=7
[main] INFO com.crudsystem.service.ProductService - Produto criado com sucesso: ID=7
[main] INFO com.crudsystem.dao.InMemoryProductDAO - Produto criado com sucesso: ID=8
[main] INFO com.crudsystem.service.ProductService - Produto criado com sucesso: ID=8
[main] INFO com.crudsystem.dao.InMemoryProductDAO - Produto criado com sucesso: ID=9
[main] INFO com.crudsystem.service.ProductService - Produto criado com sucesso: ID=9
[main] INFO com.crudsystem.dao.InMemoryProductDAO - Produto criado com sucesso: ID=10
[main] INFO com.crudsystem.service.ProductService - Produto criado com sucesso: ID=10
[main] INFO com.crudsystem.dao.InMemoryProductDAO - Produto criado com sucesso: ID=11
[main] INFO com.crudsystem.service.ProductService - Produto criado com sucesso: ID=11
[main] INFO com.crudsystem.dao.InMemoryProductDAO - Produto criado com sucesso: ID=12
[main] INFO com.crudsystem.service.ProductService - Produto criado com sucesso: ID=12
[main] INFO com.crudsystem.dao.InMemoryProductDAO - Produto criado com sucesso: ID=13
[main] INFO com.crudsystem.service.ProductService - Produto criado com sucesso: ID=13
[main] INFO com.crudsystem.dao.InMemoryProductDAO - Produto criado com sucesso: ID=14
[main] INFO com.crudsystem.service.ProductService - Produto criado com sucesso: ID=14
[main] INFO com.crudsystem.dao.InMemoryProductDAO - Produto criado com sucesso: ID=15
[main] INFO com.crudsystem.service.ProductService - Produto criado com sucesso: ID=15
[main] INFO com.crudsystem.dao.InMemoryProductDAO - Produto criado com sucesso: ID=16
[main] INFO com.crudsystem.service.ProductService - Produto criado com sucesso: ID=16
[main] INFO com.crudsystem.dao.InMemoryProductDAO - Produto criado com sucesso: ID=17
[main] INFO com.crudsystem.service.ProductService - Produto criado com sucesso: ID=17
[main] INFO com.crudsystem.dao.InMemoryProductDAO - Produto criado com sucesso: ID=18
[main] INFO com.crudsystem.service.ProductService - Produto criado com sucesso: ID=18
[main] INFO com.crudsystem.dao.InMemoryProductDAO - Produto criado com sucesso: ID=19
[main] INFO com.crudsystem.service.ProductService - Produto criado com sucesso: ID=19
[main] INFO com.crudsystem.dao.InMemoryProductDAO - Produto criado com sucesso: ID=20
[main] INFO com.crudsystem.service.ProductService - Produto criado com sucesso: ID=20
[main] INFO com.crudsystem.dao.InMemoryProductDAO - Produto criado com sucesso: ID=21
[main] INFO com.crudsystem.service.ProductService - Produto criado com sucesso: ID=21
[main] INFO com.crudsystem.dao.InMemoryProductDAO - Produto criado com sucesso: ID=22
[main] INFO com.crudsystem.service.ProductService - Produto criado com sucesso: ID=22
[main] INFO com.crudsystem.dao.InMemoryProductDAO - Produto criado com sucesso: ID=23
[main] INFO com.crudsystem.service.ProductService - Produto criado com sucesso: ID=23
[main] INFO com.crudsystem.dao.InMemoryProductDAO - Produto criado com sucesso: ID=24
[main] INFO com.crudsystem.service.ProductService - Produto criado com sucesso: ID=24
[main] INFO com.crudsystem.dao.InMemoryProductDAO - Produto criado com sucesso: ID=25
[main] INFO com.crudsystem.service.ProductService - Produto criado com sucesso: ID=25
[main] INFO com.crudsystem.dao.InMemoryProductDAO - Produto criado com sucesso: ID=26
[main] INFO com.crudsystem.service.ProductService - Produto criado com sucesso: ID=26
[main] INFO com.crudsystem.dao.InMemoryProductDAO - Produto criado com sucesso: ID=27
[main] INFO com.crudsystem.service.ProductService - Produto criado com sucesso: ID=27
[main] INFO com.crudsystem.dao.InMemoryProductDAO - Produto criado com sucesso: ID=28
[main] INFO com.crudsystem.service.ProductService - Produto criado com sucesso: ID=28
[main] INFO com.crudsystem.dao.InMemoryProductDAO - Produto criado com sucesso: ID=29
[main] INFO com.crudsystem.service.ProductService - Produto criado com sucesso: ID=29
[main] INFO com.crudsystem.dao.InMemoryProductDAO - Produto criado com sucesso: ID=30
[main] INFO com.crudsystem.service.ProductService - Produto criado com sucesso: ID=30
[main] INFO com.crudsystem.dao.InMemoryProductDAO - Produto criado com sucesso: ID=31
[main] INFO com.crudsystem.service.ProductService - Produto criado com sucesso: ID=31
[main] INFO com.crudsystem.dao.InMemoryProductDAO - Produto criado com sucesso: ID=32
[main] INFO com.crudsystem.service.ProductService - Produto criado com sucesso: ID=32
[main] INFO com.crudsystem.dao.InMemoryProductDAO - Produto criado com sucesso: ID=33
[main] INFO com.crudsystem.service.ProductService - Produto criado com sucesso: ID=33
[main] INFO com.crudsystem.dao.InMemoryProductDAO - Produto criado com sucesso: ID=34
[main] INFO com.crudsystem.service.ProductService - Produto criado com sucesso: ID=34
[main] INFO com.crudsystem.dao.InMemoryProductDAO - Produto criado com sucesso: ID=35
[main] INFO com.crudsystem.service.ProductService - Produto criado com sucesso: ID=35
[main] INFO com.crudsystem.dao.InMemoryProductDAO - Produto criado com sucesso: ID=36
[main] INFO com.crudsystem.service.ProductService - Produto criado com sucesso: ID=36
[main] INFO com.crudsystem.dao.InMemoryProductDAO - Produto criado com sucesso: ID=37
[main] INFO com.crudsystem.service.ProductService - Produto criado com sucesso: ID=37
[main] INFO com.crudsystem.dao.InMemoryProductDAO - Produto criado com sucesso: ID=38
[main] INFO com.crudsystem.service.ProductService - Produto criado com sucesso: ID=38
[main] INFO com.crudsystem.dao.InMemoryProductDAO - Produto criado com sucesso: ID=39
[main] INFO com.crudsystem.service.ProductService - Produto criado com sucesso: ID=39
[main] INFO com.crudsystem.dao.InMemoryProductDAO - Produto criado com sucesso: ID=40
[main] INFO com.crudsystem.service.ProductService - Produto criado com sucesso: ID=40
[main] INFO com.crudsystem.dao.InMemoryProductDAO - Produto criado com sucesso: ID=41
[main] INFO com.crudsystem.service.ProductService - Produto criado com sucesso: ID=41
[main] INFO com.crudsystem.dao.InMemoryProductDAO - Produto criado com sucesso: ID=42
[main] INFO com.crudsystem.service.ProductService - Produto criado com sucesso: ID=42
[main] INFO com.crudsystem.dao.InMemoryProductDAO - Produto criado com sucesso: ID=43
[main] INFO com.crudsystem.service.ProductService - Produto criado com sucesso: ID=43
[main] INFO com.crudsystem.dao.InMemoryProductDAO - Produto criado com sucesso: ID=44
[main] INFO com.crudsystem.service.ProductService - Produto criado com sucesso: ID=44
[main] INFO com.crudsystem.dao.InMemoryProductDAO - Produto criado com sucesso: ID=45
[main] INFO com.crudsystem.service.ProductService - Produto criado com sucesso: ID=45
[main] INFO com.crudsystem.dao.InMemoryProductDAO - Produto criado com sucesso: ID=46
[main] INFO com.crudsystem.service.ProductService - Produto criado com sucesso: ID=46
[main] INFO com.crudsystem.dao.InMemoryProductDAO - Produto criado com sucesso: ID=47
[main] INFO com.crudsystem.service.ProductService - Produto criado com sucesso: ID=47
[main] INFO com.crudsystem.dao.InMemoryProductDAO - Produto criado com sucesso: ID=48
[main] INFO com.crudsystem.service.ProductService - Produto criado com sucesso: ID=48
[main] INFO com.crudsystem.dao.InMemoryProductDAO - Produto criado com sucesso: ID=49
[main] INFO com.crudsystem.service.ProductService - Produto criado com sucesso: ID=49
[main] INFO com.crudsystem.dao.InMemoryProductDAO - Produto criado com sucesso: ID=50
[main] INFO com.crudsystem.service.ProductService - Produto criado com sucesso: ID=50
[main] INFO com.crudsystem.dao.InMemoryProductDAO - Produto criado com sucesso: ID=51
[main] INFO com.crudsystem.service.ProductService - Produto criado com sucesso: ID=51
[main] INFO com.crudsystem.dao.InMemoryProductDAO - Produto criado com sucesso: ID=52
[main] INFO com.crudsystem.service.ProductService - Produto criado com sucesso: ID=52
[main] INFO com.crudsystem.dao.InMemoryProductDAO - Produto criado com sucesso: ID=53
[main] INFO com.crudsystem.service.ProductService - Produto criado com sucesso: ID=53
[main] INFO com.crudsystem.dao.InMemoryProductDAO - Produto criado com sucesso: ID=54
[main] INFO com.crudsystem.service.ProductService - Produto criado com sucesso: ID=54
[main] INFO com.crudsystem.dao.InMemoryProductDAO - Produto criado com sucesso: ID=55
[main] INFO com.crudsystem.service.ProductService - Produto criado com sucesso: ID=55
[main] INFO com.crudsystem.dao.InMemoryProductDAO - Produto criado com sucesso: ID=56
[main] INFO com.crudsystem.service.ProductService - Produto criado com sucesso: ID=56
[main] INFO com.crudsystem.dao.InMemoryProductDAO - Produto criado com sucesso: ID=57
[main] INFO com.crudsystem.service.ProductService - Produto criado com sucesso: ID=57
[main] INFO com.crudsystem.dao.InMemoryProductDAO - Produto criado com sucesso: ID=58
[main] INFO com.crudsystem.service.ProductService - Produto criado com sucesso: ID=58
[main] INFO com.crudsystem.dao.InMemoryProductDAO - Produto criado com sucesso: ID=59
[main] INFO com.crudsystem.service.ProductService - Produto criado com sucesso: ID=59
[main] INFO com.crudsystem.dao.InMemoryProductDAO - Produto criado com sucesso: ID=60
[main] INFO com.crudsystem.service.ProductService - Produto criado com sucesso: ID=60
[main] INFO com.crudsystem.dao.InMemoryProductDAO - Produto criado com sucesso: ID=61
[main] INFO com.crudsystem.service.ProductService - Produto criado com sucesso: ID=61
[main] INFO com.crudsystem.dao.InMemoryProductDAO - Produto criado com sucesso: ID=62
[main] INFO com.crudsystem.service.ProductService - Produto criado com sucesso: ID=62
[main] INFO com.crudsystem.dao.InMemoryProductDAO - Produto criado com sucesso: ID=63
[main] INFO com.crudsystem.service.ProductService - Produto criado com sucesso: ID=63
[main] INFO com.crudsystem.dao.InMemoryProductDAO - Produto criado com sucesso: ID=64
[main] INFO com.crudsystem.service.ProductService - Produto criado com sucesso: ID=64
[main] INFO com.crudsystem.dao.InMemoryProductDAO - Produto criado com sucesso: ID=65
[main] INFO com.crudsystem.service.ProductService - Produto criado com sucesso: ID=65
[main] INFO com.crudsystem.dao.InMemoryProductDAO - Produto criado com sucesso: ID=66
[main] INFO com.crudsystem.service.ProductService - Produto criado com sucesso: ID=66
[main] INFO com.crudsystem.dao.InMemoryProductDAO - Produto criado com sucesso: ID=67
[main] INFO com.crudsystem.service.ProductService - Produto criado com sucesso: ID=67
[main] INFO com.crudsystem.dao.InMemoryProductDAO - Produto criado com sucesso: ID=68
[main] INFO com.crudsystem.service.ProductService - Produto criado com sucesso: ID=68
[main] INFO com.crudsystem.dao.InMemoryProductDAO - Produto criado com sucesso: ID=69
[main] INFO com.crudsystem.service.ProductService - Produto criado com sucesso: ID=69
[main] INFO com.crudsystem.dao.InMemoryProductDAO - Produto criado com sucesso: ID=70
[main] INFO com.crudsystem.service.ProductService - Produto criado com sucesso: ID=70
[main] INFO com.crudsystem.dao.InMemoryProductDAO - Produto criado com sucesso: ID=71
[main] INFO com.crudsystem.service.ProductService - Produto criado com sucesso: ID=71
[main] INFO com.crudsystem.dao.InMemoryProductDAO - Produto criado com sucesso: ID=72
[main] INFO com.crudsystem.service.ProductService - Produto criado com sucesso: ID=72
[main] INFO com.crudsystem.dao.InMemoryProductDAO - Produto criado com sucesso: ID=73
[main] INFO com.crudsystem.service.ProductService - Produto criado com sucesso: ID=73
[main] INFO com.crudsystem.dao.InMemoryProductDAO - Produto criado com sucesso: ID=74
[main] INFO com.crudsystem.service.ProductService - Produto criado com sucesso: ID=74
[main] INFO com.crudsystem.dao.InMemoryProductDAO - Produto criado com sucesso: ID=75
[main] INFO com.crudsystem.service.ProductService - Produto criado com sucesso: ID=75
[main] INFO com.crudsystem.dao.InMemoryProductDAO - Produto criado com sucesso: ID=76
[main] INFO com.crudsystem.service.ProductService - Produto criado com sucesso: ID=76
[main] INFO com.crudsystem.dao.InMemoryProductDAO - Produto criado com sucesso: ID=77
[main] INFO com.crudsystem.service.ProductService - Produto criado com sucesso: ID=77
[main] INFO com.crudsystem.dao.InMemoryProductDAO - Produto criado com sucesso: ID=78
[main] INFO com.crudsystem.service.ProductService - Produto criado com sucesso: ID=78
[main] INFO com.crudsystem.dao.InMemoryProductDAO - Produto criado com sucesso: ID=79
[main] INFO com.crudsystem.service.ProductService - Produto criado com sucesso: ID=79
[main] INFO com.crudsystem.dao.InMemoryProductDAO - Produto criado com sucesso: ID=80
[main] INFO com.crudsystem.service.ProductService - Produto criado com sucesso: ID=80
[main] INFO com.crudsystem.dao.InMemoryProductDAO - Produto criado com sucesso: ID=81
[main] INFO com.crudsystem.service.ProductService - Produto criado com sucesso: ID=81
[main] INFO com.crudsystem.dao.InMemoryProductDAO - Produto criado com sucesso: ID=82
[main] INFO com.crudsystem.service.ProductService - Produto criado com sucesso: ID=82
[main] INFO com.crudsystem.dao.InMemoryProductDAO - Produto criado com sucesso: ID=83
[main] INFO com.crudsystem.service.ProductService - Produto criado com sucesso: ID=83
[main] INFO com.crudsystem.dao.InMemoryProductDAO - Produto criado com sucesso: ID=84
[main] INFO com.crudsystem.service.ProductService - Produto criado com sucesso: ID=84
[main] INFO com.crudsystem.dao.InMemoryProductDAO - Produto criado com sucesso: ID=85
[main] INFO com.crudsystem.service.ProductService - Produto criado com sucesso: ID=85
[main] INFO com.crudsystem.dao.InMemoryProductDAO - Produto criado com sucesso: ID=86
[main] INFO com.crudsystem.service.ProductService - Produto criado com sucesso: ID=86
[main] INFO com.crudsystem.dao.InMemoryProductDAO - Produto criado com sucesso: ID=87
[main] INFO com.crudsystem.service.ProductService - Produto criado com sucesso: ID=87
[main] INFO com.crudsystem.dao.InMemoryProductDAO - Produto criado com sucesso: ID=88
[main] INFO com.crudsystem.service.ProductService - Produto criado com sucesso: ID=88
[main] INFO com.crudsystem.dao.InMemoryProductDAO - Produto criado com sucesso: ID=89
[main] INFO com.crudsystem.service.ProductService - Produto criado com sucesso: ID=89
[main] INFO com.crudsystem.dao.InMemoryProductDAO - Produto criado com sucesso: ID=90
[main] INFO com.crudsystem.service.ProductService - Produto criado com sucesso: ID=90
[main] INFO com.crudsystem.dao.InMemoryProductDAO - Produto criado com sucesso: ID=91
[main] INFO com.crudsystem.service.ProductService - Produto criado com sucesso: ID=91
[main] INFO com.crudsystem.dao.InMemoryProductDAO - Produto criado com sucesso: ID=92
[main] INFO com.crudsystem.service.ProductService - Produto criado com sucesso: ID=92
[main] INFO com.crudsystem.dao.InMemoryProductDAO - Produto criado com sucesso: ID=93
[main] INFO com.crudsystem.service.ProductService - Produto criado com sucesso: ID=93
[main] INFO com.crudsystem.dao.InMemoryProductDAO - Produto criado com sucesso: ID=94
[main] INFO com.crudsystem.service.ProductService - Produto criado com sucesso: ID=94
[main] INFO com.crudsystem.dao.InMemoryProductDAO - Produto criado com sucesso: ID=95
[main] INFO com.crudsystem.service.ProductService - Produto criado com sucesso: ID=95
[main] INFO com.crudsystem.dao.InMemoryProductDAO - Produto criado com sucesso: ID=96
[main] INFO com.crudsystem.service.ProductService - Produto criado com sucesso: ID=96
[main] INFO com.crudsystem.dao.InMemoryProductDAO - Produto criado com sucesso: ID=97
[main] INFO com.crudsystem.service.ProductService - Produto criado com sucesso: ID=97
[main] INFO com.crudsystem.dao.InMemoryProductDAO - Produto criado com sucesso: ID=98
[main] INFO com.crudsystem.service.ProductService - Produto criado com sucesso: ID=98
[main] INFO com.crudsystem.dao.InMemoryProductDAO - Produto criado com sucesso: ID=99
[main] INFO com.crudsystem.service.ProductService - Produto criado com sucesso: ID=99
[main] INFO com.crudsystem.dao.InMemoryProductDAO - Produto criado com sucesso: ID=100
[main] INFO com.crudsystem.service.ProductService - Produto criado com sucesso: ID=100
[main] INFO com.crudsystem.dao.InMemoryProductDAO - Produto criado com sucesso: ID=101
[main] INFO com.crudsystem.service.ProductService - Produto criado com sucesso: ID=101
[main] INFO com.crudsystem.dao.InMemoryProductDAO - Produto criado com sucesso: ID=102
[main] INFO com.crudsystem.service.ProductService - Produto criado com sucesso: ID=102
[main] INFO com.crudsystem.dao.InMemoryProductDAO - Produto criado com sucesso: ID=103
[main] INFO com.crudsystem.service.ProductService - Produto criado com sucesso: ID=103
[main] INFO com.crudsystem.dao.InMemoryProductDAO - Produto criado com sucesso: ID=104
[main] INFO com.crudsystem.service.ProductService - Produto criado com sucesso: ID=104
[main] INFO com.crudsystem.dao.InMemoryProductDAO - Produto criado com sucesso: ID=105
[main] INFO com.crudsystem.service.ProductService - Produto criado com sucesso: ID=105
[main] INFO com.crudsystem.dao.InMemoryProductDAO - Produto criado com sucesso: ID=106
[main] INFO com.crudsystem.service.ProductService - Produto criado com sucesso: ID=106
[main] INFO com.crudsystem.dao.InMemoryProductDAO - Produto criado com sucesso: ID=107
[main] INFO com.crudsystem.service.ProductService - Produto criado com sucesso: ID=107
[main] INFO com.crudsystem.dao.InMemoryProductDAO - Produto criado com sucesso: ID=108
[main] INFO com.crudsystem.service.ProductService - Produto criado com sucesso: ID=108
[main] INFO com.crudsystem.dao.InMemoryProductDAO - Produto criado com sucesso: ID=109
[main] INFO com.crudsystem.service.ProductService - Produto criado com sucesso: ID=109
[main] INFO com.crudsystem.dao.InMemoryProductDAO - Produto criado com sucesso: ID=110
[main] INFO com.crudsystem.service.ProductService - Produto criado com sucesso: ID=110
[main] INFO com.crudsystem.dao.InMemoryProductDAO - Produto criado com sucesso: ID=111
[main] INFO com.crudsystem.service.ProductService - Produto criado com sucesso: ID=111
[main] INFO com.crudsystem.dao.InMemoryProductDAO - Produto criado com sucesso: ID=112
[main] INFO com.crudsystem.service.ProductService - Produto criado com sucesso: ID=112
[main] INFO com.crudsystem.dao.InMemoryProductDAO - Produto criado com sucesso: ID=113
[main] INFO com.crudsystem.service.ProductService - Produto criado com sucesso: ID=113
[main] INFO com.crudsystem.dao.InMemoryProductDAO - Produto criado com sucesso: ID=114
[main] INFO com.crudsystem.service.ProductService - Produto criado com sucesso: ID=114
[main] INFO com.crudsystem.dao.InMemoryProductDAO - Produto criado com sucesso: ID=115
[main] INFO com.crudsystem.service.ProductService - Produto criado com sucesso: ID=115
[main] INFO com.crudsystem.dao.InMemoryProductDAO - Produto criado com sucesso: ID=116
[main] INFO com.crudsystem.service.ProductService - Produto criado com sucesso: ID=116
[main] INFO com.crudsystem.dao.InMemoryProductDAO - Produto criado com sucesso: ID=117
[main] INFO com.crudsystem.service.ProductService - Produto criado com sucesso: ID=117
[main] INFO com.crudsystem.dao.InMemoryProductDAO - Produto criado com sucesso: ID=118
[main] INFO com.crudsystem.service.ProductService - Produto criado com sucesso: ID=118
[main] INFO com.crudsystem.dao.InMemoryProductDAO - Produto criado com sucesso: ID=119
[main] INFO com.crudsystem.service.ProductService - Produto criado com sucesso: ID=119
[main] INFO com.crudsystem.dao.InMemoryProductDAO - Produto criado com sucesso: ID=120
[main] INFO com.crudsystem.service.ProductService - Produto criado com sucesso: ID=120
[main] INFO com.crudsystem.dao.InMemoryProductDAO - Produto criado com sucesso: ID=121
[main] INFO com.crudsystem.service.ProductService - Produto criado com sucesso: ID=121
[main] INFO com.crudsystem.dao.InMemoryProductDAO - Produto criado com sucesso: ID=122
[main] INFO com.crudsystem.service.ProductService - Produto criado com sucesso: ID=122
[main] INFO com.crudsystem.dao.InMemoryProductDAO - Produto criado com sucesso: ID=123
[main] INFO com.crudsystem.service.ProductService - Produto criado com sucesso: ID=123
[main] INFO com.crudsystem.dao.InMemoryProductDAO - Produto criado com sucesso: ID=124
[main] INFO com.crudsystem.service.ProductService - Produto criado com sucesso: ID=124
[main] INFO com.crudsystem.dao.InMemoryProductDAO - Produto criado com sucesso: ID=125
[main] INFO com.crudsystem.service.ProductService - Produto criado com sucesso: ID=125
[main] INFO com.crudsystem.dao.InMemoryProductDAO - Produto criado com sucesso: ID=126
[main] INFO com.crudsystem.service.ProductService - Produto criado com sucesso: ID=126
[main] INFO com.crudsystem.dao.InMemoryProductDAO - Produto criado com sucesso: ID=127
[main] INFO com.crudsystem.service.ProductService - Produto criado com sucesso: ID=127
[main] INFO com.crudsystem.dao.InMemoryProductDAO - Produto criado com sucesso: ID=128
[main] INFO com.crudsystem.service.ProductService - Produto criado com sucesso: ID=128
[main] INFO com.crudsystem.dao.InMemoryProductDAO - Produto criado com sucesso: ID=129
[main] INFO com.crudsystem.service.ProductService - Produto criado com sucesso: ID=129
[main] INFO com.crudsystem.dao.InMemoryProductDAO - Produto criado com sucesso: ID=130
[main] INFO com.crudsystem.service.ProductService - Produto criado com sucesso: ID=130
[main] INFO com.crudsystem.dao.InMemoryProductDAO - Produto criado com sucesso: ID=131
[main] INFO com.crudsystem.service.ProductService - Produto criado com sucesso: ID=131
[main] INFO com.crudsystem.dao.InMemoryProductDAO - Produto criado com sucesso: ID=132
[main] INFO com.crudsystem.service.ProductService - Produto criado com sucesso: ID=132
[main] INFO com.crudsystem.dao.InMemoryProductDAO - Produto criado com sucesso: ID=133
[main] INFO com.crudsystem.service.ProductService - Produto criado com sucesso: ID=133
[main] INFO com.crudsystem.dao.InMemoryProductDAO - Produto criado com sucesso: ID=134
[main] INFO com.crudsystem.service.ProductService - Produto criado com sucesso: ID=134
[main] INFO com.crudsystem.dao.InMemoryProductDAO - Produto criado com sucesso: ID=135
[main] INFO com.crudsystem.service.ProductService - Produto criado com sucesso: ID=135
[main] INFO com.crudsystem.dao.InMemoryProductDAO - Produto criado com sucesso: ID=136
[main] INFO com.crudsystem.service.ProductService - Produto criado com sucesso: ID=136
[main] INFO com.crudsystem.dao.InMemoryProductDAO - Produto criado com sucesso: ID=137
[main] INFO com.crudsystem.service.ProductService - Produto criado com sucesso: ID=137
[main] INFO com.crudsystem.dao.InMemoryProductDAO - Produto criado com sucesso: ID=138
[main] INFO com.crudsystem.service.ProductService - Produto criado com sucesso: ID=138
[main] INFO com.crudsystem.dao.InMemoryProductDAO - Produto criado com sucesso: ID=139
[main] INFO com.crudsystem.service.ProductService - Produto criado com sucesso: ID=139
[main] INFO com.crudsystem.dao.InMemoryProductDAO - Produto criado com sucesso: ID=140
[main] INFO com.crudsystem.service.ProductService - Produto criado com sucesso: ID=140
[main] INFO com.crudsystem.dao.InMemoryProductDAO - Produto criado com sucesso: ID=141
[main] INFO com.crudsystem.service.ProductService - Produto criado com sucesso: ID=141
[main] INFO com.crudsystem.dao.InMemoryProductDAO - Produto criado com sucesso: ID=142
[main] INFO com.crudsystem.service.ProductService - Produto criado com sucesso: ID=142
[main] INFO com.crudsystem.dao.InMemoryProductDAO - Produto criado com sucesso: ID=143
[main] INFO com.crudsystem.service.ProductService - Produto criado com sucesso: ID=143
[main] INFO com.crudsystem.dao.InMemoryProductDAO - Produto criado com sucesso: ID=144
[main] INFO com.crudsystem.service.ProductService - Produto criado com sucesso: ID=144
[main] INFO com.crudsystem.dao.InMemoryProductDAO - Produto criado com sucesso: ID=145
[main] INFO com.crudsystem.service.ProductService - Produto criado com sucesso: ID=145
[main] INFO com.crudsystem.dao.InMemoryProductDAO - Produto criado com sucesso: ID=146
[main] INFO com.crudsystem.service.ProductService - Produto criado com sucesso: ID=146
[main] INFO com.crudsystem.dao.InMemoryProductDAO - Produto criado com sucesso: ID=147
[main] INFO com.crudsystem.service.ProductService - Produto criado com sucesso: ID=147
[main] INFO com.crudsystem.dao.InMemoryProductDAO - Produto criado com sucesso: ID=148
[main] INFO com.crudsystem.service.ProductService - Produto criado com sucesso: ID=148
[main] INFO com.crudsystem.dao.InMemoryProductDAO - Produto criado com sucesso: ID=149
[main] INFO com.crudsystem.service.ProductService - Produto criado com sucesso: ID=149
[main] INFO com.crudsystem.dao.InMemoryProductDAO - Produto criado com sucesso: ID=150
[main] INFO com.crudsystem.service.ProductService - Produto criado com sucesso: ID=150
[main] INFO com.crudsystem.dao.InMemoryProductDAO - Produto criado com sucesso: ID=151
[main] INFO com.crudsystem.service.ProductService - Produto criado com sucesso: ID=151
[main] INFO com.crudsystem.dao.InMemoryProductDAO - Produto criado com sucesso: ID=152
[main] INFO com.crudsystem.service.ProductService - Produto criado com sucesso: ID=152
[main] INFO com.crudsystem.dao.InMemoryProductDAO - Produto criado com sucesso: ID=153
[main] INFO com.crudsystem.service.ProductService - Produto criado com sucesso: ID=153
[main] INFO com.crudsystem.dao.InMemoryProductDAO - Produto criado com sucesso: ID=154
[main] INFO com.crudsystem.service.ProductService - Produto criado com sucesso: ID=154
[main] INFO com.crudsystem.dao.InMemoryProductDAO - Produto criado com sucesso: ID=155
[main] INFO com.crudsystem.service.ProductService - Produto criado com sucesso: ID=155
[main] INFO com.crudsystem.dao.InMemoryProductDAO - Produto criado com sucesso: ID=156
[main] INFO com.crudsystem.service.ProductService - Produto criado com sucesso: ID=156
[main] INFO com.crudsystem.dao.InMemoryProductDAO - Produto criado com sucesso: ID=157
[main] INFO com.crudsystem.service.ProductService - Produto criado com sucesso: ID=157
[main] INFO com.crudsystem.dao.InMemoryProductDAO - Produto criado com sucesso: ID=158
[main] INFO com.crudsystem.service.ProductService - Produto criado com sucesso: ID=158
[main] INFO com.crudsystem.dao.InMemoryProductDAO - Produto criado com sucesso: ID=159
[main] INFO com.crudsystem.service.ProductService - Produto criado com sucesso: ID=159
[main] INFO com.crudsystem.dao.InMemoryProductDAO - Produto criado com sucesso: ID=160
[main] INFO com.crudsystem.service.ProductService - Produto criado com sucesso: ID=160
[main] INFO com.crudsystem.dao.InMemoryProductDAO - Produto criado com sucesso: ID=161
[main] INFO com.crudsystem.service.ProductService - Produto criado com sucesso: ID=161
[main] INFO com.crudsystem.dao.InMemoryProductDAO - Produto criado com sucesso: ID=162
[main] INFO com.crudsystem.service.ProductService - Produto criado com sucesso: ID=162
[main] INFO com.crudsystem.dao.InMemoryProductDAO - Produto criado com sucesso: ID=163
[main] INFO com.crudsystem.service.ProductService - Produto criado com sucesso: ID=163
[main] INFO com.crudsystem.dao.InMemoryProductDAO - Produto criado com sucesso: ID=164
[main] INFO com.crudsystem.service.ProductService - Produto criado com sucesso: ID=164
[main] INFO com.crudsystem.dao.InMemoryProductDAO - Produto criado com sucesso: ID=165
[main] INFO com.crudsystem.service.ProductService - Produto criado com sucesso: ID=165
[main] INFO com.crudsystem.dao.InMemoryProductDAO - Produto criado com sucesso: ID=166
[main] INFO com.crudsystem.service.ProductService - Produto criado com sucesso: ID=166
[main] INFO com.crudsystem.dao.InMemoryProductDAO - Produto criado com sucesso: ID=167
[main] INFO com.crudsystem.service.ProductService - Produto criado com sucesso: ID=167
[main] INFO com.crudsystem.dao.InMemoryProductDAO - Produto criado com sucesso: ID=168
[main] INFO com.crudsystem.service.ProductService - Produto criado com sucesso: ID=168
[main] INFO com.crudsystem.dao.InMemoryProductDAO - Produto criado com sucesso: ID=169
[main] INFO com.crudsystem.service.ProductService - Produto criado com sucesso: ID=169
[main] INFO com.crudsystem.dao.InMemoryProductDAO - Produto criado com sucesso: ID=170
[main] INFO com.crudsystem.service.ProductService - Produto criado com sucesso: ID=170
[main] INFO com.crudsystem.dao.InMemoryProductDAO - Produto criado com sucesso: ID=171
[main] INFO com.crudsystem.service.ProductService - Produto criado com sucesso: ID=171
[main] INFO com.crudsystem.dao.InMemoryProductDAO - Produto criado com sucesso: ID=172
[main] INFO com.crudsystem.service.ProductService - Produto criado com sucesso: ID=172
[main] INFO com.crudsystem.dao.InMemoryProductDAO - Produto criado com sucesso: ID=173
[main] INFO com.crudsystem.service.ProductService - Produto criado com sucesso: ID=173
[main] INFO com.crudsystem.dao.InMemoryProductDAO - Produto criado com sucesso: ID=174
[main] INFO com.crudsystem.service.ProductService - Produto criado com sucesso: ID=174
[main] INFO com.crudsystem.dao.InMemoryProductDAO - Produto criado com sucesso: ID=175
[main] INFO com.crudsystem.service.ProductService - Produto criado com sucesso: ID=175
[main] INFO com.crudsystem.dao.InMemoryProductDAO - Produto criado com sucesso: ID=176
[main] INFO com.crudsystem.service.ProductService - Produto criado com sucesso: ID=176
[main] INFO com.crudsystem.dao.InMemoryProductDAO - Produto criado com sucesso: ID=177
[main] INFO com.crudsystem.service.ProductService - Produto criado com sucesso: ID=177
[main] INFO com.crudsystem.dao.InMemoryProductDAO - Produto criado com sucesso: ID=178
[main] INFO com.crudsystem.service.ProductService - Produto criado com sucesso: ID=178
[main] INFO com.crudsystem.dao.InMemoryProductDAO - Produto criado com sucesso: ID=179
[main] INFO com.crudsystem.service.ProductService - Produto criado com sucesso: ID=179
[main] INFO com.crudsystem.dao.InMemoryProductDAO - Produto criado com sucesso: ID=180
[main] INFO com.crudsystem.service.ProductService - Produto criado com sucesso: ID=180
[main] INFO com.crudsystem.dao.InMemoryProductDAO - Produto criado com sucesso: ID=181
[main] INFO com.crudsystem.service.ProductService - Produto criado com sucesso: ID=181
[main] INFO com.crudsystem.dao.InMemoryProductDAO - Produto criado com sucesso: ID=182
[main] INFO com.crudsystem.service.ProductService - Produto criado com sucesso: ID=182
[main] INFO com.crudsystem.dao.InMemoryProductDAO - Produto criado com sucesso: ID=183
[main] INFO com.crudsystem.service.ProductService - Produto criado com sucesso: ID=183
[main] INFO com.crudsystem.dao.InMemoryProductDAO - Produto criado com sucesso: ID=184
[main] INFO com.crudsystem.service.ProductService - Produto criado com sucesso: ID=184
[main] INFO com.crudsystem.dao.InMemoryProductDAO - Produto criado com sucesso: ID=185
[main] INFO com.crudsystem.service.ProductService - Produto criado com sucesso: ID=185
[main] INFO com.crudsystem.dao.InMemoryProductDAO - Produto criado com sucesso: ID=186
[main] INFO com.crudsystem.service.ProductService - Produto criado com sucesso: ID=186
[main] INFO com.crudsystem.dao.InMemoryProductDAO - Produto criado com sucesso: ID=187
[main] INFO com.crudsystem.service.ProductService - Produto criado com sucesso: ID=187
[main] INFO com.crudsystem.dao.InMemoryProductDAO - Produto criado com sucesso: ID=188
[main] INFO com.crudsystem.service.ProductService - Produto criado com sucesso: ID=188
[main] INFO com.crudsystem.dao.InMemoryProductDAO - Produto criado com sucesso: ID=189
[main] INFO com.crudsystem.service.ProductService - Produto criado com sucesso: ID=189
[main] INFO com.crudsystem.dao.InMemoryProductDAO - Produto criado com sucesso: ID=190
[main] INFO com.crudsystem.service.ProductService - Produto criado com sucesso: ID=190
[main] INFO com.crudsystem.dao.InMemoryProductDAO - Produto criado com sucesso: ID=191
[main] INFO com.crudsystem.service.ProductService - Produto criado com sucesso: ID=191
[main] INFO com.crudsystem.dao.InMemoryProductDAO - Produto criado com sucesso: ID=192
[main] INFO com.crudsystem.service.ProductService - Produto criado com sucesso: ID=192
[main] INFO com.crudsystem.dao.InMemoryProductDAO - Produto criado com sucesso: ID=193
[main] INFO com.crudsystem.service.ProductService - Produto criado com sucesso: ID=193
[main] INFO com.crudsystem.dao.InMemoryProductDAO - Produto criado com sucesso: ID=194
[main] INFO com.crudsystem.service.ProductService - Produto criado com sucesso: ID=194
[main] INFO com.crudsystem.dao.InMemoryProductDAO - Produto criado com sucesso: ID=195
[main] INFO com.crudsystem.service.ProductService - Produto criado com sucesso: ID=195
[main] INFO com.crudsystem.dao.InMemoryProductDAO - Produto criado com sucesso: ID=196
[main] INFO com.crudsystem.service.ProductService - Produto criado com sucesso: ID=196
[main] INFO com.crudsystem.dao.InMemoryProductDAO - Produto criado com sucesso: ID=197
[main] INFO com.crudsystem.service.ProductService - Produto criado com sucesso: ID=197
[main] INFO com.crudsystem.dao.InMemoryProductDAO - Produto criado com sucesso: ID=198
[main] INFO com.crudsystem.service.ProductService - Produto criado com sucesso: ID=198
[main] INFO com.crudsystem.dao.InMemoryProductDAO - Produto criado com sucesso: ID=199
[main] INFO com.crudsystem.service.ProductService - Produto criado com sucesso: ID=199
[main] INFO com.crudsystem.dao.InMemoryProductDAO - Produto criado com sucesso: ID=200
[main] INFO com.crudsystem.service.ProductService - Produto criado com sucesso: ID=200
[main] INFO com.crudsystem.dao.InMemoryProductDAO - Produto criado com sucesso: ID=201
[main] INFO com.crudsystem.service.ProductService - Produto criado com sucesso: ID=201
[main] INFO com.crudsystem.dao.InMemoryProductDAO - Produto criado com sucesso: ID=202
[main] INFO com.crudsystem.service.ProductService - Produto criado com sucesso: ID=202
[main] INFO com.crudsystem.dao.InMemoryProductDAO - Produto criado com sucesso: ID=203
[main] INFO com.crudsystem.service.ProductService - Produto criado com sucesso: ID=203
[main] INFO com.crudsystem.dao.InMemoryProductDAO - Produto criado com sucesso: ID=204
[main] INFO com.crudsystem.service.ProductService - Produto criado com sucesso: ID=204
[main] INFO com.crudsystem.dao.InMemoryProductDAO - Produto criado com sucesso: ID=205
[main] INFO com.crudsystem.service.ProductService - Produto criado com sucesso: ID=205
[main] INFO com.crudsystem.dao.InMemoryProductDAO - Produto criado com sucesso: ID=206
[main] INFO com.crudsystem.service.ProductService - Produto criado com sucesso: ID=206
[main] INFO com.crudsystem.dao.InMemoryProductDAO - Produto criado com sucesso: ID=207
[main] INFO com.crudsystem.service.ProductService - Produto criado com sucesso: ID=207
[main] INFO com.crudsystem.dao.InMemoryProductDAO - Produto criado com sucesso: ID=208
[main] INFO com.crudsystem.service.ProductService - Produto criado com sucesso: ID=208
[main] INFO com.crudsystem.dao.InMemoryProductDAO - Produto criado com sucesso: ID=209
[main] INFO com.crudsystem.service.ProductService - Produto criado com sucesso: ID=209
[main] INFO com.crudsystem.dao.InMemoryProductDAO - Produto criado com sucesso: ID=210
[main] INFO com.crudsystem.service.ProductService - Produto criado com sucesso: ID=210
[main] INFO com.crudsystem.dao.InMemoryProductDAO - Produto criado com sucesso: ID=211
[main] INFO com.crudsystem.service.ProductService - Produto criado com sucesso: ID=211
[main] INFO com.crudsystem.dao.InMemoryProductDAO - Produto criado com sucesso: ID=212
[main] INFO com.crudsystem.service.ProductService - Produto criado com sucesso: ID=212
[main] INFO com.crudsystem.dao.InMemoryProductDAO - Produto criado com sucesso: ID=213
[main] INFO com.crudsystem.service.ProductService - Produto criado com sucesso: ID=213
[main] INFO com.crudsystem.dao.InMemoryProductDAO - Produto criado com sucesso: ID=214
[main] INFO com.crudsystem.service.ProductService - Produto criado com sucesso: ID=214
[main] INFO com.crudsystem.dao.InMemoryProductDAO - Produto criado com sucesso: ID=215
[main] INFO com.crudsystem.service.ProductService - Produto criado com sucesso: ID=215
[main] INFO com.crudsystem.dao.InMemoryProductDAO - Produto criado com sucesso: ID=216
[main] INFO com.crudsystem.service.ProductService - Produto criado com sucesso: ID=216
[main] INFO com.crudsystem.dao.InMemoryProductDAO - Produto criado com sucesso: ID=217
[main] INFO com.crudsystem.service.ProductService - Produto criado com sucesso: ID=217
[main] INFO com.crudsystem.dao.InMemoryProductDAO - Produto criado com sucesso: ID=218
[main] INFO com.crudsystem.service.ProductService - Produto criado com sucesso: ID=218
[main] INFO com.crudsystem.dao.InMemoryProductDAO - Produto criado com sucesso: ID=219
[main] INFO com.crudsystem.service.ProductService - Produto criado com sucesso: ID=219
[main] INFO com.crudsystem.dao.InMemoryProductDAO - Produto criado com sucesso: ID=220
[main] INFO com.crudsystem.service.ProductService - Produto criado com sucesso: ID=220
[main] INFO com.crudsystem.dao.InMemoryProductDAO - Produto criado com sucesso: ID=221
[main] INFO com.crudsystem.service.ProductService - Produto criado com sucesso: ID=221
[main] INFO com.crudsystem.dao.InMemoryProductDAO - Produto criado com sucesso: ID=222
[main] INFO com.crudsystem.service.ProductService - Produto criado com sucesso: ID=222
[main] INFO com.crudsystem.dao.InMemoryProductDAO - Produto criado com sucesso: ID=223
[main] INFO com.crudsystem.service.ProductService - Produto criado com sucesso: ID=223
[main] INFO com.crudsystem.dao.InMemoryProductDAO - Produto criado com sucesso: ID=224
[main] INFO com.crudsystem.service.ProductService - Produto criado com sucesso: ID=224
[main] INFO com.crudsystem.dao.InMemoryProductDAO - Produto criado com sucesso: ID=225
[main] INFO com.crudsystem.service.ProductService - Produto criado com sucesso: ID=225
[main] INFO com.crudsystem.dao.InMemoryProductDAO - Produto criado com sucesso: ID=226
[main] INFO com.crudsystem.service.ProductService - Produto criado com sucesso: ID=226
[main] INFO com.crudsystem.dao.InMemoryProductDAO - Produto criado com sucesso: ID=227
[main] INFO com.crudsystem.service.ProductService - Produto criado com sucesso: ID=227
[main] INFO com.crudsystem.dao.InMemoryProductDAO - Produto criado com sucesso: ID=228
[main] INFO com.crudsystem.service.ProductService - Produto criado com sucesso: ID=228
[main] INFO com.crudsystem.dao.InMemoryProductDAO - Produto criado com sucesso: ID=229
[main] INFO com.crudsystem.service.ProductService - Produto criado com sucesso: ID=229
[main] INFO com.crudsystem.dao.InMemoryProductDAO - Produto criado com sucesso: ID=230
[main] INFO com.crudsystem.service.ProductService - Produto criado com sucesso: ID=230
[main] INFO com.crudsystem.dao.InMemoryProductDAO - Produto criado com sucesso: ID=231
[main] INFO com.crudsystem.service.ProductService - Produto criado com sucesso: ID=231
[main] INFO com.crudsystem.dao.InMemoryProductDAO - Produto criado com sucesso: ID=232
[main] INFO com.crudsystem.service.ProductService - Produto criado com sucesso: ID=232
[main] INFO com.crudsystem.dao.InMemoryProductDAO - Produto criado com sucesso: ID=233
[main] INFO com.crudsystem.service.ProductService - Produto criado com sucesso: ID=233
[main] INFO com.crudsystem.dao.InMemoryProductDAO - Produto criado com sucesso: ID=234
[main] INFO com.crudsystem.service.ProductService - Produto criado com sucesso: ID=234
[main] INFO com.crudsystem.dao.InMemoryProductDAO - Produto criado com sucesso: ID=235
[main] INFO com.crudsystem.service.ProductService - Produto criado com sucesso: ID=235
[main] INFO com.crudsystem.dao.InMemoryProductDAO - Produto criado com sucesso: ID=236
[main] INFO com.crudsystem.service.ProductService - Produto criado com sucesso: ID=236
[main] INFO com.crudsystem.dao.InMemoryProductDAO - Produto criado com sucesso: ID=237
[main] INFO com.crudsystem.service.ProductService - Produto criado com sucesso: ID=237
[main] INFO com.crudsystem.dao.InMemoryProductDAO - Produto criado com sucesso: ID=238
[main] INFO com.crudsystem.service.ProductService - Produto criado com sucesso: ID=238
[main] INFO com.crudsystem.dao.InMemoryProductDAO - Produto criado com sucesso: ID=239
[main] INFO com.crudsystem.service.ProductService - Produto criado com sucesso: ID=239
[main] INFO com.crudsystem.dao.InMemoryProductDAO - Produto criado com sucesso: ID=240
[main] INFO com.crudsystem.service.ProductService - Produto criado com sucesso: ID=240
[main] INFO com.crudsystem.dao.InMemoryProductDAO - Produto criado com sucesso: ID=241
[main] INFO com.crudsystem.service.ProductService - Produto criado com sucesso: ID=241
[main] INFO com.crudsystem.dao.InMemoryProductDAO - Produto criado com sucesso: ID=242
[main] INFO com.crudsystem.service.ProductService - Produto criado com sucesso: ID=242
[main] INFO com.crudsystem.dao.InMemoryProductDAO - Produto criado com sucesso: ID=243
[main] INFO com.crudsystem.service.ProductService - Produto criado com sucesso: ID=243
[main] INFO com.crudsystem.dao.InMemoryProductDAO - Produto criado com sucesso: ID=244
[main] INFO com.crudsystem.service.ProductService - Produto criado com sucesso: ID=244
[main] INFO com.crudsystem.dao.InMemoryProductDAO - Produto criado com sucesso: ID=245
[main] INFO com.crudsystem.service.ProductService - Produto criado com sucesso: ID=245
[main] INFO com.crudsystem.dao.InMemoryProductDAO - Produto criado com sucesso: ID=246
[main] INFO com.crudsystem.service.ProductService - Produto criado com sucesso: ID=246
[main] INFO com.crudsystem.dao.InMemoryProductDAO - Produto criado com sucesso: ID=247
[main] INFO com.crudsystem.service.ProductService - Produto criado com sucesso: ID=247
[main] INFO com.crudsystem.dao.InMemoryProductDAO - Produto criado com sucesso: ID=248
[main] INFO com.crudsystem.service.ProductService - Produto criado com sucesso: ID=248
[main] INFO com.crudsystem.dao.InMemoryProductDAO - Produto criado com sucesso: ID=249
[main] INFO com.crudsystem.service.ProductService - Produto criado com sucesso: ID=249
[main] INFO com.crudsystem.dao.InMemoryProductDAO - Produto criado com sucesso: ID=250
[main] INFO com.crudsystem.service.ProductService - Produto criado com sucesso: ID=250
[main] INFO com.crudsystem.dao.InMemoryProductDAO - Produto criado com sucesso: ID=251
[main] INFO com.crudsystem.service.ProductService - Produto criado com sucesso: ID=251
[main] INFO com.crudsystem.dao.InMemoryProductDAO - Produto criado com sucesso: ID=252
[main] INFO com.crudsystem.service.ProductService - Produto criado com sucesso: ID=252
[main] INFO com.crudsystem.dao.InMemoryProductDAO - Produto criado com sucesso: ID=253
[main] INFO com.crudsystem.service.ProductService - Produto criado com sucesso: ID=253
[main] INFO com.crudsystem.dao.InMemoryProductDAO - Produto criado com sucesso: ID=254
[main] INFO com.crudsystem.service.ProductService - Produto criado com sucesso: ID=254
[main] INFO com.crudsystem.dao.InMemoryProductDAO - Produto criado com sucesso: ID=255
[main] INFO com.crudsystem.service.ProductService - Produto criado com sucesso: ID=255
[main] INFO com.crudsystem.dao.InMemoryProductDAO - Produto criado com sucesso: ID=256
[main] INFO com.crudsystem.service.ProductService - Produto criado com sucesso: ID=256
[main] INFO com.crudsystem.dao.InMemoryProductDAO - Produto criado com sucesso: ID=257
[main] INFO com.crudsystem.service.ProductService - Produto criado com sucesso: ID=257
[main] INFO com.crudsystem.dao.InMemoryProductDAO - Produto criado com sucesso: ID=258
[main] INFO com.crudsystem.service.ProductService - Produto criado com sucesso: ID=258
[main] INFO com.crudsystem.dao.InMemoryProductDAO - Produto criado com sucesso: ID=259
[main] INFO com.crudsystem.service.ProductService - Produto criado com sucesso: ID=259
[main] INFO com.crudsystem.dao.InMemoryProductDAO - Produto criado com sucesso: ID=260
[main] INFO com.crudsystem.service.ProductService - Produto criado com sucesso: ID=260
[main] INFO com.crudsystem.dao.InMemoryProductDAO - Produto criado com sucesso: ID=261
[main] INFO com.crudsystem.service.ProductService - Produto criado com sucesso: ID=261
[main] INFO com.crudsystem.dao.InMemoryProductDAO - Produto criado com sucesso: ID=262
[main] INFO com.crudsystem.service.ProductService - Produto criado com sucesso: ID=262
[main] INFO com.crudsystem.dao.InMemoryProductDAO - Produto criado com sucesso: ID=263
[main] INFO com.crudsystem.service.ProductService - Produto criado com sucesso: ID=263
[main] INFO com.crudsystem.dao.InMemoryProductDAO - Produto criado com sucesso: ID=264
[main] INFO com.crudsystem.service.ProductService - Produto criado com sucesso: ID=264
[main] INFO com.crudsystem.dao.InMemoryProductDAO - Produto criado com sucesso: ID=265
[main] INFO com.crudsystem.service.ProductService - Produto criado com sucesso: ID=265
[main] INFO com.crudsystem.dao.InMemoryProductDAO - Produto criado com sucesso: ID=266
[main] INFO com.crudsystem.service.ProductService - Produto criado com sucesso: ID=266
[main] INFO com.crudsystem.dao.InMemoryProductDAO - Produto criado com sucesso: ID=267
[main] INFO com.crudsystem.service.ProductService - Produto criado com sucesso: ID=267
[main] INFO com.crudsystem.dao.InMemoryProductDAO - Produto criado com sucesso: ID=268
[main] INFO com.crudsystem.service.ProductService - Produto criado com sucesso: ID=268
[main] INFO com.crudsystem.dao.InMemoryProductDAO - Produto criado com sucesso: ID=269
[main] INFO com.crudsystem.service.ProductService - Produto criado com sucesso: ID=269
[main] INFO com.crudsystem.dao.InMemoryProductDAO - Produto criado com sucesso: ID=270
[main] INFO com.crudsystem.service.ProductService - Produto criado com sucesso: ID=270
[main] INFO com.crudsystem.dao.InMemoryProductDAO - Produto criado com sucesso: ID=271
[main] INFO com.crudsystem.service.ProductService - Produto criado com sucesso: ID=271
[main] INFO com.crudsystem.dao.InMemoryProductDAO - Produto criado com sucesso: ID=272
[main] INFO com.crudsystem.service.ProductService - Produto criado com sucesso: ID=272
[main] INFO com.crudsystem.dao.InMemoryProductDAO - Produto criado com sucesso: ID=273
[main] INFO com.crudsystem.service.ProductService - Produto criado com sucesso: ID=273
[main] INFO com.crudsystem.dao.InMemoryProductDAO - Produto criado com sucesso: ID=274
[main] INFO com.crudsystem.service.ProductService - Produto criado com sucesso: ID=274
[main] INFO com.crudsystem.dao.InMemoryProductDAO - Produto criado com sucesso: ID=275
[main] INFO com.crudsystem.service.ProductService - Produto criado com sucesso: ID=275
[main] INFO com.crudsystem.dao.InMemoryProductDAO - Produto criado com sucesso: ID=276
[main] INFO com.crudsystem.service.ProductService - Produto criado com sucesso: ID=276
[main] INFO com.crudsystem.dao.InMemoryProductDAO - Produto criado com sucesso: ID=277
[main] INFO com.crudsystem.service.ProductService - Produto criado com sucesso: ID=277
[main] INFO com.crudsystem.dao.InMemoryProductDAO - Produto criado com sucesso: ID=278
[main] INFO com.crudsystem.service.ProductService - Produto criado com sucesso: ID=278
[main] INFO com.crudsystem.dao.InMemoryProductDAO - Produto criado com sucesso: ID=279
[main] INFO com.crudsystem.service.ProductService - Produto criado com sucesso: ID=279
[main] INFO com.crudsystem.dao.InMemoryProductDAO - Produto criado com sucesso: ID=280
[main] INFO com.crudsystem.service.ProductService - Produto criado com sucesso: ID=280
[main] INFO com.crudsystem.dao.InMemoryProductDAO - Produto criado com sucesso: ID=281
[main] INFO com.crudsystem.service.ProductService - Produto criado com sucesso: ID=281
[main] INFO com.crudsystem.dao.InMemoryProductDAO - Produto criado com sucesso: ID=282
[main] INFO com.crudsystem.service.ProductService - Produto criado com sucesso: ID=282
[main] INFO com.crudsystem.dao.InMemoryProductDAO - Produto criado com sucesso: ID=283
[main] INFO com.crudsystem.service.ProductService - Produto criado com sucesso: ID=283
[main] INFO com.crudsystem.dao.InMemoryProductDAO - Produto criado com sucesso: ID=284
[main] INFO com.crudsystem.service.ProductService - Produto criado com sucesso: ID=284
[main] INFO com.crudsystem.dao.InMemoryProductDAO - Produto criado com sucesso: ID=285
[main] INFO com.crudsystem.service.ProductService - Produto criado com sucesso: ID=285
[main] INFO com.crudsystem.dao.InMemoryProductDAO - Produto criado com sucesso: ID=286
[main] INFO com.crudsystem.service.ProductService - Produto criado com sucesso: ID=286
[main] INFO com.crudsystem.dao.InMemoryProductDAO - Produto criado com sucesso: ID=287
[main] INFO com.crudsystem.service.ProductService - Produto criado com sucesso: ID=287
[main] INFO com.crudsystem.dao.InMemoryProductDAO - Produto criado com sucesso: ID=288
[main] INFO com.crudsystem.service.ProductService - Produto criado com sucesso: ID=288
[main] INFO com.crudsystem.dao.InMemoryProductDAO - Produto criado com sucesso: ID=289
[main] INFO com.crudsystem.service.ProductService - Produto criado com sucesso: ID=289
[main] INFO com.crudsystem.dao.InMemoryProductDAO - Produto criado com sucesso: ID=290
[main] INFO com.crudsystem.service.ProductService - Produto criado com sucesso: ID=290
[main] INFO com.crudsystem.dao.InMemoryProductDAO - Produto criado com sucesso: ID=291
[main] INFO com.crudsystem.service.ProductService - Produto criado com sucesso: ID=291
[main] INFO com.crudsystem.dao.InMemoryProductDAO - Produto criado com sucesso: ID=292
[main] INFO com.crudsystem.service.ProductService - Produto criado com sucesso: ID=292
[main] INFO com.crudsystem.dao.InMemoryProductDAO - Produto criado com sucesso: ID=293
[main] INFO com.crudsystem.service.ProductService - Produto criado com sucesso: ID=293
[main] INFO com.crudsystem.dao.InMemoryProductDAO - Produto criado com sucesso: ID=294
[main] INFO com.crudsystem.service.ProductService - Produto criado com sucesso: ID=294
[main] INFO com.crudsystem.dao.InMemoryProductDAO - Produto criado com sucesso: ID=295
[main] INFO com.crudsystem.service.ProductService - Produto criado com sucesso: ID=295
[main] INFO com.crudsystem.dao.InMemoryProductDAO - Produto criado com sucesso: ID=296
[main] INFO com.crudsystem.service.ProductService - Produto criado com sucesso: ID=296
[main] INFO com.crudsystem.dao.InMemoryProductDAO - Produto criado com sucesso: ID=297
[main] INFO com.crudsystem.service.ProductService - Produto criado com sucesso: ID=297
[main] INFO com.crudsystem.dao.InMemoryProductDAO - Produto criado com sucesso: ID=298
[main] INFO com.crudsystem.service.ProductService - Produto criado com sucesso: ID=298
[main] INFO com.crudsystem.dao.InMemoryProductDAO - Produto criado com sucesso: ID=299
[main] INFO com.crudsystem.service.ProductService - Produto criado com sucesso: ID=299
[main] INFO com.crudsystem.dao.InMemoryProductDAO - Produto criado com sucesso: ID=300
[main] INFO com.crudsystem.service.ProductService - Produto criado com sucesso: ID=300
[main] INFO com.crudsystem.dao.InMemoryProductDAO - Produto criado com sucesso: ID=301
[main] INFO com.crudsystem.service.ProductService - Produto criado com sucesso: ID=301
[main] INFO com.crudsystem.dao.InMemoryProductDAO - Produto criado com sucesso: ID=302
[main] INFO com.crudsystem.service.ProductService - Produto criado com sucesso: ID=302
[main] INFO com.crudsystem.dao.InMemoryProductDAO - Produto criado com sucesso: ID=303
[main] INFO com.crudsystem.service.ProductService - Produto criado com sucesso: ID=303
[main] INFO com.crudsystem.dao.InMemoryProductDAO - Produto criado com sucesso: ID=304
[main] INFO com.crudsystem.service.ProductService - Produto criado com sucesso: ID=304
[main] INFO com.crudsystem.dao.InMemoryProductDAO - Produto criado com sucesso: ID=305
[main] INFO com.crudsystem.service.ProductService - Produto criado com sucesso: ID=305
[main] INFO com.crudsystem.dao.InMemoryProductDAO - Produto criado com sucesso: ID=306
[main] INFO com.crudsystem.service.ProductService - Produto criado com sucesso: ID=306
[main] INFO com.crudsystem.dao.InMemoryProductDAO - Produto criado com sucesso: ID=307
[main] INFO com.crudsystem.service.ProductService - Produto criado com sucesso: ID=307
[main] INFO com.crudsystem.dao.InMemoryProductDAO - Produto criado com sucesso: ID=308
[main] INFO com.crudsystem.service.ProductService - Produto criado com sucesso: ID=308
[main] INFO com.crudsystem.dao.InMemoryProductDAO - Produto criado com sucesso: ID=309
[main] INFO com.crudsystem.service.ProductService - Produto criado com sucesso: ID=309
[main] INFO com.crudsystem.dao.InMemoryProductDAO - Produto criado com sucesso: ID=310
[main] INFO com.crudsystem.service.ProductService - Produto criado com sucesso: ID=310
[main] INFO com.crudsystem.dao.InMemoryProductDAO - Produto criado com sucesso: ID=311
[main] INFO com.crudsystem.service.ProductService - Produto criado com sucesso: ID=311
[main] INFO com.crudsystem.dao.InMemoryProductDAO - Produto criado com sucesso: ID=312
[main] INFO com.crudsystem.service.ProductService - Produto criado com sucesso: ID=312
[main] INFO com.crudsystem.dao.InMemoryProductDAO - Produto criado com sucesso: ID=313
[main] INFO com.crudsystem.service.ProductService - Produto criado com sucesso: ID=313
[main] INFO com.crudsystem.dao.InMemoryProductDAO - Produto criado com sucesso: ID=314
[main] INFO com.crudsystem.service.ProductService - Produto criado com sucesso: ID=314
[main] INFO com.crudsystem.dao.InMemoryProductDAO - Produto criado com sucesso: ID=315
[main] INFO com.crudsystem.service.ProductService - Produto criado com sucesso: ID=315
[main] INFO com.crudsystem.dao.InMemoryProductDAO - Produto criado com sucesso: ID=316
[main] INFO com.crudsystem.service.ProductService - Produto criado com sucesso: ID=316
[main] INFO com.crudsystem.dao.InMemoryProductDAO - Produto criado com sucesso: ID=317
[main] INFO com.crudsystem.service.ProductService - Produto criado com sucesso: ID=317
[main] INFO com.crudsystem.dao.InMemoryProductDAO - Produto criado com sucesso: ID=318
[main] INFO com.crudsystem.service.ProductService - Produto criado com sucesso: ID=318
[main] INFO com.crudsystem.dao.InMemoryProductDAO - Produto criado com sucesso: ID=319
[main] INFO com.crudsystem.service.ProductService - Produto criado com sucesso: ID=319
[main] INFO com.crudsystem.dao.InMemoryProductDAO - Produto criado com sucesso: ID=320
[main] INFO com.crudsystem.service.ProductService - Produto criado com sucesso: ID=320
[main] INFO com.crudsystem.dao.InMemoryProductDAO - Produto criado com sucesso: ID=321
[main] INFO com.crudsystem.service.ProductService - Produto criado com sucesso: ID=321
[...]
[main] WARN com.crudsystem.dao.InMemoryProductDAO - Tentativa de deletar produto inexistente: ID=196
[main] WARN com.crudsystem.service.ProductService - Produto não encontrado para deleção: ID=196
[main] WARN com.crudsystem.service.ProductService - Produto não encontrado: ID=196
[main] WARN com.crudsystem.service.ProductService - Produto não encontrado: ID=2897938502699636037
[main] WARN com.crudsystem.dao.InMemoryProductDAO - Tentativa de deletar produto inexistente: ID=2897938502699636037
[main] WARN com.crudsystem.service.ProductService - Produto não encontrado para deleção: ID=2897938502699636037
[main] WARN com.crudsystem.service.ProductService - Produto não encontrado: ID=2897938502699636037
[main] WARN com.crudsystem.service.ProductService - Produto não encontrado: ID=478
[main] WARN com.crudsystem.dao.InMemoryProductDAO - Tentativa de deletar produto inexistente: ID=478
[main] WARN com.crudsystem.service.ProductService - Produto não encontrado para deleção: ID=478
[main] WARN com.crudsystem.service.ProductService - Produto não encontrado: ID=478
[main] WARN com.crudsystem.service.ProductService - Produto não encontrado: ID=119830145108539618
[main] WARN com.crudsystem.dao.InMemoryProductDAO - Tentativa de deletar produto inexistente: ID=119830145108539618
[main] WARN com.crudsystem.service.ProductService - Produto não encontrado para deleção: ID=119830145108539618
[main] WARN com.crudsystem.service.ProductService - Produto não encontrado: ID=119830145108539618
[main] WARN com.crudsystem.service.ProductService - Produto não encontrado: ID=378
[main] WARN com.crudsystem.dao.InMemoryProductDAO - Tentativa de deletar produto inexistente: ID=378
[main] WARN com.crudsystem.service.ProductService - Produto não encontrado para deleção: ID=378
[main] WARN com.crudsystem.service.ProductService - Produto não encontrado: ID=378
[main] WARN com.crudsystem.service.ProductService - Produto não encontrado: ID=506
[main] WARN com.crudsystem.dao.InMemoryProductDAO - Tentativa de deletar produto inexistente: ID=506
[main] WARN com.crudsystem.service.ProductService - Produto não encontrado para deleção: ID=506
[main] WARN com.crudsystem.service.ProductService - Produto não encontrado: ID=506
[main] WARN com.crudsystem.service.ProductService - Produto não encontrado: ID=8251270315699601715
[main] WARN com.crudsystem.dao.InMemoryProductDAO - Tentativa de deletar produto inexistente: ID=8251270315699601715
[main] WARN com.crudsystem.service.ProductService - Produto não encontrado para deleção: ID=8251270315699601715
[main] WARN com.crudsystem.service.ProductService - Produto não encontrado: ID=8251270315699601715
[main] WARN com.crudsystem.service.ProductService - Produto não encontrado: ID=461
[main] WARN com.crudsystem.dao.InMemoryProductDAO - Tentativa de deletar produto inexistente: ID=461
[main] WARN com.crudsystem.service.ProductService - Produto não encontrado para deleção: ID=461
[main] WARN com.crudsystem.service.ProductService - Produto não encontrado: ID=461
[main] WARN com.crudsystem.service.ProductService - Produto não encontrado: ID=279
[main] WARN com.crudsystem.dao.InMemoryProductDAO - Tentativa de deletar produto inexistente: ID=279
[main] WARN com.crudsystem.service.ProductService - Produto não encontrado para deleção: ID=279
[main] WARN com.crudsystem.service.ProductService - Produto não encontrado: ID=279
[main] WARN com.crudsystem.service.ProductService - Tentativa de buscar produto com ID inválido: -6791188950057001838
[main] WARN com.crudsystem.service.ProductService - Tentativa de deletar produto com ID inválido: -6791188950057001838
[main] WARN com.crudsystem.service.ProductService - Tentativa de buscar produto com ID inválido: -3121974337610752479
[main] WARN com.crudsystem.service.ProductService - Tentativa de deletar produto com ID inválido: -3121974337610752479
[main] WARN com.crudsystem.service.ProductService - Produto não encontrado: ID=285
[main] WARN com.crudsystem.dao.InMemoryProductDAO - Tentativa de deletar produto inexistente: ID=285
[main] WARN com.crudsystem.service.ProductService - Produto não encontrado para deleção: ID=285
[main] WARN com.crudsystem.service.ProductService - Produto não encontrado: ID=285
[main] WARN com.crudsystem.service.ProductService - Tentativa de buscar produto com ID inválido: -5969458983306154991
[main] WARN com.crudsystem.service.ProductService - Tentativa de deletar produto com ID inválido: -5969458983306154991
[main] WARN com.crudsystem.service.ProductService - Tentativa de buscar produto com ID inválido: -950067182336384812
[main] WARN com.crudsystem.service.ProductService - Tentativa de deletar produto com ID inválido: -950067182336384812
[main] WARN com.crudsystem.service.ProductService - Produto não encontrado: ID=519
[main] WARN com.crudsystem.dao.InMemoryProductDAO - Tentativa de deletar produto inexistente: ID=519
[main] WARN com.crudsystem.service.ProductService - Produto não encontrado para deleção: ID=519
[main] WARN com.crudsystem.service.ProductService - Produto não encontrado: ID=519
[main] WARN com.crudsystem.service.ProductService - Produto não encontrado: ID=385
[main] WARN com.crudsystem.dao.InMemoryProductDAO - Tentativa de deletar produto inexistente: ID=385
[main] WARN com.crudsystem.service.ProductService - Produto não encontrado para deleção: ID=385
[main] WARN com.crudsystem.service.ProductService - Produto não encontrado: ID=385
[main] WARN com.crudsystem.service.ProductService - Produto não encontrado: ID=777
[main] WARN com.crudsystem.dao.InMemoryProductDAO - Tentativa de deletar produto inexistente: ID=777
[main] WARN com.crudsystem.service.ProductService - Produto não encontrado para deleção: ID=777
[main] WARN com.crudsystem.service.ProductService - Produto não encontrado: ID=777
[main] WARN com.crudsystem.service.ProductService - Tentativa de buscar produto com ID inválido: -4037341529052689300
[main] WARN com.crudsystem.service.ProductService - Tentativa de deletar produto com ID inválido: -4037341529052689300
[main] WARN com.crudsystem.service.ProductService - Produto não encontrado: ID=680
[main] WARN com.crudsystem.dao.InMemoryProductDAO - Tentativa de deletar produto inexistente: ID=680
[main] WARN com.crudsystem.service.ProductService - Produto não encontrado para deleção: ID=680
[main] WARN com.crudsystem.service.ProductService - Produto não encontrado: ID=680
[main] WARN com.crudsystem.service.ProductService - Produto não encontrado: ID=339
[main] WARN com.crudsystem.dao.InMemoryProductDAO - Tentativa de deletar produto inexistente: ID=339
[main] WARN com.crudsystem.service.ProductService - Produto não encontrado para deleção: ID=339
[main] WARN com.crudsystem.service.ProductService - Produto não encontrado: ID=339
[main] WARN com.crudsystem.service.ProductService - Produto não encontrado: ID=3725610202185853498
[main] WARN com.crudsystem.dao.InMemoryProductDAO - Tentativa de deletar produto inexistente: ID=3725610202185853498
[main] WARN com.crudsystem.service.ProductService - Produto não encontrado para deleção: ID=3725610202185853498
[main] WARN com.crudsystem.service.ProductService - Produto não encontrado: ID=3725610202185853498
[main] WARN com.crudsystem.service.ProductService - Produto não encontrado: ID=600
[main] WARN com.crudsystem.dao.InMemoryProductDAO - Tentativa de deletar produto inexistente: ID=600
[main] WARN com.crudsystem.service.ProductService - Produto não encontrado para deleção: ID=600
[main] WARN com.crudsystem.service.ProductService - Produto não encontrado: ID=600
[main] WARN com.crudsystem.service.ProductService - Produto não encontrado: ID=817
[main] WARN com.crudsystem.dao.InMemoryProductDAO - Tentativa de deletar produto inexistente: ID=817
[main] WARN com.crudsystem.service.ProductService - Produto não encontrado para deleção: ID=817
[main] WARN com.crudsystem.service.ProductService - Produto não encontrado: ID=817
[main] WARN com.crudsystem.service.ProductService - Produto não encontrado: ID=2700812406064874367
[main] WARN com.crudsystem.dao.InMemoryProductDAO - Tentativa de deletar produto inexistente: ID=2700812406064874367
[main] WARN com.crudsystem.service.ProductService - Produto não encontrado para deleção: ID=2700812406064874367
[main] WARN com.crudsystem.service.ProductService - Produto não encontrado: ID=2700812406064874367
[main] WARN com.crudsystem.service.ProductService - Produto não encontrado: ID=558
[main] WARN com.crudsystem.dao.InMemoryProductDAO - Tentativa de deletar produto inexistente: ID=558
[main] WARN com.crudsystem.service.ProductService - Produto não encontrado para deleção: ID=558
[main] WARN com.crudsystem.service.ProductService - Produto não encontrado: ID=558
[main] WARN com.crudsystem.service.ProductService - Produto não encontrado: ID=249
[main] WARN com.crudsystem.dao.InMemoryProductDAO - Tentativa de deletar produto inexistente: ID=249
[main] WARN com.crudsystem.service.ProductService - Produto não encontrado para deleção: ID=249
[main] WARN com.crudsystem.service.ProductService - Produto não encontrado: ID=249
[main] WARN com.crudsystem.service.ProductService - Produto não encontrado: ID=874
[main] WARN com.crudsystem.dao.InMemoryProductDAO - Tentativa de deletar produto inexistente: ID=874
[main] WARN com.crudsystem.service.ProductService - Produto não encontrado para deleção: ID=874
[main] WARN com.crudsystem.service.ProductService - Produto não encontrado: ID=874
[main] WARN com.crudsystem.service.ProductService - Tentativa de buscar produto com ID inválido: -4494897907100665262
[main] WARN com.crudsystem.service.ProductService - Tentativa de deletar produto com ID inválido: -4494897907100665262
[main] WARN com.crudsystem.service.ProductService - Produto não encontrado: ID=44950666181307899
[main] WARN com.crudsystem.dao.InMemoryProductDAO - Tentativa de deletar produto inexistente: ID=44950666181307899
[main] WARN com.crudsystem.service.ProductService - Produto não encontrado para deleção: ID=44950666181307899
[main] WARN com.crudsystem.service.ProductService - Produto não encontrado: ID=44950666181307899
[main] WARN com.crudsystem.service.ProductService - Produto não encontrado: ID=206
[main] WARN com.crudsystem.dao.InMemoryProductDAO - Tentativa de deletar produto inexistente: ID=206
[main] WARN com.crudsystem.service.ProductService - Produto não encontrado para deleção: ID=206
[main] WARN com.crudsystem.service.ProductService - Produto não encontrado: ID=206
[main] WARN com.crudsystem.service.ProductService - Produto não encontrado: ID=1366459913404685830
[main] WARN com.crudsystem.dao.InMemoryProductDAO - Tentativa de deletar produto inexistente: ID=1366459913404685830
[main] WARN com.crudsystem.service.ProductService - Produto não encontrado para deleção: ID=1366459913404685830
[main] WARN com.crudsystem.service.ProductService - Produto não encontrado: ID=1366459913404685830
[main] WARN com.crudsystem.service.ProductService - Produto não encontrado: ID=828
[main] WARN com.crudsystem.dao.InMemoryProductDAO - Tentativa de deletar produto inexistente: ID=828
[main] WARN com.crudsystem.service.ProductService - Produto não encontrado para deleção: ID=828
[main] WARN com.crudsystem.service.ProductService - Produto não encontrado: ID=828
[main] WARN com.crudsystem.service.ProductService - Tentativa de buscar produto com ID inválido: -512260790809062932
[main] WARN com.crudsystem.service.ProductService - Tentativa de deletar produto com ID inválido: -512260790809062932
[main] WARN com.crudsystem.service.ProductService - Produto não encontrado: ID=704
[main] WARN com.crudsystem.dao.InMemoryProductDAO - Tentativa de deletar produto inexistente: ID=704
[main] WARN com.crudsystem.service.ProductService - Produto não encontrado para deleção: ID=704
[main] WARN com.crudsystem.service.ProductService - Produto não encontrado: ID=704
[main] WARN com.crudsystem.service.ProductService - Tentativa de buscar produto com ID inválido: -6080336443100140666
[main] WARN com.crudsystem.service.ProductService - Tentativa de deletar produto com ID inválido: -6080336443100140666
[main] WARN com.crudsystem.service.ProductService - Tentativa de buscar produto com ID inválido: -5384690297716582765
[main] WARN com.crudsystem.service.ProductService - Tentativa de deletar produto com ID inválido: -5384690297716582765
[main] WARN com.crudsystem.service.ProductService - Produto não encontrado: ID=964
[main] WARN com.crudsystem.dao.InMemoryProductDAO - Tentativa de deletar produto inexistente: ID=964
[main] WARN com.crudsystem.service.ProductService - Produto não encontrado para deleção: ID=964
[main] WARN com.crudsystem.service.ProductService - Produto não encontrado: ID=964
[main] WARN com.crudsystem.service.ProductService - Produto não encontrado: ID=990
[main] WARN com.crudsystem.dao.InMemoryProductDAO - Tentativa de deletar produto inexistente: ID=990
[main] WARN com.crudsystem.service.ProductService - Produto não encontrado para deleção: ID=990
[main] WARN com.crudsystem.service.ProductService - Produto não encontrado: ID=990
[main] WARN com.crudsystem.service.ProductService - Tentativa de buscar produto com ID inválido: -3856081046384456843
[main] WARN com.crudsystem.service.ProductService - Tentativa de deletar produto com ID inválido: -3856081046384456843
[main] WARN com.crudsystem.service.ProductService - Produto não encontrado: ID=617
[main] WARN com.crudsystem.dao.InMemoryProductDAO - Tentativa de deletar produto inexistente: ID=617
[main] WARN com.crudsystem.service.ProductService - Produto não encontrado para deleção: ID=617
[main] WARN com.crudsystem.service.ProductService - Produto não encontrado: ID=617
[main] WARN com.crudsystem.service.ProductService - Produto não encontrado: ID=4980707315575541171
[main] WARN com.crudsystem.dao.InMemoryProductDAO - Tentativa de deletar produto inexistente: ID=4980707315575541171
[main] WARN com.crudsystem.service.ProductService - Produto não encontrado para deleção: ID=4980707315575541171
[main] WARN com.crudsystem.service.ProductService - Produto não encontrado: ID=4980707315575541171
[main] WARN com.crudsystem.service.ProductService - Tentativa de buscar produto com ID inválido: -2777115509459267951
[main] WARN com.crudsystem.service.ProductService - Tentativa de deletar produto com ID inválido: -2777115509459267951
[main] WARN com.crudsystem.service.ProductService - Tentativa de buscar produto com ID inválido: -8653174957162739607
[main] WARN com.crudsystem.service.ProductService - Tentativa de deletar produto com ID inválido: -8653174957162739607
[main] WARN com.crudsystem.service.ProductService - Tentativa de buscar produto com ID inválido: -1719424753270314301
[main] WARN com.crudsystem.service.ProductService - Tentativa de deletar produto com ID inválido: -1719424753270314301
[main] WARN com.crudsystem.service.ProductService - Produto não encontrado: ID=5431243590656017385
[main] WARN com.crudsystem.dao.InMemoryProductDAO - Tentativa de deletar produto inexistente: ID=5431243590656017385
[main] WARN com.crudsystem.service.ProductService - Produto não encontrado para deleção: ID=5431243590656017385
[main] WARN com.crudsystem.service.ProductService - Produto não encontrado: ID=5431243590656017385
[main] WARN com.crudsystem.service.ProductService - Produto não encontrado: ID=1555359975444390837
[main] WARN com.crudsystem.dao.InMemoryProductDAO - Tentativa de deletar produto inexistente: ID=1555359975444390837
[main] WARN com.crudsystem.service.ProductService - Produto não encontrado para deleção: ID=1555359975444390837
[main] WARN com.crudsystem.service.ProductService - Produto não encontrado: ID=1555359975444390837
[main] WARN com.crudsystem.service.ProductService - Produto não encontrado: ID=466
[main] WARN com.crudsystem.dao.InMemoryProductDAO - Tentativa de deletar produto inexistente: ID=466
[main] WARN com.crudsystem.service.ProductService - Produto não encontrado para deleção: ID=466
[main] WARN com.crudsystem.service.ProductService - Produto não encontrado: ID=466
[main] WARN com.crudsystem.service.ProductService - Tentativa de buscar produto com ID inválido: -1971690698686815952
[main] WARN com.crudsystem.service.ProductService - Tentativa de deletar produto com ID inválido: -1971690698686815952
[main] WARN com.crudsystem.service.ProductService - Tentativa de buscar produto com ID inválido: -6990295088625696061
[main] WARN com.crudsystem.service.ProductService - Tentativa de deletar produto com ID inválido: -6990295088625696061
[main] WARN com.crudsystem.service.ProductService - Produto não encontrado: ID=826
[main] WARN com.crudsystem.dao.InMemoryProductDAO - Tentativa de deletar produto inexistente: ID=826
[main] WARN com.crudsystem.service.ProductService - Produto não encontrado para deleção: ID=826
[main] WARN com.crudsystem.service.ProductService - Produto não encontrado: ID=826
[main] WARN com.crudsystem.service.ProductService - Produto não encontrado: ID=854
[main] WARN com.crudsystem.dao.InMemoryProductDAO - Tentativa de deletar produto inexistente: ID=854
[main] WARN com.crudsystem.service.ProductService - Produto não encontrado para deleção: ID=854
[main] WARN com.crudsystem.service.ProductService - Produto não encontrado: ID=854
[main] WARN com.crudsystem.service.ProductService - Tentativa de buscar produto com ID inválido: -7687121251565258677
[main] WARN com.crudsystem.service.ProductService - Tentativa de deletar produto com ID inválido: -7687121251565258677
[main] WARN com.crudsystem.service.ProductService - Produto não encontrado: ID=6467554754628567645
[main] WARN com.crudsystem.dao.InMemoryProductDAO - Tentativa de deletar produto inexistente: ID=6467554754628567645
[main] WARN com.crudsystem.service.ProductService - Produto não encontrado para deleção: ID=6467554754628567645
[main] WARN com.crudsystem.service.ProductService - Produto não encontrado: ID=6467554754628567645
[main] WARN com.crudsystem.service.ProductService - Tentativa de buscar produto com ID inválido: -8062201329984839367
[main] WARN com.crudsystem.service.ProductService - Tentativa de deletar produto com ID inválido: -8062201329984839367
[main] WARN com.crudsystem.service.ProductService - Tentativa de buscar produto com ID inválido: -4693000413869257413
[main] WARN com.crudsystem.service.ProductService - Tentativa de deletar produto com ID inválido: -4693000413869257413
[main] WARN com.crudsystem.service.ProductService - Tentativa de buscar produto com ID inválido: -8901271588038695182
[main] WARN com.crudsystem.service.ProductService - Tentativa de deletar produto com ID inválido: -8901271588038695182
[main] WARN com.crudsystem.service.ProductService - Produto não encontrado: ID=803
[main] WARN com.crudsystem.dao.InMemoryProductDAO - Tentativa de deletar produto inexistente: ID=803
[main] WARN com.crudsystem.service.ProductService - Produto não encontrado para deleção: ID=803
[main] WARN com.crudsystem.service.ProductService - Produto não encontrado: ID=803
[main] WARN com.crudsystem.service.ProductService - Produto não encontrado: ID=957
[main] WARN com.crudsystem.dao.InMemoryProductDAO - Tentativa de deletar produto inexistente: ID=957
[main] WARN com.crudsystem.service.ProductService - Produto não encontrado para deleção: ID=957
[main] WARN com.crudsystem.service.ProductService - Produto não encontrado: ID=957
[main] WARN com.crudsystem.service.ProductService - Tentativa de buscar produto com ID inválido: -2226725577359510537
[main] WARN com.crudsystem.service.ProductService - Tentativa de deletar produto com ID inválido: -2226725577359510537
[main] WARN com.crudsystem.service.ProductService - Produto não encontrado: ID=372554888504144959
[main] WARN com.crudsystem.dao.InMemoryProductDAO - Tentativa de deletar produto inexistente: ID=372554888504144959
[main] WARN com.crudsystem.service.ProductService - Produto não encontrado para deleção: ID=372554888504144959
[main] WARN com.crudsystem.service.ProductService - Produto não encontrado: ID=372554888504144959
]]></system-err>
  </testcase>
</testsuite>