<?xml version="1.0" encoding="UTF-8"?>
<testsuite xmlns:xsi="http://www.w3.org/2001/XMLSchema-instance" xsi:noNamespaceSchemaLocation="https://maven.apache.org/surefire/maven-surefire-plugin/xsd/surefire-test-report-3.0.xsd" version="3.0" name="com.crudsystem.integration.FailureScenarioTest" time="0.124" tests="22" errors="0" skipped="0" failures="0">
  <properties>
[...]
</properties>
  <testcase name="shouldHandleHighLoad" classname="com.crudsystem.integration.FailureScenarioTest" time="0.054">
    <system-err><![CDATA[[main] INFO com.crudsystem.dao.InMemoryProductDAO - Todos os produtos foram removidos
[main] INFO com.crudsystem.service.ProductService - ProductService inicializado
[main] INFO com.crudsystem.dao.InMemoryProductDAO - Produto criado com sucesso: ID=1
[main] INFO com.crudsystem.service.ProductService - Produto criado com sucesso: ID=1
[main] INFO com.crudsystem.dao.InMemoryProductDAO - Produto criado com sucesso: ID=2
[main] INFO com.crudsystem.service.ProductService - Produto criado com sucesso: ID=2
[main] INFO com.crudsystem.dao.InMemoryProductDAO - Produto criado com sucesso: ID=3
[main] INFO com.crudsystem.service.ProductService - Produto criado com sucesso: ID=3
[main] INFO com.crudsystem.dao.InMemoryProductDAO - Produto criado com sucesso: ID=4
[main] INFO com.crudsystem.service.ProductService - Produto criado com sucesso: ID=4
[main] INFO com.crudsystem.dao.InMemoryProductDAO - Produto criado com sucesso: ID=5
[main] INFO com.crudsystem.service.ProductService - Produto criado com sucesso: ID=5
[main] INFO com.crudsystem.dao.InMemoryProductDAO - Produto criado com sucesso: ID=6
[main] INFO com.crudsystem.service.ProductService - Produto criado com sucesso: ID=6
[main] INFO com.crudsystem.dao.InMemoryProductDAO - Produto criado com sucesso: ID=7
[main] INFO com.crudsystem.service.ProductService - Produto criado com sucesso: ID=7
[main] INFO com.crudsystem.dao.InMemoryProductDAO - Produto criado com sucesso: ID=8
[main] INFO com.crudsystem.service.ProductService - Produto criado com sucesso: ID=8
[main] INFO com.crudsystem.dao.InMemoryProductDAO - Produto criado com sucesso: ID=9
[main] INFO com.crudsystem.service.ProductService - Produto criado com sucesso: ID=9
[main] INFO com.crudsystem.dao.InMemoryProductDAO - Produto criado com sucesso: ID=10
[main] INFO com.crudsystem.service.ProductService - Produto criado com sucesso: ID=10
[main] INFO com.crudsystem.dao.InMemoryProductDAO - Produto criado com sucesso: ID=11
[main] INFO com.crudsystem.service.ProductService - Produto criado com sucesso: ID=11
[main] INFO com.crudsystem.dao.InMemoryProductDAO - Produto criado com sucesso: ID=12
[main] INFO com.crudsystem.service.ProductService - Produto criado com sucesso: ID=12
[main] INFO com.crudsystem.dao.InMemoryProductDAO - Produto criado com sucesso: ID=13
[main] INFO com.crudsystem.service.ProductService - Produto criado com sucesso: ID=13
[main] INFO com.crudsystem.dao.InMemoryProductDAO - Produto criado com sucesso: ID=14
[main] INFO com.crudsystem.service.ProductService - Produto criado com sucesso: ID=14
[main] INFO com.crudsystem.dao.InMemoryProductDAO - Produto criado com sucesso: ID=15
[main] INFO com.crudsystem.service.ProductService - Produto criado com sucesso: ID=15
[main] INFO com.crudsystem.dao.InMemoryProductDAO - Produto criado com sucesso: ID=16
[main] INFO com.crudsystem.service.ProductService - Produto criado com sucesso: ID=16
[main] INFO com.crudsystem.dao.InMemoryProductDAO - Produto criado com sucesso: ID=17
[main] INFO com.crudsystem.service.ProductService - Produto criado com sucesso: ID=17
[main] INFO com.crudsystem.dao.InMemoryProductDAO - Produto criado com sucesso: ID=18
[main] INFO com.crudsystem.service.ProductService - Produto criado com sucesso: ID=18
[main] INFO com.crudsystem.dao.InMemoryProductDAO - Produto criado com sucesso: ID=19
[main] INFO com.crudsystem.service.ProductService - Produto criado com sucesso: ID=19
[main] INFO com.crudsystem.dao.InMemoryProductDAO - Produto criado com sucesso: ID=20
[main] INFO com.crudsystem.service.ProductService - Produto criado com sucesso: ID=20
[main] INFO com.crudsystem.dao.InMemoryProductDAO - Produto criado com sucesso: ID=21
[main] INFO com.crudsystem.service.ProductService - Produto criado com sucesso: ID=21
[main] INFO com.crudsystem.dao.InMemoryProductDAO - Produto criado com sucesso: ID=22
[main] INFO com.crudsystem.service.ProductService - Produto criado com sucesso: ID=22
[main] INFO com.crudsystem.dao.InMemoryProductDAO - Produto criado com sucesso: ID=23
[main] INFO com.crudsystem.service.ProductService - Produto criado com sucesso: ID=23
[main] INFO com.crudsystem.dao.InMemoryProductDAO - Produto criado com sucesso: ID=24
[main] INFO com.crudsystem.service.ProductService - Produto criado com sucesso: ID=24
[main] INFO com.crudsystem.dao.InMemoryProductDAO - Produto criado com sucesso: ID=25
[main] INFO com.crudsystem.service.ProductService - Produto criado com sucesso: ID=25
[main] INFO com.crudsystem.dao.InMemoryProductDAO - Produto criado com sucesso: ID=26
[main] INFO com.crudsystem.service.ProductService - Produto criado com sucesso: ID=26
[main] INFO com.crudsystem.dao.InMemoryProductDAO - Produto criado com sucesso: ID=27
[main] INFO com.crudsystem.service.ProductService - Produto criado com sucesso: ID=27
[main] INFO com.crudsystem.dao.InMemoryProductDAO - Produto criado com sucesso: ID=28
[main] INFO com.crudsystem.service.ProductService - Produto criado com sucesso: ID=28
[main] INFO com.crudsystem.dao.InMemoryProductDAO - Produto criado com sucesso: ID=29
[main] INFO com.crudsystem.service.ProductService - Produto criado com sucesso: ID=29
[main] INFO com.crudsystem.dao.InMemoryProductDAO - Produto criado com sucesso: ID=30
[main] INFO com.crudsystem.service.ProductService - Produto criado com sucesso: ID=30
[main] INFO com.crudsystem.dao.InMemoryProductDAO - Produto criado com sucesso: ID=31
[main] INFO com.crudsystem.service.ProductService - Produto criado com sucesso: ID=31
[main] INFO com.crudsystem.dao.InMemoryProductDAO - Produto criado com sucesso: ID=32
[main] INFO com.crudsystem.service.ProductService - Produto criado com sucesso: ID=32
[main] INFO com.crudsystem.dao.InMemoryProductDAO - Produto criado com sucesso: ID=33
[main] INFO com.crudsystem.service.ProductService - Produto criado com sucesso: ID=33
[main] INFO com.crudsystem.dao.InMemoryProductDAO - Produto criado com sucesso: ID=34
[main] INFO com.crudsystem.service.ProductService - Produto criado com sucesso: ID=34
[main] INFO com.crudsystem.dao.InMemoryProductDAO - Produto criado com sucesso: ID=35
[main] INFO com.crudsystem.service.ProductService - Produto criado com sucesso: ID=35
[main] INFO com.crudsystem.dao.InMemoryProductDAO - Produto criado com sucesso: ID=36
[main] INFO com.crudsystem.service.ProductService - Produto criado com sucesso: ID=36
[main] INFO com.crudsystem.dao.InMemoryProductDAO - Produto criado com sucesso: ID=37
[main] INFO com.crudsystem.service.ProductService - Produto criado com sucesso: ID=37
[main] INFO com.crudsystem.dao.InMemoryProductDAO - Produto criado com sucesso: ID=38
[main] INFO com.crudsystem.service.ProductService - Produto criado com sucesso: ID=38
[main] INFO com.crudsystem.dao.InMemoryProductDAO - Produto criado com sucesso: ID=39
[main] INFO com.crudsystem.service.ProductService - Produto criado com sucesso: ID=39
[main] INFO com.crudsystem.dao.InMemoryProductDAO - Produto criado com sucesso: ID=40
[main] INFO com.crudsystem.service.ProductService - Produto criado com sucesso: ID=40
[main] INFO com.crudsystem.dao.InMemoryProductDAO - Produto criado com sucesso: ID=41
[main] INFO com.crudsystem.service.ProductService - Produto criado com sucesso: ID=41
[main] INFO com.crudsystem.dao.InMemoryProductDAO - Produto criado com sucesso: ID=42
[main] INFO com.crudsystem.service.ProductService - Produto criado com sucesso: ID=42
[main] INFO com.crudsystem.dao.InMemoryProductDAO - Produto criado com sucesso: ID=43
[main] INFO com.crudsystem.service.ProductService - Produto criado com sucesso: ID=43
[main] INFO com.crudsystem.dao.InMemoryProductDAO - Produto criado com sucesso: ID=44
[main] INFO com.crudsystem.service.ProductService - Produto criado com sucesso: ID=44
[main] INFO com.crudsystem.dao.InMemoryProductDAO - Produto criado com sucesso: ID=45
[main] INFO com.crudsystem.service.ProductService - Produto criado com sucesso: ID=45
[main] INFO com.crudsystem.dao.InMemoryProductDAO - Produto criado com sucesso: ID=46
[main] INFO com.crudsystem.service.ProductService - Produto criado com sucesso: ID=46
[main] INFO com.crudsystem.dao.InMemoryProductDAO - Produto criado com sucesso: ID=47
[main] INFO com.crudsystem.service.ProductService - Produto criado com sucesso: ID=47
[main] INFO com.crudsystem.dao.InMemoryProductDAO - Produto criado com sucesso: ID=48
[main] INFO com.crudsystem.service.ProductService - Produto criado com sucesso: ID=48
[main] INFO com.crudsystem.dao.InMemoryProductDAO - Produto criado com sucesso: ID=49
[main] INFO com.crudsystem.service.ProductService - Produto criado com sucesso: ID=49
[main] INFO com.crudsystem.dao.InMemoryProductDAO - Produto criado com sucesso: ID=50
[main] INFO com.crudsystem.service.ProductService - Produto criado com sucesso: ID=50
[main] INFO com.crudsystem.dao.InMemoryProductDAO - Produto criado com sucesso: ID=51
[main] INFO com.crudsystem.service.ProductService - Produto criado com sucesso: ID=51
[main] INFO com.crudsystem.dao.InMemoryProductDAO - Produto criado com sucesso: ID=52
[main] INFO com.crudsystem.service.ProductService - Produto criado com sucesso: ID=52
[main] INFO com.crudsystem.dao.InMemoryProductDAO - Produto criado com sucesso: ID=53
[main] INFO com.crudsystem.service.ProductService - Produto criado com sucesso: ID=53
[main] INFO com.crudsystem.dao.InMemoryProductDAO - Produto criado com sucesso: ID=54
[main] INFO com.crudsystem.service.ProductService - Produto criado com sucesso: ID=54
[main] INFO com.crudsystem.dao.InMemoryProductDAO - Produto criado com sucesso: ID=55
[main] INFO com.crudsystem.service.ProductService - Produto criado com sucesso: ID=55
[main] INFO com.crudsystem.dao.InMemoryProductDAO - Produto criado com sucesso: ID=56
[main] INFO com.crudsystem.service.ProductService - Produto criado com sucesso: ID=56
[main] INFO com.crudsystem.dao.InMemoryProductDAO - Produto criado com sucesso: ID=57
[main] INFO com.crudsystem.service.ProductService - Produto criado com sucesso: ID=57
[main] INFO com.crudsystem.dao.InMemoryProductDAO - Produto criado com sucesso: ID=58
[main] INFO com.crudsystem.service.ProductService - Produto criado com sucesso: ID=58
[main] INFO com.crudsystem.dao.InMemoryProductDAO - Produto criado com sucesso: ID=59
[main] INFO com.crudsystem.service.ProductService - Produto criado com sucesso: ID=59
[main] INFO com.crudsystem.dao.InMemoryProductDAO - Produto criado com sucesso: ID=60
[main] INFO com.crudsystem.service.ProductService - Produto criado com sucesso: ID=60
[main] INFO com.crudsystem.dao.InMemoryProductDAO - Produto criado com sucesso: ID=61
[main] INFO com.crudsystem.service.ProductService - Produto criado com sucesso: ID=61
[main] INFO com.crudsystem.dao.InMemoryProductDAO - Produto criado com sucesso: ID=62
[main] INFO com.crudsystem.service.ProductService - Produto criado com sucesso: ID=62
[main] INFO com.crudsystem.dao.InMemoryProductDAO - Produto criado com sucesso: ID=63
[main] INFO com.crudsystem.service.ProductService - Produto criado com sucesso: ID=63
[main] INFO com.crudsystem.dao.InMemoryProductDAO - Produto criado com sucesso: ID=64
[main] INFO com.crudsystem.service.ProductService - Produto criado com sucesso: ID=64
[main] INFO com.crudsystem.dao.InMemoryProductDAO - Produto criado com sucesso: ID=65
[main] INFO com.crudsystem.service.ProductService - Produto criado com sucesso: ID=65
[main] INFO com.crudsystem.dao.InMemoryProductDAO - Produto criado com sucesso: ID=66
[main] INFO com.crudsystem.service.ProductService - Produto criado com sucesso: ID=66
[main] INFO com.crudsystem.dao.InMemoryProductDAO - Produto criado com sucesso: ID=67
[main] INFO com.crudsystem.service.ProductService - Produto criado com sucesso: ID=67
[main] INFO com.crudsystem.dao.InMemoryProductDAO - Produto criado com sucesso: ID=68
[main] INFO com.crudsystem.service.ProductService - Produto criado com sucesso: ID=68
[main] INFO com.crudsystem.dao.InMemoryProductDAO - Produto criado com sucesso: ID=69
[main] INFO com.crudsystem.service.ProductService - Produto criado com sucesso: ID=69
[main] INFO com.crudsystem.dao.InMemoryProductDAO - Produto criado com sucesso: ID=70
[main] INFO com.crudsystem.service.ProductService - Produto criado com sucesso: ID=70
[main] INFO com.crudsystem.dao.InMemoryProductDAO - Produto criado com sucesso: ID=71
[main] INFO com.crudsystem.service.ProductService - Produto criado com sucesso: ID=71
[main] INFO com.crudsystem.dao.InMemoryProductDAO - Produto criado com sucesso: ID=72
[main] INFO com.crudsystem.service.ProductService - Produto criado com sucesso: ID=72
[main] INFO com.crudsystem.dao.InMemoryProductDAO - Produto criado com sucesso: ID=73
[main] INFO com.crudsystem.service.ProductService - Produto criado com sucesso: ID=73
[main] INFO com.crudsystem.dao.InMemoryProductDAO - Produto criado com sucesso: ID=74
[main] INFO com.crudsystem.service.ProductService - Produto criado com sucesso: ID=74
[main] INFO com.crudsystem.dao.InMemoryProductDAO - Produto criado com sucesso: ID=75
[main] INFO com.crudsystem.service.ProductService - Produto criado com sucesso: ID=75
[main] INFO com.crudsystem.dao.InMemoryProductDAO - Produto criado com sucesso: ID=76
[main] INFO com.crudsystem.service.ProductService - Produto criado com sucesso: ID=76
[main] INFO com.crudsystem.dao.InMemoryProductDAO - Produto criado com sucesso: ID=77
[main] INFO com.crudsystem.service.ProductService - Produto criado com sucesso: ID=77
[main] INFO com.crudsystem.dao.InMemoryProductDAO - Produto criado com sucesso: ID=78
[main] INFO com.crudsystem.service.ProductService - Produto criado com sucesso: ID=78
[main] INFO com.crudsystem.dao.InMemoryProductDAO - Produto criado com sucesso: ID=79
[main] INFO com.crudsystem.service.ProductService - Produto criado com sucesso: ID=79
[main] INFO com.crudsystem.dao.InMemoryProductDAO - Produto criado com sucesso: ID=80
[main] INFO com.crudsystem.service.ProductService - Produto criado com sucesso: ID=80
[main] INFO com.crudsystem.dao.InMemoryProductDAO - Produto criado com sucesso: ID=81
[main] INFO com.crudsystem.service.ProductService - Produto criado com sucesso: ID=81
[main] INFO com.crudsystem.dao.InMemoryProductDAO - Produto criado com sucesso: ID=82
[main] INFO com.crudsystem.service.ProductService - Produto criado com sucesso: ID=82
[main] INFO com.crudsystem.dao.InMemoryProductDAO - Produto criado com sucesso: ID=83
[main] INFO com.crudsystem.service.ProductService - Produto criado com sucesso: ID=83
[main] INFO com.crudsystem.dao.InMemoryProductDAO - Produto criado com sucesso: ID=84
[main] INFO com.crudsystem.service.ProductService - Produto criado com sucesso: ID=84
[main] INFO com.crudsystem.dao.InMemoryProductDAO - Produto criado com sucesso: ID=85
[main] INFO com.crudsystem.service.ProductService - Produto criado com sucesso: ID=85
[main] INFO com.crudsystem.dao.InMemoryProductDAO - Produto criado com sucesso: ID=86
[main] INFO com.crudsystem.service.ProductService - Produto criado com sucesso: ID=86
[main] INFO com.crudsystem.dao.InMemoryProductDAO - Produto criado com sucesso: ID=87
[main] INFO com.crudsystem.service.ProductService - Produto criado com sucesso: ID=87
[main] INFO com.crudsystem.dao.InMemoryProductDAO - Produto criado com sucesso: ID=88
[main] INFO com.crudsystem.service.ProductService - Produto criado com sucesso: ID=88
[main] INFO com.crudsystem.dao.InMemoryProductDAO - Produto criado com sucesso: ID=89
[main] INFO com.crudsystem.service.ProductService - Produto criado com sucesso: ID=89
[main] INFO com.crudsystem.dao.InMemoryProductDAO - Produto criado com sucesso: ID=90
[main] INFO com.crudsystem.service.ProductService - Produto criado com sucesso: ID=90
[main] INFO com.crudsystem.dao.InMemoryProductDAO - Produto criado com sucesso: ID=91
[main] INFO com.crudsystem.service.ProductService - Produto criado com sucesso: ID=91
[main] INFO com.crudsystem.dao.InMemoryProductDAO - Produto criado com sucesso: ID=92
[main] INFO com.crudsystem.service.ProductService - Produto criado com sucesso: ID=92
[main] INFO com.crudsystem.dao.InMemoryProductDAO - Produto criado com sucesso: ID=93
[main] INFO com.crudsystem.service.ProductService - Produto criado com sucesso: ID=93
[main] INFO com.crudsystem.dao.InMemoryProductDAO - Produto criado com sucesso: ID=94
[main] INFO com.crudsystem.service.ProductService - Produto criado com sucesso: ID=94
[main] INFO com.crudsystem.dao.InMemoryProductDAO - Produto criado com sucesso: ID=95
[main] INFO com.crudsystem.service.ProductService - Produto criado com sucesso: ID=95
[main] INFO com.crudsystem.dao.InMemoryProductDAO - Produto criado com sucesso: ID=96
[main] INFO com.crudsystem.service.ProductService - Produto criado com sucesso: ID=96
[main] INFO com.crudsystem.dao.InMemoryProductDAO - Produto criado com sucesso: ID=97
[main] INFO com.crudsystem.service.ProductService - Produto criado com sucesso: ID=97
[main] INFO com.crudsystem.dao.InMemoryProductDAO - Produto criado com sucesso: ID=98
[main] INFO com.crudsystem.service.ProductService - Produto criado com sucesso: ID=98
[main] INFO com.crudsystem.dao.InMemoryProductDAO - Produto criado com sucesso: ID=99
[main] INFO com.crudsystem.service.ProductService - Produto criado com sucesso: ID=99
[main] INFO com.crudsystem.dao.InMemoryProductDAO - Produto criado com sucesso: ID=100
[main] INFO com.crudsystem.service.ProductService - Produto criado com sucesso: ID=100
[main] INFO com.crudsystem.dao.InMemoryProductDAO - Produto criado com sucesso: ID=101
[main] INFO com.crudsystem.service.ProductService - Produto criado com sucesso: ID=101
[main] INFO com.crudsystem.dao.InMemoryProductDAO - Produto criado com sucesso: ID=102
[main] INFO com.crudsystem.service.ProductService - Produto criado com sucesso: ID=102
[main] INFO com.crudsystem.dao.InMemoryProductDAO - Produto criado com sucesso: ID=103
[main] INFO com.crudsystem.service.ProductService - Produto criado com sucesso: ID=103
[main] INFO com.crudsystem.dao.InMemoryProductDAO - Produto criado com sucesso: ID=104
[main] INFO com.crudsystem.service.ProductService - Produto criado com sucesso: ID=104
[main] INFO com.crudsystem.dao.InMemoryProductDAO - Produto criado com sucesso: ID=105
[main] INFO com.crudsystem.service.ProductService - Produto criado com sucesso: ID=105
[main] INFO com.crudsystem.dao.InMemoryProductDAO - Produto criado com sucesso: ID=106
[main] INFO com.crudsystem.service.ProductService - Produto criado com sucesso: ID=106
[main] INFO com.crudsystem.dao.InMemoryProductDAO - Produto criado com sucesso: ID=107
[main] INFO com.crudsystem.service.ProductService - Produto criado com sucesso: ID=107
[main] INFO com.crudsystem.dao.InMemoryProductDAO - Produto criado com sucesso: ID=108
[main] INFO com.crudsystem.service.ProductService - Produto criado com sucesso: ID=108
[main] INFO com.crudsystem.dao.InMemoryProductDAO - Produto criado com sucesso: ID=109
[main] INFO com.crudsystem.service.ProductService - Produto criado com sucesso: ID=109
[main] INFO com.crudsystem.dao.InMemoryProductDAO - Produto criado com sucesso: ID=110
[main] INFO com.crudsystem.service.ProductService - Produto criado com sucesso: ID=110
[main] INFO com.crudsystem.dao.InMemoryProductDAO - Produto criado com sucesso: ID=111
[main] INFO com.crudsystem.service.ProductService - Produto criado com sucesso: ID=111
[main] INFO com.crudsystem.dao.InMemoryProductDAO - Produto criado com sucesso: ID=112
[main] INFO com.crudsystem.service.ProductService - Produto criado com sucesso: ID=112
[main] INFO com.crudsystem.dao.InMemoryProductDAO - Produto criado com sucesso: ID=113
[main] INFO com.crudsystem.service.ProductService - Produto criado com sucesso: ID=113
[main] INFO com.crudsystem.dao.InMemoryProductDAO - Produto criado com sucesso: ID=114
[main] INFO com.crudsystem.service.ProductService - Produto criado com sucesso: ID=114
[main] INFO com.crudsystem.dao.InMemoryProductDAO - Produto criado com sucesso: ID=115
[main] INFO com.crudsystem.service.ProductService - Produto criado com sucesso: ID=115
[main] INFO com.crudsystem.dao.InMemoryProductDAO - Produto criado com sucesso: ID=116
[main] INFO com.crudsystem.service.ProductService - Produto criado com sucesso: ID=116
[main] INFO com.crudsystem.dao.InMemoryProductDAO - Produto criado com sucesso: ID=117
[main] INFO com.crudsystem.service.ProductService - Produto criado com sucesso: ID=117
[main] INFO com.crudsystem.dao.InMemoryProductDAO - Produto criado com sucesso: ID=118
[main] INFO com.crudsystem.service.ProductService - Produto criado com sucesso: ID=118
[main] INFO com.crudsystem.dao.InMemoryProductDAO - Produto criado com sucesso: ID=119
[main] INFO com.crudsystem.service.ProductService - Produto criado com sucesso: ID=119
[main] INFO com.crudsystem.dao.InMemoryProductDAO - Produto criado com sucesso: ID=120
[main] INFO com.crudsystem.service.ProductService - Produto criado com sucesso: ID=120
[main] INFO com.crudsystem.dao.InMemoryProductDAO - Produto criado com sucesso: ID=121
[main] INFO com.crudsystem.service.ProductService - Produto criado com sucesso: ID=121
[main] INFO com.crudsystem.dao.InMemoryProductDAO - Produto criado com sucesso: ID=122
[main] INFO com.crudsystem.service.ProductService - Produto criado com sucesso: ID=122
[main] INFO com.crudsystem.dao.InMemoryProductDAO - Produto criado com sucesso: ID=123
[main] INFO com.crudsystem.service.ProductService - Produto criado com sucesso: ID=123
[main] INFO com.crudsystem.dao.InMemoryProductDAO - Produto criado com sucesso: ID=124
[main] INFO com.crudsystem.service.ProductService - Produto criado com sucesso: ID=124
[main] INFO com.crudsystem.dao.InMemoryProductDAO - Produto criado com sucesso: ID=125
[main] INFO com.crudsystem.service.ProductService - Produto criado com sucesso: ID=125
[main] INFO com.crudsystem.dao.InMemoryProductDAO - Produto criado com sucesso: ID=126
[main] INFO com.crudsystem.service.ProductService - Produto criado com sucesso: ID=126
[main] INFO com.crudsystem.dao.InMemoryProductDAO - Produto criado com sucesso: ID=127
[main] INFO com.crudsystem.service.ProductService - Produto criado com sucesso: ID=127
[main] INFO com.crudsystem.dao.InMemoryProductDAO - Produto criado com sucesso: ID=128
[main] INFO com.crudsystem.service.ProductService - Produto criado com sucesso: ID=128
[main] INFO com.crudsystem.dao.InMemoryProductDAO - Produto criado com sucesso: ID=129
[main] INFO com.crudsystem.service.ProductService - Produto criado com sucesso: ID=129
[main] INFO com.crudsystem.dao.InMemoryProductDAO - Produto criado com sucesso: ID=130
[main] INFO com.crudsystem.service.ProductService - Produto criado com sucesso: ID=130
[main] INFO com.crudsystem.dao.InMemoryProductDAO - Produto criado com sucesso: ID=131
[main] INFO com.crudsystem.service.ProductService - Produto criado com sucesso: ID=131
[main] INFO com.crudsystem.dao.InMemoryProductDAO - Produto criado com sucesso: ID=132
[main] INFO com.crudsystem.service.ProductService - Produto criado com sucesso: ID=132
[main] INFO com.crudsystem.dao.InMemoryProductDAO - Produto criado com sucesso: ID=133
[main] INFO com.crudsystem.service.ProductService - Produto criado com sucesso: ID=133
[main] INFO com.crudsystem.dao.InMemoryProductDAO - Produto criado com sucesso: ID=134
[main] INFO com.crudsystem.service.ProductService - Produto criado com sucesso: ID=134
[main] INFO com.crudsystem.dao.InMemoryProductDAO - Produto criado com sucesso: ID=135
[main] INFO com.crudsystem.service.ProductService - Produto criado com sucesso: ID=135
[main] INFO com.crudsystem.dao.InMemoryProductDAO - Produto criado com sucesso: ID=136
[main] INFO com.crudsystem.service.ProductService - Produto criado com sucesso: ID=136
[main] INFO com.crudsystem.dao.InMemoryProductDAO - Produto criado com sucesso: ID=137
[main] INFO com.crudsystem.service.ProductService - Produto criado com sucesso: ID=137
[main] INFO com.crudsystem.dao.InMemoryProductDAO - Produto criado com sucesso: ID=138
[main] INFO com.crudsystem.service.ProductService - Produto criado com sucesso: ID=138
[main] INFO com.crudsystem.dao.InMemoryProductDAO - Produto criado com sucesso: ID=139
[main] INFO com.crudsystem.service.ProductService - Produto criado com sucesso: ID=139
[main] INFO com.crudsystem.dao.InMemoryProductDAO - Produto criado com sucesso: ID=140
[main] INFO com.crudsystem.service.ProductService - Produto criado com sucesso: ID=140
[main] INFO com.crudsystem.dao.InMemoryProductDAO - Produto criado com sucesso: ID=141
[main] INFO com.crudsystem.service.ProductService - Produto criado com sucesso: ID=141
[main] INFO com.crudsystem.dao.InMemoryProductDAO - Produto criado com sucesso: ID=142
[main] INFO com.crudsystem.service.ProductService - Produto criado com sucesso: ID=142
[main] INFO com.crudsystem.dao.InMemoryProductDAO - Produto criado com sucesso: ID=143
[main] INFO com.crudsystem.service.ProductService - Produto criado com sucesso: ID=143
[main] INFO com.crudsystem.dao.InMemoryProductDAO - Produto criado com sucesso: ID=144
[main] INFO com.crudsystem.service.ProductService - Produto criado com sucesso: ID=144
[main] INFO com.crudsystem.dao.InMemoryProductDAO - Produto criado com sucesso: ID=145
[main] INFO com.crudsystem.service.ProductService - Produto criado com sucesso: ID=145
[main] INFO com.crudsystem.dao.InMemoryProductDAO - Produto criado com sucesso: ID=146
[main] INFO com.crudsystem.service.ProductService - Produto criado com sucesso: ID=146
[main] INFO com.crudsystem.dao.InMemoryProductDAO - Produto criado com sucesso: ID=147
[main] INFO com.crudsystem.service.ProductService - Produto criado com sucesso: ID=147
[main] INFO com.crudsystem.dao.InMemoryProductDAO - Produto criado com sucesso: ID=148
[main] INFO com.crudsystem.service.ProductService - Produto criado com sucesso: ID=148
[main] INFO com.crudsystem.dao.InMemoryProductDAO - Produto criado com sucesso: ID=149
[main] INFO com.crudsystem.service.ProductService - Produto criado com sucesso: ID=149
[main] INFO com.crudsystem.dao.InMemoryProductDAO - Produto criado com sucesso: ID=150
[main] INFO com.crudsystem.service.ProductService - Produto criado com sucesso: ID=150
[main] INFO com.crudsystem.dao.InMemoryProductDAO - Produto criado com sucesso: ID=151
[main] INFO com.crudsystem.service.ProductService - Produto criado com sucesso: ID=151
[main] INFO com.crudsystem.dao.InMemoryProductDAO - Produto criado com sucesso: ID=152
[main] INFO com.crudsystem.service.ProductService - Produto criado com sucesso: ID=152
[main] INFO com.crudsystem.dao.InMemoryProductDAO - Produto criado com sucesso: ID=153
[main] INFO com.crudsystem.service.ProductService - Produto criado com sucesso: ID=153
[main] INFO com.crudsystem.dao.InMemoryProductDAO - Produto criado com sucesso: ID=154
[main] INFO com.crudsystem.service.ProductService - Produto criado com sucesso: ID=154
[main] INFO com.crudsystem.dao.InMemoryProductDAO - Produto criado com sucesso: ID=155
[main] INFO com.crudsystem.service.ProductService - Produto criado com sucesso: ID=155
[main] INFO com.crudsystem.dao.InMemoryProductDAO - Produto criado com sucesso: ID=156
[main] INFO com.crudsystem.service.ProductService - Produto criado com sucesso: ID=156
[main] INFO com.crudsystem.dao.InMemoryProductDAO - Produto criado com sucesso: ID=157
[main] INFO com.crudsystem.service.ProductService - Produto criado com sucesso: ID=157
[main] INFO com.crudsystem.dao.InMemoryProductDAO - Produto criado com sucesso: ID=158
[main] INFO com.crudsystem.service.ProductService - Produto criado com sucesso: ID=158
[main] INFO com.crudsystem.dao.InMemoryProductDAO - Produto criado com sucesso: ID=159
[main] INFO com.crudsystem.service.ProductService - Produto criado com sucesso: ID=159
[main] INFO com.crudsystem.dao.InMemoryProductDAO - Produto criado com sucesso: ID=160
[main] INFO com.crudsystem.service.ProductService - Produto criado com sucesso: ID=160
[main] INFO com.crudsystem.dao.InMemoryProductDAO - Produto criado com sucesso: ID=161
[main] INFO com.crudsystem.service.ProductService - Produto criado com sucesso: ID=161
[main] INFO com.crudsystem.dao.InMemoryProductDAO - Produto criado com sucesso: ID=162
[main] INFO com.crudsystem.service.ProductService - Produto criado com sucesso: ID=162
[main] INFO com.crudsystem.dao.InMemoryProductDAO - Produto criado com sucesso: ID=163
[main] INFO com.crudsystem.service.ProductService - Produto criado com sucesso: ID=163
[main] INFO com.crudsystem.dao.InMemoryProductDAO - Produto criado com sucesso: ID=164
[main] INFO com.crudsystem.service.ProductService - Produto criado com sucesso: ID=164
[main] INFO com.crudsystem.dao.InMemoryProductDAO - Produto criado com sucesso: ID=165
[main] INFO com.crudsystem.service.ProductService - Produto criado com sucesso: ID=165
[main] INFO com.crudsystem.dao.InMemoryProductDAO - Produto criado com sucesso: ID=166
[main] INFO com.crudsystem.service.ProductService - Produto criado com sucesso: ID=166
[main] INFO com.crudsystem.dao.InMemoryProductDAO - Produto criado com sucesso: ID=167
[main] INFO com.crudsystem.service.ProductService - Produto criado com sucesso: ID=167
[main] INFO com.crudsystem.dao.InMemoryProductDAO - Produto criado com sucesso: ID=168
[main] INFO com.crudsystem.service.ProductService - Produto criado com sucesso: ID=168
[main] INFO com.crudsystem.dao.InMemoryProductDAO - Produto criado com sucesso: ID=169
[main] INFO com.crudsystem.service.ProductService - Produto criado com sucesso: ID=169
[main] INFO com.crudsystem.dao.InMemoryProductDAO - Produto criado com sucesso: ID=170
[main] INFO com.crudsystem.service.ProductService - Produto criado com sucesso: ID=170
[main] INFO com.crudsystem.dao.InMemoryProductDAO - Produto criado com sucesso: ID=171
[main] INFO com.crudsystem.service.ProductService - Produto criado com sucesso: ID=171
[main] INFO com.crudsystem.dao.InMemoryProductDAO - Produto criado com sucesso: ID=172
[main] INFO com.crudsystem.service.ProductService - Produto criado com sucesso: ID=172
[main] INFO com.crudsystem.dao.InMemoryProductDAO - Produto criado com sucesso: ID=173
[main] INFO com.crudsystem.service.ProductService - Produto criado com sucesso: ID=173
[main] INFO com.crudsystem.dao.InMemoryProductDAO - Produto criado com sucesso: ID=174
[main] INFO com.crudsystem.service.ProductService - Produto criado com sucesso: ID=174
[main] INFO com.crudsystem.dao.InMemoryProductDAO - Produto criado com sucesso: ID=175
[main] INFO com.crudsystem.service.ProductService - Produto criado com sucesso: ID=175
[main] INFO com.crudsystem.dao.InMemoryProductDAO - Produto criado com sucesso: ID=176
[main] INFO com.crudsystem.service.ProductService - Produto criado com sucesso: ID=176
[main] INFO com.crudsystem.dao.InMemoryProductDAO - Produto criado com sucesso: ID=177
[main] INFO com.crudsystem.service.ProductService - Produto criado com sucesso: ID=177
[main] INFO com.crudsystem.dao.InMemoryProductDAO - Produto criado com sucesso: ID=178
[main] INFO com.crudsystem.service.ProductService - Produto criado com sucesso: ID=178
[main] INFO com.crudsystem.dao.InMemoryProductDAO - Produto criado com sucesso: ID=179
[main] INFO com.crudsystem.service.ProductService - Produto criado com sucesso: ID=179
[main] INFO com.crudsystem.dao.InMemoryProductDAO - Produto criado com sucesso: ID=180
[main] INFO com.crudsystem.service.ProductService - Produto criado com sucesso: ID=180
[main] INFO com.crudsystem.dao.InMemoryProductDAO - Produto criado com sucesso: ID=181
[main] INFO com.crudsystem.service.ProductService - Produto criado com sucesso: ID=181
[main] INFO com.crudsystem.dao.InMemoryProductDAO - Produto criado com sucesso: ID=182
[main] INFO com.crudsystem.service.ProductService - Produto criado com sucesso: ID=182
[main] INFO com.crudsystem.dao.InMemoryProductDAO - Produto criado com sucesso: ID=183
[main] INFO com.crudsystem.service.ProductService - Produto criado com sucesso: ID=183
[main] INFO com.crudsystem.dao.InMemoryProductDAO - Produto criado com sucesso: ID=184
[main] INFO com.crudsystem.service.ProductService - Produto criado com sucesso: ID=184
[main] INFO com.crudsystem.dao.InMemoryProductDAO - Produto criado com sucesso: ID=185
[main] INFO com.crudsystem.service.ProductService - Produto criado com sucesso: ID=185
[main] INFO com.crudsystem.dao.InMemoryProductDAO - Produto criado com sucesso: ID=186
[main] INFO com.crudsystem.service.ProductService - Produto criado com sucesso: ID=186
[main] INFO com.crudsystem.dao.InMemoryProductDAO - Produto criado com sucesso: ID=187
[main] INFO com.crudsystem.service.ProductService - Produto criado com sucesso: ID=187
[main] INFO com.crudsystem.dao.InMemoryProductDAO - Produto criado com sucesso: ID=188
[main] INFO com.crudsystem.service.ProductService - Produto criado com sucesso: ID=188
[main] INFO com.crudsystem.dao.InMemoryProductDAO - Produto criado com sucesso: ID=189
[main] INFO com.crudsystem.service.ProductService - Produto criado com sucesso: ID=189
[main] INFO com.crudsystem.dao.InMemoryProductDAO - Produto criado com sucesso: ID=190
[main] INFO com.crudsystem.service.ProductService - Produto criado com sucesso: ID=190
[main] INFO com.crudsystem.dao.InMemoryProductDAO - Produto criado com sucesso: ID=191
[main] INFO com.crudsystem.service.ProductService - Produto criado com sucesso: ID=191
[main] INFO com.crudsystem.dao.InMemoryProductDAO - Produto criado com sucesso: ID=192
[main] INFO com.crudsystem.service.ProductService - Produto criado com sucesso: ID=192
[main] INFO com.crudsystem.dao.InMemoryProductDAO - Produto criado com sucesso: ID=193
[main] INFO com.crudsystem.service.ProductService - Produto criado com sucesso: ID=193
[main] INFO com.crudsystem.dao.InMemoryProductDAO - Produto criado com sucesso: ID=194
[main] INFO com.crudsystem.service.ProductService - Produto criado com sucesso: ID=194
[main] INFO com.crudsystem.dao.InMemoryProductDAO - Produto criado com sucesso: ID=195
[main] INFO com.crudsystem.service.ProductService - Produto criado com sucesso: ID=195
[main] INFO com.crudsystem.dao.InMemoryProductDAO - Produto criado com sucesso: ID=196
[main] INFO com.crudsystem.service.ProductService - Produto criado com sucesso: ID=196
[main] INFO com.crudsystem.dao.InMemoryProductDAO - Produto criado com sucesso: ID=197
[main] INFO com.crudsystem.service.ProductService - Produto criado com sucesso: ID=197
[main] INFO com.crudsystem.dao.InMemoryProductDAO - Produto criado com sucesso: ID=198
[main] INFO com.crudsystem.service.ProductService - Produto criado com sucesso: ID=198
[main] INFO com.crudsystem.dao.InMemoryProductDAO - Produto criado com sucesso: ID=199
[main] INFO com.crudsystem.service.ProductService - Produto criado com sucesso: ID=199
[main] INFO com.crudsystem.dao.InMemoryProductDAO - Produto criado com sucesso: ID=200
[main] INFO com.crudsystem.service.ProductService - Produto criado com sucesso: ID=200
[main] INFO com.crudsystem.dao.InMemoryProductDAO - Produto criado com sucesso: ID=201
[main] INFO com.crudsystem.service.ProductService - Produto criado com sucesso: ID=201
[main] INFO com.crudsystem.dao.InMemoryProductDAO - Produto criado com sucesso: ID=202
[main] INFO com.crudsystem.service.ProductService - Produto criado com sucesso: ID=202
[main] INFO com.crudsystem.dao.InMemoryProductDAO - Produto criado com sucesso: ID=203
[main] INFO com.crudsystem.service.ProductService - Produto criado com sucesso: ID=203
[main] INFO com.crudsystem.dao.InMemoryProductDAO - Produto criado com sucesso: ID=204
[main] INFO com.crudsystem.service.ProductService - Produto criado com sucesso: ID=204
[main] INFO com.crudsystem.dao.InMemoryProductDAO - Produto criado com sucesso: ID=205
[main] INFO com.crudsystem.service.ProductService - Produto criado com sucesso: ID=205
[main] INFO com.crudsystem.dao.InMemoryProductDAO - Produto criado com sucesso: ID=206
[main] INFO com.crudsystem.service.ProductService - Produto criado com sucesso: ID=206
[main] INFO com.crudsystem.dao.InMemoryProductDAO - Produto criado com sucesso: ID=207
[main] INFO com.crudsystem.service.ProductService - Produto criado com sucesso: ID=207
[main] INFO com.crudsystem.dao.InMemoryProductDAO - Produto criado com sucesso: ID=208
[main] INFO com.crudsystem.service.ProductService - Produto criado com sucesso: ID=208
[main] INFO com.crudsystem.dao.InMemoryProductDAO - Produto criado com sucesso: ID=209
[main] INFO com.crudsystem.service.ProductService - Produto criado com sucesso: ID=209
[main] INFO com.crudsystem.dao.InMemoryProductDAO - Produto criado com sucesso: ID=210
[main] INFO com.crudsystem.service.ProductService - Produto criado com sucesso: ID=210
[main] INFO com.crudsystem.dao.InMemoryProductDAO - Produto criado com sucesso: ID=211
[main] INFO com.crudsystem.service.ProductService - Produto criado com sucesso: ID=211
[main] INFO com.crudsystem.dao.InMemoryProductDAO - Produto criado com sucesso: ID=212
[main] INFO com.crudsystem.service.ProductService - Produto criado com sucesso: ID=212
[main] INFO com.crudsystem.dao.InMemoryProductDAO - Produto criado com sucesso: ID=213
[main] INFO com.crudsystem.service.ProductService - Produto criado com sucesso: ID=213
[main] INFO com.crudsystem.dao.InMemoryProductDAO - Produto criado com sucesso: ID=214
[main] INFO com.crudsystem.service.ProductService - Produto criado com sucesso: ID=214
[main] INFO com.crudsystem.dao.InMemoryProductDAO - Produto criado com sucesso: ID=215
[main] INFO com.crudsystem.service.ProductService - Produto criado com sucesso: ID=215
[main] INFO com.crudsystem.dao.InMemoryProductDAO - Produto criado com sucesso: ID=216
[main] INFO com.crudsystem.service.ProductService - Produto criado com sucesso: ID=216
[main] INFO com.crudsystem.dao.InMemoryProductDAO - Produto criado com sucesso: ID=217
[main] INFO com.crudsystem.service.ProductService - Produto criado com sucesso: ID=217
[main] INFO com.crudsystem.dao.InMemoryProductDAO - Produto criado com sucesso: ID=218
[main] INFO com.crudsystem.service.ProductService - Produto criado com sucesso: ID=218
[main] INFO com.crudsystem.dao.InMemoryProductDAO - Produto criado com sucesso: ID=219
[main] INFO com.crudsystem.service.ProductService - Produto criado com sucesso: ID=219
[main] INFO com.crudsystem.dao.InMemoryProductDAO - Produto criado com sucesso: ID=220
[main] INFO com.crudsystem.service.ProductService - Produto criado com sucesso: ID=220
[main] INFO com.crudsystem.dao.InMemoryProductDAO - Produto criado com sucesso: ID=221
[main] INFO com.crudsystem.service.ProductService - Produto criado com sucesso: ID=221
[main] INFO com.crudsystem.dao.InMemoryProductDAO - Produto criado com sucesso: ID=222
[main] INFO com.crudsystem.service.ProductService - Produto criado com sucesso: ID=222
[main] INFO com.crudsystem.dao.InMemoryProductDAO - Produto criado com sucesso: ID=223
[main] INFO com.crudsystem.service.ProductService - Produto criado com sucesso: ID=223
[main] INFO com.crudsystem.dao.InMemoryProductDAO - Produto criado com sucesso: ID=224
[main] INFO com.crudsystem.service.ProductService - Produto criado com sucesso: ID=224
[main] INFO com.crudsystem.dao.InMemoryProductDAO - Produto criado com sucesso: ID=225
[main] INFO com.crudsystem.service.ProductService - Produto criado com sucesso: ID=225
[main] INFO com.crudsystem.dao.InMemoryProductDAO - Produto criado com sucesso: ID=226
[main] INFO com.crudsystem.service.ProductService - Produto criado com sucesso: ID=226
[main] INFO com.crudsystem.dao.InMemoryProductDAO - Produto criado com sucesso: ID=227
[main] INFO com.crudsystem.service.ProductService - Produto criado com sucesso: ID=227
[main] INFO com.crudsystem.dao.InMemoryProductDAO - Produto criado com sucesso: ID=228
[main] INFO com.crudsystem.service.ProductService - Produto criado com sucesso: ID=228
[main] INFO com.crudsystem.dao.InMemoryProductDAO - Produto criado com sucesso: ID=229
[main] INFO com.crudsystem.service.ProductService - Produto criado com sucesso: ID=229
[main] INFO com.crudsystem.dao.InMemoryProductDAO - Produto criado com sucesso: ID=230
[main] INFO com.crudsystem.service.ProductService - Produto criado com sucesso: ID=230
[main] INFO com.crudsystem.dao.InMemoryProductDAO - Produto criado com sucesso: ID=231
[main] INFO com.crudsystem.service.ProductService - Produto criado com sucesso: ID=231
[main] INFO com.crudsystem.dao.InMemoryProductDAO - Produto criado com sucesso: ID=232
[main] INFO com.crudsystem.service.ProductService - Produto criado com sucesso: ID=232
[main] INFO com.crudsystem.dao.InMemoryProductDAO - Produto criado com sucesso: ID=233
[main] INFO com.crudsystem.service.ProductService - Produto criado com sucesso: ID=233
[main] INFO com.crudsystem.dao.InMemoryProductDAO - Produto criado com sucesso: ID=234
[main] INFO com.crudsystem.service.ProductService - Produto criado com sucesso: ID=234
[main] INFO com.crudsystem.dao.InMemoryProductDAO - Produto criado com sucesso: ID=235
[main] INFO com.crudsystem.service.ProductService - Produto criado com sucesso: ID=235
[main] INFO com.crudsystem.dao.InMemoryProductDAO - Produto criado com sucesso: ID=236
[main] INFO com.crudsystem.service.ProductService - Produto criado com sucesso: ID=236
[main] INFO com.crudsystem.dao.InMemoryProductDAO - Produto criado com sucesso: ID=237
[main] INFO com.crudsystem.service.ProductService - Produto criado com sucesso: ID=237
[main] INFO com.crudsystem.dao.InMemoryProductDAO - Produto criado com sucesso: ID=238
[main] INFO com.crudsystem.service.ProductService - Produto criado com sucesso: ID=238
[main] INFO com.crudsystem.dao.InMemoryProductDAO - Produto criado com sucesso: ID=239
[main] INFO com.crudsystem.service.ProductService - Produto criado com sucesso: ID=239
[main] INFO com.crudsystem.dao.InMemoryProductDAO - Produto criado com sucesso: ID=240
[main] INFO com.crudsystem.service.ProductService - Produto criado com sucesso: ID=240
[main] INFO com.crudsystem.dao.InMemoryProductDAO - Produto criado com sucesso: ID=241
[main] INFO com.crudsystem.service.ProductService - Produto criado com sucesso: ID=241
[main] INFO com.crudsystem.dao.InMemoryProductDAO - Produto criado com sucesso: ID=242
[main] INFO com.crudsystem.service.ProductService - Produto criado com sucesso: ID=242
[main] INFO com.crudsystem.dao.InMemoryProductDAO - Produto criado com sucesso: ID=243
[main] INFO com.crudsystem.service.ProductService - Produto criado com sucesso: ID=243
[main] INFO com.crudsystem.dao.InMemoryProductDAO - Produto criado com sucesso: ID=244
[main] INFO com.crudsystem.service.ProductService - Produto criado com sucesso: ID=244
[main] INFO com.crudsystem.dao.InMemoryProductDAO - Produto criado com sucesso: ID=245
[main] INFO com.crudsystem.service.ProductService - Produto criado com sucesso: ID=245
[main] INFO com.crudsystem.dao.InMemoryProductDAO - Produto criado com sucesso: ID=246
[main] INFO com.crudsystem.service.ProductService - Produto criado com sucesso: ID=246
[main] INFO com.crudsystem.dao.InMemoryProductDAO - Produto criado com sucesso: ID=247
[main] INFO com.crudsystem.service.ProductService - Produto criado com sucesso: ID=247
[main] INFO com.crudsystem.dao.InMemoryProductDAO - Produto criado com sucesso: ID=248
[main] INFO com.crudsystem.service.ProductService - Produto criado com sucesso: ID=248
[main] INFO com.crudsystem.dao.InMemoryProductDAO - Produto criado com sucesso: ID=249
[main] INFO com.crudsystem.service.ProductService - Produto criado com sucesso: ID=249
[main] INFO com.crudsystem.dao.InMemoryProductDAO - Produto criado com sucesso: ID=250
[main] INFO com.crudsystem.service.ProductService - Produto criado com sucesso: ID=250
[main] INFO com.crudsystem.dao.InMemoryProductDAO - Produto criado com sucesso: ID=251
[main] INFO com.crudsystem.service.ProductService - Produto criado com sucesso: ID=251
[main] INFO com.crudsystem.dao.InMemoryProductDAO - Produto criado com sucesso: ID=252
[main] INFO com.crudsystem.service.ProductService - Produto criado com sucesso: ID=252
[main] INFO com.crudsystem.dao.InMemoryProductDAO - Produto criado com sucesso: ID=253
[main] INFO com.crudsystem.service.ProductService - Produto criado com sucesso: ID=253
[main] INFO com.crudsystem.dao.InMemoryProductDAO - Produto criado com sucesso: ID=254
[main] INFO com.crudsystem.service.ProductService - Produto criado com sucesso: ID=254
[main] INFO com.crudsystem.dao.InMemoryProductDAO - Produto criado com sucesso: ID=255
[main] INFO com.crudsystem.service.ProductService - Produto criado com sucesso: ID=255
[main] INFO com.crudsystem.dao.InMemoryProductDAO - Produto criado com sucesso: ID=256
[main] INFO com.crudsystem.service.ProductService - Produto criado com sucesso: ID=256
[main] INFO com.crudsystem.dao.InMemoryProductDAO - Produto criado com sucesso: ID=257
[main] INFO com.crudsystem.service.ProductService - Produto criado com sucesso: ID=257
[main] INFO com.crudsystem.dao.InMemoryProductDAO - Produto criado com sucesso: ID=258
[main] INFO com.crudsystem.service.ProductService - Produto criado com sucesso: ID=258
[main] INFO com.crudsystem.dao.InMemoryProductDAO - Produto criado com sucesso: ID=259
[main] INFO com.crudsystem.service.ProductService - Produto criado com sucesso: ID=259
[main] INFO com.crudsystem.dao.InMemoryProductDAO - Produto criado com sucesso: ID=260
[main] INFO com.crudsystem.service.ProductService - Produto criado com sucesso: ID=260
[main] INFO com.crudsystem.dao.InMemoryProductDAO - Produto criado com sucesso: ID=261
[main] INFO com.crudsystem.service.ProductService - Produto criado com sucesso: ID=261
[main] INFO com.crudsystem.dao.InMemoryProductDAO - Produto criado com sucesso: ID=262
[main] INFO com.crudsystem.service.ProductService - Produto criado com sucesso: ID=262
[main] INFO com.crudsystem.dao.InMemoryProductDAO - Produto criado com sucesso: ID=263
[main] INFO com.crudsystem.service.ProductService - Produto criado com sucesso: ID=263
[main] INFO com.crudsystem.dao.InMemoryProductDAO - Produto criado com sucesso: ID=264
[main] INFO com.crudsystem.service.ProductService - Produto criado com sucesso: ID=264
[main] INFO com.crudsystem.dao.InMemoryProductDAO - Produto criado com sucesso: ID=265
[main] INFO com.crudsystem.service.ProductService - Produto criado com sucesso: ID=265
[main] INFO com.crudsystem.dao.InMemoryProductDAO - Produto criado com sucesso: ID=266
[main] INFO com.crudsystem.service.ProductService - Produto criado com sucesso: ID=266
[main] INFO com.crudsystem.dao.InMemoryProductDAO - Produto criado com sucesso: ID=267
[main] INFO com.crudsystem.service.ProductService - Produto criado com sucesso: ID=267
[main] INFO com.crudsystem.dao.InMemoryProductDAO - Produto criado com sucesso: ID=268
[main] INFO com.crudsystem.service.ProductService - Produto criado com sucesso: ID=268
[main] INFO com.crudsystem.dao.InMemoryProductDAO - Produto criado com sucesso: ID=269
[main] INFO com.crudsystem.service.ProductService - Produto criado com sucesso: ID=269
[main] INFO com.crudsystem.dao.InMemoryProductDAO - Produto criado com sucesso: ID=270
[main] INFO com.crudsystem.service.ProductService - Produto criado com sucesso: ID=270
[main] INFO com.crudsystem.dao.InMemoryProductDAO - Produto criado com sucesso: ID=271
[main] INFO com.crudsystem.service.ProductService - Produto criado com sucesso: ID=271
[main] INFO com.crudsystem.dao.InMemoryProductDAO - Produto criado com sucesso: ID=272
[main] INFO com.crudsystem.service.ProductService - Produto criado com sucesso: ID=272
[main] INFO com.crudsystem.dao.InMemoryProductDAO - Produto criado com sucesso: ID=273
[main] INFO com.crudsystem.service.ProductService - Produto criado com sucesso: ID=273
[main] INFO com.crudsystem.dao.InMemoryProductDAO - Produto criado com sucesso: ID=274
[main] INFO com.crudsystem.service.ProductService - Produto criado com sucesso: ID=274
[main] INFO com.crudsystem.dao.InMemoryProductDAO - Produto criado com sucesso: ID=275
[main] INFO com.crudsystem.service.ProductService - Produto criado com sucesso: ID=275
[main] INFO com.crudsystem.dao.InMemoryProductDAO - Produto criado com sucesso: ID=276
[main] INFO com.crudsystem.service.ProductService - Produto criado com sucesso: ID=276
[main] INFO com.crudsystem.dao.InMemoryProductDAO - Produto criado com sucesso: ID=277
[main] INFO com.crudsystem.service.ProductService - Produto criado com sucesso: ID=277
[main] INFO com.crudsystem.dao.InMemoryProductDAO - Produto criado com sucesso: ID=278
[main] INFO com.crudsystem.service.ProductService - Produto criado com sucesso: ID=278
[main] INFO com.crudsystem.dao.InMemoryProductDAO - Produto criado com sucesso: ID=279
[main] INFO com.crudsystem.service.ProductService - Produto criado com sucesso: ID=279
[main] INFO com.crudsystem.dao.InMemoryProductDAO - Produto criado com sucesso: ID=280
[main] INFO com.crudsystem.service.ProductService - Produto criado com sucesso: ID=280
[main] INFO com.crudsystem.dao.InMemoryProductDAO - Produto criado com sucesso: ID=281
[main] INFO com.crudsystem.service.ProductService - Produto criado com sucesso: ID=281
[main] INFO com.crudsystem.dao.InMemoryProductDAO - Produto criado com sucesso: ID=282
[main] INFO com.crudsystem.service.ProductService - Produto criado com sucesso: ID=282
[main] INFO com.crudsystem.dao.InMemoryProductDAO - Produto criado com sucesso: ID=283
[main] INFO com.crudsystem.service.ProductService - Produto criado com sucesso: ID=283
[main] INFO com.crudsystem.dao.InMemoryProductDAO - Produto criado com sucesso: ID=284
[main] INFO com.crudsystem.service.ProductService - Produto criado com sucesso: ID=284
[main] INFO com.crudsystem.dao.InMemoryProductDAO - Produto criado com sucesso: ID=285
[main] INFO com.crudsystem.service.ProductService - Produto criado com sucesso: ID=285
[main] INFO com.crudsystem.dao.InMemoryProductDAO - Produto criado com sucesso: ID=286
[main] INFO com.crudsystem.service.ProductService - Produto criado com sucesso: ID=286
[main] INFO com.crudsystem.dao.InMemoryProductDAO - Produto criado com sucesso: ID=287
[main] INFO com.crudsystem.service.ProductService - Produto criado com sucesso: ID=287
[main] INFO com.crudsystem.dao.InMemoryProductDAO - Produto criado com sucesso: ID=288
[main] INFO com.crudsystem.service.ProductService - Produto criado com sucesso: ID=288
[main] INFO com.crudsystem.dao.InMemoryProductDAO - Produto criado com sucesso: ID=289
[main] INFO com.crudsystem.service.ProductService - Produto criado com sucesso: ID=289
[main] INFO com.crudsystem.dao.InMemoryProductDAO - Produto criado com sucesso: ID=290
[main] INFO com.crudsystem.service.ProductService - Produto criado com sucesso: ID=290
[main] INFO com.crudsystem.dao.InMemoryProductDAO - Produto criado com sucesso: ID=291
[main] INFO com.crudsystem.service.ProductService - Produto criado com sucesso: ID=291
[main] INFO com.crudsystem.dao.InMemoryProductDAO - Produto criado com sucesso: ID=292
[main] INFO com.crudsystem.service.ProductService - Produto criado com sucesso: ID=292
[main] INFO com.crudsystem.dao.InMemoryProductDAO - Produto criado com sucesso: ID=293
[main] INFO com.crudsystem.service.ProductService - Produto criado com sucesso: ID=293
[main] INFO com.crudsystem.dao.InMemoryProductDAO - Produto criado com sucesso: ID=294
[main] INFO com.crudsystem.service.ProductService - Produto criado com sucesso: ID=294
[main] INFO com.crudsystem.dao.InMemoryProductDAO - Produto criado com sucesso: ID=295
[main] INFO com.crudsystem.service.ProductService - Produto criado com sucesso: ID=295
[main] INFO com.crudsystem.dao.InMemoryProductDAO - Produto criado com sucesso: ID=296
[main] INFO com.crudsystem.service.ProductService - Produto criado com sucesso: ID=296
[main] INFO com.crudsystem.dao.InMemoryProductDAO - Produto criado com sucesso: ID=297
[main] INFO com.crudsystem.service.ProductService - Produto criado com sucesso: ID=297
[main] INFO com.crudsystem.dao.InMemoryProductDAO - Produto criado com sucesso: ID=298
[main] INFO com.crudsystem.service.ProductService - Produto criado com sucesso: ID=298
[main] INFO com.crudsystem.dao.InMemoryProductDAO - Produto criado com sucesso: ID=299
[main] INFO com.crudsystem.service.ProductService - Produto criado com sucesso: ID=299
[main] INFO com.crudsystem.dao.InMemoryProductDAO - Produto criado com sucesso: ID=300
[main] INFO com.crudsystem.service.ProductService - Produto criado com sucesso: ID=300
[main] INFO com.crudsystem.dao.InMemoryProductDAO - Produto criado com sucesso: ID=301
[main] INFO com.crudsystem.service.ProductService - Produto criado com sucesso: ID=301
[main] INFO com.crudsystem.dao.InMemoryProductDAO - Produto criado com sucesso: ID=302
[main] INFO com.crudsystem.service.ProductService - Produto criado com sucesso: ID=302
[main] INFO com.crudsystem.dao.InMemoryProductDAO - Produto criado com sucesso: ID=303
[main] INFO com.crudsystem.service.ProductService - Produto criado com sucesso: ID=303
[main] INFO com.crudsystem.dao.InMemoryProductDAO - Produto criado com sucesso: ID=304
[main] INFO com.crudsystem.service.ProductService - Produto criado com sucesso: ID=304
[main] INFO com.crudsystem.dao.InMemoryProductDAO - Produto criado com sucesso: ID=305
[main] INFO com.crudsystem.service.ProductService - Produto criado com sucesso: ID=305
[main] INFO com.crudsystem.dao.InMemoryProductDAO - Produto criado com sucesso: ID=306
[main] INFO com.crudsystem.service.ProductService - Produto criado com sucesso: ID=306
[main] INFO com.crudsystem.dao.InMemoryProductDAO - Produto criado com sucesso: ID=307
[main] INFO com.crudsystem.service.ProductService - Produto criado com sucesso: ID=307
[main] INFO com.crudsystem.dao.InMemoryProductDAO - Produto criado com sucesso: ID=308
[main] INFO com.crudsystem.service.ProductService - Produto criado com sucesso: ID=308
[main] INFO com.crudsystem.dao.InMemoryProductDAO - Produto criado com sucesso: ID=309
[main] INFO com.crudsystem.service.ProductService - Produto criado com sucesso: ID=309
[main] INFO com.crudsystem.dao.InMemoryProductDAO - Produto criado com sucesso: ID=310
[main] INFO com.crudsystem.service.ProductService - Produto criado com sucesso: ID=310
[main] INFO com.crudsystem.dao.InMemoryProductDAO - Produto criado com sucesso: ID=311
[main] INFO com.crudsystem.service.ProductService - Produto criado com sucesso: ID=311
[main] INFO com.crudsystem.dao.InMemoryProductDAO - Produto criado com sucesso: ID=312
[main] INFO com.crudsystem.service.ProductService - Produto criado com sucesso: ID=312
[main] INFO com.crudsystem.dao.InMemoryProductDAO - Produto criado com sucesso: ID=313
[main] INFO com.crudsystem.service.ProductService - Produto criado com sucesso: ID=313
[main] INFO com.crudsystem.dao.InMemoryProductDAO - Produto criado com sucesso: ID=314
[main] INFO com.crudsystem.service.ProductService - Produto criado com sucesso: ID=314
[main] INFO com.crudsystem.dao.InMemoryProductDAO - Produto criado com sucesso: ID=315
[main] INFO com.crudsystem.service.ProductService - Produto criado com sucesso: ID=315
[main] INFO com.crudsystem.dao.InMemoryProductDAO - Produto criado com sucesso: ID=316
[main] INFO com.crudsystem.service.ProductService - Produto criado com sucesso: ID=316
[main] INFO com.crudsystem.dao.InMemoryProductDAO - Produto criado com sucesso: ID=317
[main] INFO com.crudsystem.service.ProductService - Produto criado com sucesso: ID=317
[main] INFO com.crudsystem.dao.InMemoryProductDAO - Produto criado com sucesso: ID=318
[main] INFO com.crudsystem.service.ProductService - Produto criado com sucesso: ID=318
[main] INFO com.crudsystem.dao.InMemoryProductDAO - Produto criado com sucesso: ID=319
[main] INFO com.crudsystem.service.ProductService - Produto criado com sucesso: ID=319
[main] INFO com.crudsystem.dao.InMemoryProductDAO - Produto criado com sucesso: ID=320
[main] INFO com.crudsystem.service.ProductService - Produto criado com sucesso: ID=320
[main] INFO com.crudsystem.dao.InMemoryProductDAO - Produto criado com sucesso: ID=321
[main] INFO com.crudsystem.service.ProductService - Produto criado com sucesso: ID=321
[main] INFO com.crudsystem.dao.InMemoryProductDAO - Produto criado com sucesso: ID=322
[main] INFO com.crudsystem.service.ProductService - Produto criado com sucesso: ID=322
[main] INFO com.crudsystem.dao.InMemoryProductDAO - Produto criado com sucesso: ID=323
[main] INFO com.crudsystem.service.ProductService - Produto criado com sucesso: ID=323
[main] INFO com.crudsystem.dao.InMemoryProductDAO - Produto criado com sucesso: ID=324
[main] INFO com.crudsystem.service.ProductService - Produto criado com sucesso: ID=324
[main] INFO com.crudsystem.dao.InMemoryProductDAO - Produto criado com sucesso: ID=325
[main] INFO com.crudsystem.service.ProductService - Produto criado com sucesso: ID=325
[main] INFO com.crudsystem.dao.InMemoryProductDAO - Produto criado com sucesso: ID=326
[main] INFO com.crudsystem.service.ProductService - Produto criado com sucesso: ID=326
[main] INFO com.crudsystem.dao.InMemoryProductDAO - Produto criado com sucesso: ID=327
[main] INFO com.crudsystem.service.ProductService - Produto criado com sucesso: ID=327
[main] INFO com.crudsystem.dao.InMemoryProductDAO - Produto criado com sucesso: ID=328
[main] INFO com.crudsystem.service.ProductService - Produto criado com sucesso: ID=328
[main] INFO com.crudsystem.dao.InMemoryProductDAO - Produto criado com sucesso: ID=329
[main] INFO com.crudsystem.service.ProductService - Produto criado com sucesso: ID=329
[main] INFO com.crudsystem.dao.InMemoryProductDAO - Produto criado com sucesso: ID=330
[main] INFO com.crudsystem.service.ProductService - Produto criado com sucesso: ID=330
[main] INFO com.crudsystem.dao.InMemoryProductDAO - Produto criado com sucesso: ID=331
[main] INFO com.crudsystem.service.ProductService - Produto criado com sucesso: ID=331
[main] INFO com.crudsystem.dao.InMemoryProductDAO - Produto criado com sucesso: ID=332
[main] INFO com.crudsystem.service.ProductService - Produto criado com sucesso: ID=332
[main] INFO com.crudsystem.dao.InMemoryProductDAO - Produto criado com sucesso: ID=333
[main] INFO com.crudsystem.service.ProductService - Produto criado com sucesso: ID=333
[main] INFO com.crudsystem.dao.InMemoryProductDAO - Produto criado com sucesso: ID=334
[main] INFO com.crudsystem.service.ProductService - Produto criado com sucesso: ID=334
[main] INFO com.crudsystem.dao.InMemoryProductDAO - Produto criado com sucesso: ID=335
[main] INFO com.crudsystem.service.ProductService - Produto criado com sucesso: ID=335
[main] INFO com.crudsystem.dao.InMemoryProductDAO - Produto criado com sucesso: ID=336
[main] INFO com.crudsystem.service.ProductService - Produto criado com sucesso: ID=336
[main] INFO com.crudsystem.dao.InMemoryProductDAO - Produto criado com sucesso: ID=337
[main] INFO com.crudsystem.service.ProductService - Produto criado com sucesso: ID=337
[main] INFO com.crudsystem.dao.InMemoryProductDAO - Produto criado com sucesso: ID=338
[main] INFO com.crudsystem.service.ProductService - Produto criado com sucesso: ID=338
[main] INFO com.crudsystem.dao.InMemoryProductDAO - Produto criado com sucesso: ID=339
[main] INFO com.crudsystem.service.ProductService - Produto criado com sucesso: ID=339
[main] INFO com.crudsystem.dao.InMemoryProductDAO - Produto criado com sucesso: ID=340
[main] INFO com.crudsystem.service.ProductService - Produto criado com sucesso: ID=340
[main] INFO com.crudsystem.dao.InMemoryProductDAO - Produto criado com sucesso: ID=341
[main] INFO com.crudsystem.service.ProductService - Produto criado com sucesso: ID=341
[main] INFO com.crudsystem.dao.InMemoryProductDAO - Produto criado com sucesso: ID=342
[main] INFO com.crudsystem.service.ProductService - Produto criado com sucesso: ID=342
[main] INFO com.crudsystem.dao.InMemoryProductDAO - Produto criado com sucesso: ID=343
[main] INFO com.crudsystem.service.ProductService - Produto criado com sucesso: ID=343
[main] INFO com.crudsystem.dao.InMemoryProductDAO - Produto criado com sucesso: ID=344
[main] INFO com.crudsystem.service.ProductService - Produto criado com sucesso: ID=344
[main] INFO com.crudsystem.dao.InMemoryProductDAO - Produto criado com sucesso: ID=345
[main] INFO com.crudsystem.service.ProductService - Produto criado com sucesso: ID=345
[main] INFO com.crudsystem.dao.InMemoryProductDAO - Produto criado com sucesso: ID=346
[main] INFO com.crudsystem.service.ProductService - Produto criado com sucesso: ID=346
[main] INFO com.crudsystem.dao.InMemoryProductDAO - Produto criado com sucesso: ID=347
[main] INFO com.crudsystem.service.ProductService - Produto criado com sucesso: ID=347
[main] INFO com.crudsystem.dao.InMemoryProductDAO - Produto criado com sucesso: ID=348
[main] INFO com.crudsystem.service.ProductService - Produto criado com sucesso: ID=348
[main] INFO com.crudsystem.dao.InMemoryProductDAO - Produto criado com sucesso: ID=349
[main] INFO com.crudsystem.service.ProductService - Produto criado com sucesso: ID=349
[main] INFO com.crudsystem.dao.InMemoryProductDAO - Produto criado com sucesso: ID=350
[main] INFO com.crudsystem.service.ProductService - Produto criado com sucesso: ID=350
[main] INFO com.crudsystem.dao.InMemoryProductDAO - Produto criado com sucesso: ID=351
[main] INFO com.crudsystem.service.ProductService - Produto criado com sucesso: ID=351
[main] INFO com.crudsystem.dao.InMemoryProductDAO - Produto criado com sucesso: ID=352
[main] INFO com.crudsystem.service.ProductService - Produto criado com sucesso: ID=352
[main] INFO com.crudsystem.dao.InMemoryProductDAO - Produto criado com sucesso: ID=353
[main] INFO com.crudsystem.service.ProductService - Produto criado com sucesso: ID=353
[main] INFO com.crudsystem.dao.InMemoryProductDAO - Produto criado com sucesso: ID=354
[main] INFO com.crudsystem.service.ProductService - Produto criado com sucesso: ID=354
[main] INFO com.crudsystem.dao.InMemoryProductDAO - Produto criado com sucesso: ID=355
[main] INFO com.crudsystem.service.ProductService - Produto criado com sucesso: ID=355
[main] INFO com.crudsystem.dao.InMemoryProductDAO - Produto criado com sucesso: ID=356
[main] INFO com.crudsystem.service.ProductService - Produto criado com sucesso: ID=356
[main] INFO com.crudsystem.dao.InMemoryProductDAO - Produto criado com sucesso: ID=357
[main] INFO com.crudsystem.service.ProductService - Produto criado com sucesso: ID=357
[main] INFO com.crudsystem.dao.InMemoryProductDAO - Produto criado com sucesso: ID=358
[main] INFO com.crudsystem.service.ProductService - Produto criado com sucesso: ID=358
[main] INFO com.crudsystem.dao.InMemoryProductDAO - Produto criado com sucesso: ID=359
[main] INFO com.crudsystem.service.ProductService - Produto criado com sucesso: ID=359
[main] INFO com.crudsystem.dao.InMemoryProductDAO - Produto criado com sucesso: ID=360
[main] INFO com.crudsystem.service.ProductService - Produto criado com sucesso: ID=360
[main] INFO com.crudsystem.dao.InMemoryProductDAO - Produto criado com sucesso: ID=361
[main] INFO com.crudsystem.service.ProductService - Produto criado com sucesso: ID=361
[main] INFO com.crudsystem.dao.InMemoryProductDAO - Produto criado com sucesso: ID=362
[main] INFO com.crudsystem.service.ProductService - Produto criado com sucesso: ID=362
[main] INFO com.crudsystem.dao.InMemoryProductDAO - Produto criado com sucesso: ID=363
[main] INFO com.crudsystem.service.ProductService - Produto criado com sucesso: ID=363
[main] INFO com.crudsystem.dao.InMemoryProductDAO - Produto criado com sucesso: ID=364
[main] INFO com.crudsystem.service.ProductService - Produto criado com sucesso: ID=364
[main] INFO com.crudsystem.dao.InMemoryProductDAO - Produto criado com sucesso: ID=365
[main] INFO com.crudsystem.service.ProductService - Produto criado com sucesso: ID=365
[main] INFO com.crudsystem.dao.InMemoryProductDAO - Produto criado com sucesso: ID=366
[main] INFO com.crudsystem.service.ProductService - Produto criado com sucesso: ID=366
[main] INFO com.crudsystem.dao.InMemoryProductDAO - Produto criado com sucesso: ID=367
[main] INFO com.crudsystem.service.ProductService - Produto criado com sucesso: ID=367
[main] INFO com.crudsystem.dao.InMemoryProductDAO - Produto criado com sucesso: ID=368
[main] INFO com.crudsystem.service.ProductService - Produto criado com sucesso: ID=368
[main] INFO com.crudsystem.dao.InMemoryProductDAO - Produto criado com sucesso: ID=369
[main] INFO com.crudsystem.service.ProductService - Produto criado com sucesso: ID=369
[main] INFO com.crudsystem.dao.InMemoryProductDAO - Produto criado com sucesso: ID=370
[main] INFO com.crudsystem.service.ProductService - Produto criado com sucesso: ID=370
[main] INFO com.crudsystem.dao.InMemoryProductDAO - Produto criado com sucesso: ID=371
[main] INFO com.crudsystem.service.ProductService - Produto criado com sucesso: ID=371
[main] INFO com.crudsystem.dao.InMemoryProductDAO - Produto criado com sucesso: ID=372
[main] INFO com.crudsystem.service.ProductService - Produto criado com sucesso: ID=372
[main] INFO com.crudsystem.dao.InMemoryProductDAO - Produto criado com sucesso: ID=373
[main] INFO com.crudsystem.service.ProductService - Produto criado com sucesso: ID=373
[main] INFO com.crudsystem.dao.InMemoryProductDAO - Produto criado com sucesso: ID=374
[main] INFO com.crudsystem.service.ProductService - Produto criado com sucesso: ID=374
[main] INFO com.crudsystem.dao.InMemoryProductDAO - Produto criado com sucesso: ID=375
[main] INFO com.crudsystem.service.ProductService - Produto criado com sucesso: ID=375
[main] INFO com.crudsystem.dao.InMemoryProductDAO - Produto criado com sucesso: ID=376
[main] INFO com.crudsystem.service.ProductService - Produto criado com sucesso: ID=376
[main] INFO com.crudsystem.dao.InMemoryProductDAO - Produto criado com sucesso: ID=377
[main] INFO com.crudsystem.service.ProductService - Produto criado com sucesso: ID=377
[main] INFO com.crudsystem.dao.InMemoryProductDAO - Produto criado com sucesso: ID=378
[main] INFO com.crudsystem.service.ProductService - Produto criado com sucesso: ID=378
[main] INFO com.crudsystem.dao.InMemoryProductDAO - Produto criado com sucesso: ID=379
[main] INFO com.crudsystem.service.ProductService - Produto criado com sucesso: ID=379
[main] INFO com.crudsystem.dao.InMemoryProductDAO - Produto criado com sucesso: ID=380
[main] INFO com.crudsystem.service.ProductService - Produto criado com sucesso: ID=380
[main] INFO com.crudsystem.dao.InMemoryProductDAO - Produto criado com sucesso: ID=381
[main] INFO com.crudsystem.service.ProductService - Produto criado com sucesso: ID=381
[main] INFO com.crudsystem.dao.InMemoryProductDAO - Produto criado com sucesso: ID=382
[main] INFO com.crudsystem.service.ProductService - Produto criado com sucesso: ID=382
[main] INFO com.crudsystem.dao.InMemoryProductDAO - Produto criado com sucesso: ID=383
[main] INFO com.crudsystem.service.ProductService - Produto criado com sucesso: ID=383
[main] INFO com.crudsystem.dao.InMemoryProductDAO - Produto criado com sucesso: ID=384
[main] INFO com.crudsystem.service.ProductService - Produto criado com sucesso: ID=384
[main] INFO com.crudsystem.dao.InMemoryProductDAO - Produto criado com sucesso: ID=385
[main] INFO com.crudsystem.service.ProductService - Produto criado com sucesso: ID=385
[main] INFO com.crudsystem.dao.InMemoryProductDAO - Produto criado com sucesso: ID=386
[main] INFO com.crudsystem.service.ProductService - Produto criado com sucesso: ID=386
[main] INFO com.crudsystem.dao.InMemoryProductDAO - Produto criado com sucesso: ID=387
[main] INFO com.crudsystem.service.ProductService - Produto criado com sucesso: ID=387
[main] INFO com.crudsystem.dao.InMemoryProductDAO - Produto criado com sucesso: ID=388
[main] INFO com.crudsystem.service.ProductService - Produto criado com sucesso: ID=388
[main] INFO com.crudsystem.dao.InMemoryProductDAO - Produto criado com sucesso: ID=389
[main] INFO com.crudsystem.service.ProductService - Produto criado com sucesso: ID=389
[main] INFO com.crudsystem.dao.InMemoryProductDAO - Produto criado com sucesso: ID=390
[main] INFO com.crudsystem.service.ProductService - Produto criado com sucesso: ID=390
[main] INFO com.crudsystem.dao.InMemoryProductDAO - Produto criado com sucesso: ID=391
[main] INFO com.crudsystem.service.ProductService - Produto criado com sucesso: ID=391
[main] INFO com.crudsystem.dao.InMemoryProductDAO - Produto criado com sucesso: ID=392
[main] INFO com.crudsystem.service.ProductService - Produto criado com sucesso: ID=392
[main] INFO com.crudsystem.dao.InMemoryProductDAO - Produto criado com sucesso: ID=393
[main] INFO com.crudsystem.service.ProductService - Produto criado com sucesso: ID=393
[main] INFO com.crudsystem.dao.InMemoryProductDAO - Produto criado com sucesso: ID=394
[main] INFO com.crudsystem.service.ProductService - Produto criado com sucesso: ID=394
[main] INFO com.crudsystem.dao.InMemoryProductDAO - Produto criado com sucesso: ID=395
[main] INFO com.crudsystem.service.ProductService - Produto criado com sucesso: ID=395
[main] INFO com.crudsystem.dao.InMemoryProductDAO - Produto criado com sucesso: ID=396
[main] INFO com.crudsystem.service.ProductService - Produto criado com sucesso: ID=396
[main] INFO com.crudsystem.dao.InMemoryProductDAO - Produto criado com sucesso: ID=397
[main] INFO com.crudsystem.service.ProductService - Produto criado com sucesso: ID=397
[main] INFO com.crudsystem.dao.InMemoryProductDAO - Produto criado com sucesso: ID=398
[main] INFO com.crudsystem.service.ProductService - Produto criado com sucesso: ID=398
[main] INFO com.crudsystem.dao.InMemoryProductDAO - Produto criado com sucesso: ID=399
[main] INFO com.crudsystem.service.ProductService - Produto criado com sucesso: ID=399
[main] INFO com.crudsystem.dao.InMemoryProductDAO - Produto criado com sucesso: ID=400
[main] INFO com.crudsystem.service.ProductService - Produto criado com sucesso: ID=400
[main] INFO com.crudsystem.dao.InMemoryProductDAO - Produto criado com sucesso: ID=401
[main] INFO com.crudsystem.service.ProductService - Produto criado com sucesso: ID=401
[main] INFO com.crudsystem.dao.InMemoryProductDAO - Produto criado com sucesso: ID=402
[main] INFO com.crudsystem.service.ProductService - Produto criado com sucesso: ID=402
[main] INFO com.crudsystem.dao.InMemoryProductDAO - Produto criado com sucesso: ID=403
[main] INFO com.crudsystem.service.ProductService - Produto criado com sucesso: ID=403
[main] INFO com.crudsystem.dao.InMemoryProductDAO - Produto criado com sucesso: ID=404
[main] INFO com.crudsystem.service.ProductService - Produto criado com sucesso: ID=404
[main] INFO com.crudsystem.dao.InMemoryProductDAO - Produto criado com sucesso: ID=405
[main] INFO com.crudsystem.service.ProductService - Produto criado com sucesso: ID=405
[main] INFO com.crudsystem.dao.InMemoryProductDAO - Produto criado com sucesso: ID=406
[main] INFO com.crudsystem.service.ProductService - Produto criado com sucesso: ID=406
[main] INFO com.crudsystem.dao.InMemoryProductDAO - Produto criado com sucesso: ID=407
[main] INFO com.crudsystem.service.ProductService - Produto criado com sucesso: ID=407
[main] INFO com.crudsystem.dao.InMemoryProductDAO - Produto criado com sucesso: ID=408
[main] INFO com.crudsystem.service.ProductService - Produto criado com sucesso: ID=408
[main] INFO com.crudsystem.dao.InMemoryProductDAO - Produto criado com sucesso: ID=409
[main] INFO com.crudsystem.service.ProductService - Produto criado com sucesso: ID=409
[main] INFO com.crudsystem.dao.InMemoryProductDAO - Produto criado com sucesso: ID=410
[main] INFO com.crudsystem.service.ProductService - Produto criado com sucesso: ID=410
[main] INFO com.crudsystem.dao.InMemoryProductDAO - Produto criado com sucesso: ID=411
[main] INFO com.crudsystem.service.ProductService - Produto criado com sucesso: ID=411
[main] INFO com.crudsystem.dao.InMemoryProductDAO - Produto criado com sucesso: ID=412
[main] INFO com.crudsystem.service.ProductService - Produto criado com sucesso: ID=412
[main] INFO com.crudsystem.dao.InMemoryProductDAO - Produto criado com sucesso: ID=413
[main] INFO com.crudsystem.service.ProductService - Produto criado com sucesso: ID=413
[main] INFO com.crudsystem.dao.InMemoryProductDAO - Produto criado com sucesso: ID=414
[main] INFO com.crudsystem.service.ProductService - Produto criado com sucesso: ID=414
[main] INFO com.crudsystem.dao.InMemoryProductDAO - Produto criado com sucesso: ID=415
[main] INFO com.crudsystem.service.ProductService - Produto criado com sucesso: ID=415
[main] INFO com.crudsystem.dao.InMemoryProductDAO - Produto criado com sucesso: ID=416
[main] INFO com.crudsystem.service.ProductService - Produto criado com sucesso: ID=416
[main] INFO com.crudsystem.dao.InMemoryProductDAO - Produto criado com sucesso: ID=417
[main] INFO com.crudsystem.service.ProductService - Produto criado com sucesso: ID=417
[main] INFO com.crudsystem.dao.InMemoryProductDAO - Produto criado com sucesso: ID=418
[main] INFO com.crudsystem.service.ProductService - Produto criado com sucesso: ID=418
[main] INFO com.crudsystem.dao.InMemoryProductDAO - Produto criado com sucesso: ID=419
[main] INFO com.crudsystem.service.ProductService - Produto criado com sucesso: ID=419
[main] INFO com.crudsystem.dao.InMemoryProductDAO - Produto criado com sucesso: ID=420
[main] INFO com.crudsystem.service.ProductService - Produto criado com sucesso: ID=420
[main] INFO com.crudsystem.dao.InMemoryProductDAO - Produto criado com sucesso: ID=421
[main] INFO com.crudsystem.service.ProductService - Produto criado com sucesso: ID=421
[main] INFO com.crudsystem.dao.InMemoryProductDAO - Produto criado com sucesso: ID=422
[main] INFO com.crudsystem.service.ProductService - Produto criado com sucesso: ID=422
[main] INFO com.crudsystem.dao.InMemoryProductDAO - Produto criado com sucesso: ID=423
[main] INFO com.crudsystem.service.ProductService - Produto criado com sucesso: ID=423
[main] INFO com.crudsystem.dao.InMemoryProductDAO - Produto criado com sucesso: ID=424
[main] INFO com.crudsystem.service.ProductService - Produto criado com sucesso: ID=424
[main] INFO com.crudsystem.dao.InMemoryProductDAO - Produto criado com sucesso: ID=425
[main] INFO com.crudsystem.service.ProductService - Produto criado com sucesso: ID=425
[main] INFO com.crudsystem.dao.InMemoryProductDAO - Produto criado com sucesso: ID=426
[main] INFO com.crudsystem.service.ProductService - Produto criado com sucesso: ID=426
[main] INFO com.crudsystem.dao.InMemoryProductDAO - Produto criado com sucesso: ID=427
[main] INFO com.crudsystem.service.ProductService - Produto criado com sucesso: ID=427
[main] INFO com.crudsystem.dao.InMemoryProductDAO - Produto criado com sucesso: ID=428
[main] INFO com.crudsystem.service.ProductService - Produto criado com sucesso: ID=428
[main] INFO com.crudsystem.dao.InMemoryProductDAO - Produto criado com sucesso: ID=429
[main] INFO com.crudsystem.service.ProductService - Produto criado com sucesso: ID=429
[main] INFO com.crudsystem.dao.InMemoryProductDAO - Produto criado com sucesso: ID=430
[main] INFO com.crudsystem.service.ProductService - Produto criado com sucesso: ID=430
[main] INFO com.crudsystem.dao.InMemoryProductDAO - Produto criado com sucesso: ID=431
[main] INFO com.crudsystem.service.ProductService - Produto criado com sucesso: ID=431
[main] INFO com.crudsystem.dao.InMemoryProductDAO - Produto criado com sucesso: ID=432
[main] INFO com.crudsystem.service.ProductService - Produto criado com sucesso: ID=432
[main] INFO com.crudsystem.dao.InMemoryProductDAO - Produto criado com sucesso: ID=433
[main] INFO com.crudsystem.service.ProductService - Produto criado com sucesso: ID=433
[main] INFO com.crudsystem.dao.InMemoryProductDAO - Produto criado com sucesso: ID=434
[main] INFO com.crudsystem.service.ProductService - Produto criado com sucesso: ID=434
[main] INFO com.crudsystem.dao.InMemoryProductDAO - Produto criado com sucesso: ID=435
[main] INFO com.crudsystem.service.ProductService - Produto criado com sucesso: ID=435
[main] INFO com.crudsystem.dao.InMemoryProductDAO - Produto criado com sucesso: ID=436
[main] INFO com.crudsystem.service.ProductService - Produto criado com sucesso: ID=436
[main] INFO com.crudsystem.dao.InMemoryProductDAO - Produto criado com sucesso: ID=437
[main] INFO com.crudsystem.service.ProductService - Produto criado com sucesso: ID=437
[main] INFO com.crudsystem.dao.InMemoryProductDAO - Produto criado com sucesso: ID=438
[main] INFO com.crudsystem.service.ProductService - Produto criado com sucesso: ID=438
[main] INFO com.crudsystem.dao.InMemoryProductDAO - Produto criado com sucesso: ID=439
[main] INFO com.crudsystem.service.ProductService - Produto criado com sucesso: ID=439
[main] INFO com.crudsystem.dao.InMemoryProductDAO - Produto criado com sucesso: ID=440
[main] INFO com.crudsystem.service.ProductService - Produto criado com sucesso: ID=440
[main] INFO com.crudsystem.dao.InMemoryProductDAO - Produto criado com sucesso: ID=441
[main] INFO com.crudsystem.service.ProductService - Produto criado com sucesso: ID=441
[main] INFO com.crudsystem.dao.InMemoryProductDAO - Produto criado com sucesso: ID=442
[main] INFO com.crudsystem.service.ProductService - Produto criado com sucesso: ID=442
[main] INFO com.crudsystem.dao.InMemoryProductDAO - Produto criado com sucesso: ID=443
[main] INFO com.crudsystem.service.ProductService - Produto criado com sucesso: ID=443
[main] INFO com.crudsystem.dao.InMemoryProductDAO - Produto criado com sucesso: ID=444
[main] INFO com.crudsystem.service.ProductService - Produto criado com sucesso: ID=444
[main] INFO com.crudsystem.dao.InMemoryProductDAO - Produto criado com sucesso: ID=445
[main] INFO com.crudsystem.service.ProductService - Produto criado com sucesso: ID=445
[main] INFO com.crudsystem.dao.InMemoryProductDAO - Produto criado com sucesso: ID=446
[main] INFO com.crudsystem.service.ProductService - Produto criado com sucesso: ID=446
[main] INFO com.crudsystem.dao.InMemoryProductDAO - Produto criado com sucesso: ID=447
[main] INFO com.crudsystem.service.ProductService - Produto criado com sucesso: ID=447
[main] INFO com.crudsystem.dao.InMemoryProductDAO - Produto criado com sucesso: ID=448
[main] INFO com.crudsystem.service.ProductService - Produto criado com sucesso: ID=448
[main] INFO com.crudsystem.dao.InMemoryProductDAO - Produto criado com sucesso: ID=449
[main] INFO com.crudsystem.service.ProductService - Produto criado com sucesso: ID=449
[main] INFO com.crudsystem.dao.InMemoryProductDAO - Produto criado com sucesso: ID=450
[main] INFO com.crudsystem.service.ProductService - Produto criado com sucesso: ID=450
[main] INFO com.crudsystem.dao.InMemoryProductDAO - Produto criado com sucesso: ID=451
[main] INFO com.crudsystem.service.ProductService - Produto criado com sucesso: ID=451
[main] INFO com.crudsystem.dao.InMemoryProductDAO - Produto criado com sucesso: ID=452
[main] INFO com.crudsystem.service.ProductService - Produto criado com sucesso: ID=452
[main] INFO com.crudsystem.dao.InMemoryProductDAO - Produto criado com sucesso: ID=453
[main] INFO com.crudsystem.service.ProductService - Produto criado com sucesso: ID=453
[main] INFO com.crudsystem.dao.InMemoryProductDAO - Produto criado com sucesso: ID=454
[main] INFO com.crudsystem.service.ProductService - Produto criado com sucesso: ID=454
[main] INFO com.crudsystem.dao.InMemoryProductDAO - Produto criado com sucesso: ID=455
[main] INFO com.crudsystem.service.ProductService - Produto criado com sucesso: ID=455
[main] INFO com.crudsystem.dao.InMemoryProductDAO - Produto criado com sucesso: ID=456
[main] INFO com.crudsystem.service.ProductService - Produto criado com sucesso: ID=456
[main] INFO com.crudsystem.dao.InMemoryProductDAO - Produto criado com sucesso: ID=457
[main] INFO com.crudsystem.service.ProductService - Produto criado com sucesso: ID=457
[...]
[pool-2-thread-12] INFO com.crudsystem.service.ProductService - Produto criado com sucesso: ID=7
[pool-2-thread-14] INFO com.crudsystem.dao.InMemoryProductDAO - Produto criado com sucesso: ID=8
[pool-2-thread-14] INFO com.crudsystem.service.ProductService - Produto criado com sucesso: ID=8
[pool-2-thread-16] INFO com.crudsystem.dao.InMemoryProductDAO - Produto criado com sucesso: ID=9
[pool-2-thread-16] INFO com.crudsystem.service.ProductService - Produto criado com sucesso: ID=9
[pool-2-thread-18] INFO com.crudsystem.dao.InMemoryProductDAO - Produto criado com sucesso: ID=10
[pool-2-thread-18] INFO com.crudsystem.service.ProductService - Produto criado com sucesso: ID=10
[pool-2-thread-20] INFO com.crudsystem.dao.InMemoryProductDAO - Produto criado com sucesso: ID=11
[pool-2-thread-20] INFO com.crudsystem.service.ProductService - Produto criado com sucesso: ID=11
]]></system-err>
  </testcase>
  <testcase name="shouldHandleNullDescription" classname="com.crudsystem.integration.FailureScenarioTest" time="0.004">
    <system-err><![CDATA[[main] INFO com.crudsystem.dao.InMemoryProductDAO - Todos os produtos foram removidos
[main] INFO com.crudsystem.service.ProductService - ProductService inicializado
[main] INFO com.crudsystem.dao.InMemoryProductDAO - Produto criado com sucesso: ID=1
[main] INFO com.crudsystem.service.ProductService - Produto criado com sucesso: ID=1
]]></system-err>
  </testcase>
  <testcase name="shouldHandleConcurrentOperations" classname="com.crudsystem.integration.FailureScenarioTest" time="0.02">
    <system-err><![CDATA[[main] INFO com.crudsystem.dao.InMemoryProductDAO - Todos os produtos foram removidos
[main] INFO com.crudsystem.service.ProductService - ProductService inicializado
[pool-3-thread-1] INFO com.crudsystem.dao.InMemoryProductDAO - Produto criado com sucesso: ID=1
[pool-3-thread-1] INFO com.crudsystem.service.ProductService - Produto criado com sucesso: ID=1
[pool-3-thread-2] INFO com.crudsystem.dao.InMemoryProductDAO - Produto criado com sucesso: ID=2
[pool-3-thread-2] INFO com.crudsystem.service.ProductService - Produto criado com sucesso: ID=2
[pool-3-thread-3] INFO com.crudsystem.dao.InMemoryProductDAO - Produto criado com sucesso: ID=3
[pool-3-thread-3] INFO com.crudsystem.service.ProductService - Produto criado com sucesso: ID=3
[pool-3-thread-4] INFO com.crudsystem.dao.InMemoryProductDAO - Produto criado com sucesso: ID=4
[pool-3-thread-4] INFO com.crudsystem.service.ProductService - Produto criado com sucesso: ID=4
[pool-3-thread-5] INFO com.crudsystem.dao.InMemoryProductDAO - Produto criado com sucesso: ID=5
[pool-3-thread-5] INFO com.crudsystem.service.ProductService - Produto criado com sucesso: ID=5
[pool-3-thread-6] INFO com.crudsystem.dao.InMemoryProductDAO - Produto criado com sucesso: ID=6
[pool-3-thread-6] INFO com.crudsystem.service.ProductService - Produto criado com sucesso: ID=6
[pool-3-thread-7] INFO com.crudsystem.dao.InMemoryProductDAO - Produto criado com sucesso: ID=7
[pool-3-thread-7] INFO com.crudsystem.service.ProductService - Produto criado com sucesso: ID=7
[pool-3-thread-8] INFO com.crudsystem.dao.InMemoryProductDAO - Produto criado com sucesso: ID=8
[pool-3-thread-8] INFO com.crudsystem.service.ProductService - Produto criado com sucesso: ID=8
[pool-3-thread-9] INFO com.crudsystem.dao.InMemoryProductDAO - Produto criado com sucesso: ID=9
[pool-3-thread-9] INFO com.crudsystem.service.ProductService - Produto criado com sucesso: ID=9
[pool-3-thread-10] INFO com.crudsystem.dao.InMemoryProductDAO - Produto criado com sucesso: ID=10
[pool-3-thread-10] INFO com.crudsystem.service.ProductService - Produto criado com sucesso: ID=10
[pool-3-thread-15] INFO com.crudsystem.dao.InMemoryProductDAO - Produto criado com sucesso: ID=11
[pool-3-thread-15] INFO com.crudsystem.service.ProductService - Produto criado com sucesso: ID=11
[pool-3-thread-13] INFO com.crudsystem.dao.InMemoryProductDAO - Produto criado com sucesso: ID=12
[pool-3-thread-13] INFO com.crudsystem.service.ProductService - Produto criado com sucesso: ID=12
[pool-3-thread-18] INFO com.crudsystem.dao.InMemoryProductDAO - Produto criado com sucesso: ID=19
[pool-3-thread-18] INFO com.crudsystem.service.ProductService - Produto criado com sucesso: ID=19
[pool-3-thread-19] INFO com.crudsystem.dao.InMemoryProductDAO - Produto criado com sucesso: ID=18
[pool-3-thread-19] INFO com.crudsystem.service.ProductService - Produto criado com sucesso: ID=18
[pool-3-thread-17] INFO com.crudsystem.dao.InMemoryProductDAO - Produto criado com sucesso: ID=17
[pool-3-thread-17] INFO com.crudsystem.service.ProductService - Produto criado com sucesso: ID=17
[pool-3-thread-11] INFO com.crudsystem.dao.InMemoryProductDAO - Produto criado com sucesso: ID=15
[pool-3-thread-11] INFO com.crudsystem.service.ProductService - Produto criado com sucesso: ID=15
[pool-3-thread-12] INFO com.crudsystem.dao.InMemoryProductDAO - Produto criado com sucesso: ID=16
[pool-3-thread-14] INFO com.crudsystem.dao.InMemoryProductDAO - Produto criado com sucesso: ID=14
[pool-3-thread-14] INFO com.crudsystem.service.ProductService - Produto criado com sucesso: ID=14
[pool-3-thread-16] INFO com.crudsystem.dao.InMemoryProductDAO - Produto criado com sucesso: ID=13
[pool-3-thread-16] INFO com.crudsystem.service.ProductService - Produto criado com sucesso: ID=13
[pool-3-thread-12] INFO com.crudsystem.service.ProductService - Produto criado com sucesso: ID=16
[pool-3-thread-20] INFO com.crudsystem.dao.InMemoryProductDAO - Produto criado com sucesso: ID=20
[pool-3-thread-21] INFO com.crudsystem.dao.InMemoryProductDAO - Produto criado com sucesso: ID=21
[pool-3-thread-20] INFO com.crudsystem.service.ProductService - Produto criado com sucesso: ID=20
[pool-3-thread-21] INFO com.crudsystem.service.ProductService - Produto criado com sucesso: ID=21
[pool-3-thread-22] INFO com.crudsystem.dao.InMemoryProductDAO - Produto criado com sucesso: ID=22
[pool-3-thread-22] INFO com.crudsystem.service.ProductService - Produto criado com sucesso: ID=22
[pool-3-thread-24] INFO com.crudsystem.dao.InMemoryProductDAO - Produto criado com sucesso: ID=23
[pool-3-thread-24] INFO com.crudsystem.service.ProductService - Produto criado com sucesso: ID=23
[pool-3-thread-25] INFO com.crudsystem.dao.InMemoryProductDAO - Produto criado com sucesso: ID=24
[pool-3-thread-25] INFO com.crudsystem.service.ProductService - Produto criado com sucesso: ID=24
[pool-3-thread-26] INFO com.crudsystem.dao.InMemoryProductDAO - Produto criado com sucesso: ID=25
[pool-3-thread-26] INFO com.crudsystem.service.ProductService - Produto criado com sucesso: ID=25
[pool-3-thread-27] INFO com.crudsystem.dao.InMemoryProductDAO - Produto criado com sucesso: ID=26
[pool-3-thread-27] INFO com.crudsystem.service.ProductService - Produto criado com sucesso: ID=26
[pool-3-thread-28] INFO com.crudsystem.dao.InMemoryProductDAO - Produto criado com sucesso: ID=27
[pool-3-thread-28] INFO com.crudsystem.service.ProductService - Produto criado com sucesso: ID=27
[pool-3-thread-23] INFO com.crudsystem.dao.InMemoryProductDAO - Produto criado com sucesso: ID=28
[pool-3-thread-23] INFO com.crudsystem.service.ProductService - Produto criado com sucesso: ID=28
[pool-3-thread-29] INFO com.crudsystem.dao.InMemoryProductDAO - Produto criado com sucesso: ID=29
[pool-3-thread-29] INFO com.crudsystem.service.ProductService - Produto criado com sucesso: ID=29
[pool-3-thread-30] INFO com.crudsystem.dao.InMemoryProductDAO - Produto criado com sucesso: ID=30
[pool-3-thread-30] INFO com.crudsystem.service.ProductService - Produto criado com sucesso: ID=30
[pool-3-thread-31] INFO com.crudsystem.dao.InMemoryProductDAO - Produto criado com sucesso: ID=31
[pool-3-thread-31] INFO com.crudsystem.service.ProductService - Produto criado com sucesso: ID=31
[pool-3-thread-32] INFO com.crudsystem.dao.InMemoryProductDAO - Produto criado com sucesso: ID=32
[pool-3-thread-32] INFO com.crudsystem.service.ProductService - Produto criado com sucesso: ID=32
[pool-3-thread-33] INFO com.crudsystem.dao.InMemoryProductDAO - Produto criado com sucesso: ID=33
[pool-3-thread-33] INFO com.crudsystem.service.ProductService - Produto criado com sucesso: ID=33
[pool-3-thread-34] INFO com.crudsystem.dao.InMemoryProductDAO - Produto criado com sucesso: ID=34
[pool-3-thread-34] INFO com.crudsystem.service.ProductService - Produto criado com sucesso: ID=34
[pool-3-thread-36] INFO com.crudsystem.dao.InMemoryProductDAO - Produto criado com sucesso: ID=35
[pool-3-thread-36] INFO com.crudsystem.service.ProductService - Produto criado com sucesso: ID=35
[pool-3-thread-37] INFO com.crudsystem.dao.InMemoryProductDAO - Produto criado com sucesso: ID=36
[pool-3-thread-37] INFO com.crudsystem.service.ProductService - Produto criado com sucesso: ID=36
[pool-3-thread-38] INFO com.crudsystem.dao.InMemoryProductDAO - Produto criado com sucesso: ID=37
[pool-3-thread-38] INFO com.crudsystem.service.ProductService - Produto criado com sucesso: ID=37
[pool-3-thread-35] INFO com.crudsystem.dao.InMemoryProductDAO - Produto criado com sucesso: ID=38
[pool-3-thread-35] INFO com.crudsystem.service.ProductService - Produto criado com sucesso: ID=38
[pool-3-thread-39] INFO com.crudsystem.dao.InMemoryProductDAO - Produto criado com sucesso: ID=39
[pool-3-thread-39] INFO com.crudsystem.service.ProductService - Produto criado com sucesso: ID=39
[pool-3-thread-41] INFO com.crudsystem.dao.InMemoryProductDAO - Produto criado com sucesso: ID=40
[pool-3-thread-41] INFO com.crudsystem.service.ProductService - Produto criado com sucesso: ID=40
[pool-3-thread-40] INFO com.crudsystem.dao.InMemoryProductDAO - Produto criado com sucesso: ID=41
[pool-3-thread-40] INFO com.crudsystem.service.ProductService - Produto criado com sucesso: ID=41
[pool-3-thread-42] INFO com.crudsystem.dao.InMemoryProductDAO - Produto criado com sucesso: ID=42
[pool-3-thread-42] INFO com.crudsystem.service.ProductService - Produto criado com sucesso: ID=42
[pool-3-thread-43] INFO com.crudsystem.dao.InMemoryProductDAO - Produto criado com sucesso: ID=43
[pool-3-thread-43] INFO com.crudsystem.service.ProductService - Produto criado com sucesso: ID=43
[pool-3-thread-44] INFO com.crudsystem.dao.InMemoryProductDAO - Produto criado com sucesso: ID=44
[pool-3-thread-44] INFO com.crudsystem.service.ProductService - Produto criado com sucesso: ID=44
[pool-3-thread-45] INFO com.crudsystem.dao.InMemoryProductDAO - Produto criado com sucesso: ID=45
[pool-3-thread-45] INFO com.crudsystem.service.ProductService - Produto criado com sucesso: ID=45
[pool-3-thread-46] INFO com.crudsystem.dao.InMemoryProductDAO - Produto criado com sucesso: ID=46
[pool-3-thread-46] INFO com.crudsystem.service.ProductService - Produto criado com sucesso: ID=46
[pool-3-thread-47] INFO com.crudsystem.dao.InMemoryProductDAO - Produto criado com sucesso: ID=47
[pool-3-thread-47] INFO com.crudsystem.service.ProductService - Produto criado com sucesso: ID=47
[pool-3-thread-48] INFO com.crudsystem.dao.InMemoryProductDAO - Produto criado com sucesso: ID=48
[pool-3-thread-48] INFO com.crudsystem.service.ProductService - Produto criado com sucesso: ID=48
[pool-3-thread-49] INFO com.crudsystem.dao.InMemoryProductDAO - Produto criado com sucesso: ID=49
[pool-3-thread-49] INFO com.crudsystem.service.ProductService - Produto criado com sucesso: ID=49
[pool-3-thread-50] INFO com.crudsystem.dao.InMemoryProductDAO - Produto criado com sucesso: ID=50
[pool-3-thread-50] INFO com.crudsystem.service.ProductService - Produto criado com sucesso: ID=50
]]></system-err>
  </testcase>
  <testcase name="shouldHandleMultipleDeletionsOfSameProduct" classname="com.crudsystem.integration.FailureScenarioTest" time="0.003">
    <system-err><![CDATA[[main] INFO com.crudsystem.dao.InMemoryProductDAO - Todos os produtos foram removidos
[main] INFO com.crudsystem.service.ProductService - ProductService inicializado
[main] INFO com.crudsystem.dao.InMemoryProductDAO - Produto criado com sucesso: ID=1
[main] INFO com.crudsystem.service.ProductService - Produto criado com sucesso: ID=1
[main] INFO com.crudsystem.dao.InMemoryProductDAO - Produto deletado com sucesso: ID=1
[main] INFO com.crudsystem.service.ProductService - Produto deletado com sucesso: ID=1
[main] WARN com.crudsystem.dao.InMemoryProductDAO - Tentativa de deletar produto inexistente: ID=1
[main] WARN com.crudsystem.service.ProductService - Produto não encontrado para deleção: ID=1
]]></system-err>
  </testcase>
  <testcase name="shouldHandleXSSAttempt" classname="com.crudsystem.integration.FailureScenarioTest" time="0.0">
    <system-err><![CDATA[[main] INFO com.crudsystem.dao.InMemoryProductDAO - Todos os produtos foram removidos
[main] INFO com.crudsystem.service.ProductService - ProductService inicializado
[main] INFO com.crudsystem.dao.InMemoryProductDAO - Produto criado com sucesso: ID=1
[main] INFO com.crudsystem.service.ProductService - Produto criado com sucesso: ID=1
]]></system-err>
  </testcase>
  <testcase name="shouldHandleUpdateOfDeletedProduct" classname="com.crudsystem.integration.FailureScenarioTest" time="0.001">
    <system-err><![CDATA[[main] INFO com.crudsystem.dao.InMemoryProductDAO - Todos os produtos foram removidos
[main] INFO com.crudsystem.service.ProductService - ProductService inicializado
[main] INFO com.crudsystem.dao.InMemoryProductDAO - Produto criado com sucesso: ID=1
[main] INFO com.crudsystem.service.ProductService - Produto criado com sucesso: ID=1
[main] INFO com.crudsystem.dao.InMemoryProductDAO - Produto deletado com sucesso: ID=1
[main] INFO com.crudsystem.service.ProductService - Produto deletado com sucesso: ID=1
[main] WARN com.crudsystem.service.ProductService - Produto não encontrado: ID=1
]]></system-err>
  </testcase>
  <testcase name="shouldHandleInvalidIds" classname="com.crudsystem.integration.FailureScenarioTest" time="0.001">
    <system-err><![CDATA[[main] INFO com.crudsystem.dao.InMemoryProductDAO - Todos os produtos foram removidos
[main] INFO com.crudsystem.service.ProductService - ProductService inicializado
[main] WARN com.crudsystem.service.ProductService - Tentativa de buscar produto com ID inválido: null
[main] WARN com.crudsystem.service.ProductService - Tentativa de buscar produto com ID inválido: -1
[main] WARN com.crudsystem.service.ProductService - Tentativa de buscar produto com ID inválido: 0
]]></system-err>
  </testcase>
  <testcase name="shouldHandleUnicodeCharacters" classname="com.crudsystem.integration.FailureScenarioTest" time="0.0">
    <system-err><![CDATA[[main] INFO com.crudsystem.dao.InMemoryProductDAO - Todos os produtos foram removidos
[main] INFO com.crudsystem.service.ProductService - ProductService inicializado
[main] INFO com.crudsystem.dao.InMemoryProductDAO - Produto criado com sucesso: ID=1
[main] INFO com.crudsystem.service.ProductService - Produto criado com sucesso: ID=1
]]></system-err>
  </testcase>
  <testcase name="shouldHandleExtremelyLongInput" classname="com.crudsystem.integration.FailureScenarioTest" time="0.001">
    <system-err><![CDATA[[main] INFO com.crudsystem.dao.InMemoryProductDAO - Todos os produtos foram removidos
[main] INFO com.crudsystem.service.ProductService - ProductService inicializado
]]></system-err>
  </testcase>
  <testcase name="shouldHandleExtremeNumericValues" classname="com.crudsystem.integration.FailureScenarioTest" time="0.001">
    <system-err><![CDATA[[main] INFO com.crudsystem.dao.InMemoryProductDAO - Todos os produtos foram removidos
[main] INFO com.crudsystem.service.ProductService - ProductService inicializado
]]></system-err>
  </testcase>
  <testcase name="shouldHandleSpecialCharacters" classname="com.crudsystem.integration.FailureScenarioTest" time="0.0">
    <system-err><![CDATA[[main] INFO com.crudsystem.dao.InMemoryProductDAO - Todos os produtos foram removidos
[main] INFO com.crudsystem.service.ProductService - ProductService inicializado
[main] INFO com.crudsystem.dao.InMemoryProductDAO - Produto criado com sucesso: ID=1
[main] INFO com.crudsystem.service.ProductService - Produto criado com sucesso: ID=1
]]></system-err>
  </testcase>
  <testcase name="shouldHandleOperationOnNonExistentProduct" classname="com.crudsystem.integration.FailureScenarioTest" time="0.002">
    <system-err><![CDATA[[main] INFO com.crudsystem.dao.InMemoryProductDAO - Todos os produtos foram removidos
[main] INFO com.crudsystem.service.ProductService - ProductService inicializado
[main] WARN com.crudsystem.service.ProductService - Produto não encontrado: ID=999999
[main] WARN com.crudsystem.service.ProductService - Produto não encontrado: ID=999999
[main] WARN com.crudsystem.dao.InMemoryProductDAO - Tentativa de deletar produto inexistente: ID=999999
[main] WARN com.crudsystem.service.ProductService - Produto não encontrado para deleção: ID=999999
]]></system-err>
  </testcase>
  <testcase name="shouldRejectPricesWithMoreThan2Decimals(String)[1]" classname="com.crudsystem.integration.FailureScenarioTest" time="0.001">
    <system-err><![CDATA[[main] INFO com.crudsystem.dao.InMemoryProductDAO - Todos os produtos foram removidos
[main] INFO com.crudsystem.service.ProductService - ProductService inicializado
[main] ERROR com.crudsystem.service.ProductService - Erro de validação ao criar produto: Preço não pode ter mais de 2 casas decimais
]]></system-err>
  </testcase>
  <testcase name="shouldRejectPricesWithMoreThan2Decimals(String)[2]" classname="com.crudsystem.integration.FailureScenarioTest" time="0.001">
    <system-err><![CDATA[[main] INFO com.crudsystem.dao.InMemoryProductDAO - Todos os produtos foram removidos
[main] INFO com.crudsystem.service.ProductService - ProductService inicializado
[main] ERROR com.crudsystem.service.ProductService - Erro de validação ao criar produto: Preço não pode ter mais de 2 casas decimais
]]></system-err>
  </testcase>
  <testcase name="shouldRejectPricesWithMoreThan2Decimals(String)[3]" classname="com.crudsystem.integration.FailureScenarioTest" time="0.001">
    <system-err><![CDATA[[main] INFO com.crudsystem.dao.InMemoryProductDAO - Todos os produtos foram removidos
[main] INFO com.crudsystem.service.ProductService - ProductService inicializado
[main] ERROR com.crudsystem.service.ProductService - Erro de validação ao criar produto: Preço não pode ter mais de 2 casas decimais
]]></system-err>
  </testcase>
  <testcase name="shouldRejectPricesWithMoreThan2Decimals(String)[4]" classname="com.crudsystem.integration.FailureScenarioTest" time="0.001">
    <system-err><![CDATA[[main] INFO com.crudsystem.dao.InMemoryProductDAO - Todos os produtos foram removidos
[main] INFO com.crudsystem.service.ProductService - ProductService inicializado
[main] ERROR com.crudsystem.service.ProductService - Erro de validação ao criar produto: Preço não pode ter mais de 2 casas decimais
]]></system-err>
  </testcase>
  <testcase name="shouldMaintainConsistencyAfterMultipleErrors" classname="com.crudsystem.integration.FailureScenarioTest" time="0.001">
    <system-err><![CDATA[[main] INFO com.crudsystem.dao.InMemoryProductDAO - Todos os produtos foram removidos
[main] INFO com.crudsystem.service.ProductService - ProductService inicializado
[main] INFO com.crudsystem.dao.InMemoryProductDAO - Produto criado com sucesso: ID=1
[main] INFO com.crudsystem.service.ProductService - Produto criado com sucesso: ID=1
[main] INFO com.crudsystem.dao.InMemoryProductDAO - Produto criado com sucesso: ID=2
[main] INFO com.crudsystem.service.ProductService - Produto criado com sucesso: ID=2
]]></system-err>
  </testcase>
  <testcase name="shouldRecoverAfterError" classname="com.crudsystem.integration.FailureScenarioTest" time="0.0">
    <system-err><![CDATA[[main] INFO com.crudsystem.dao.InMemoryProductDAO - Todos os produtos foram removidos
[main] INFO com.crudsystem.service.ProductService - ProductService inicializado
[main] INFO com.crudsystem.dao.InMemoryProductDAO - Produto criado com sucesso: ID=1
[main] INFO com.crudsystem.service.ProductService - Produto criado com sucesso: ID=1
]]></system-err>
  </testcase>
</testsuite>